1532522217089	geckodriver	INFO	geckodriver 0.20.1
1532522217117	geckodriver	INFO	Listening on 127.0.0.1:1643
1532522220288	mozrunner::runner	INFO	Running command: "D:\\Program Files (x86)\\Mozilla Firefox\\firefox.exe" "-marionette" "-profile" "C:\\Users\\ADMINI~1\\AppData\\Local\\Temp\\rust_mozprofile.kkrTcll54qle"
1532522225137	Marionette	INFO	Enabled via --marionette
1532522228797	Marionette	INFO	Listening on port 1653
1532522229494	Marionette	WARN	TLS certificate errors will be ignored for this session
Unable to read VR Path Registry from C:\Users\Administrator\AppData\Local\openvr\openvrpaths.vrpath
JavaScript error: https://ss1.bdstatic.com/5eN1bjq8AAUYm2zgoY3K/r/www/cache/static/protocol/https/plugins/every_cookie_4644b13.js, line 4: ReferenceError: c is not defined
JavaScript error: https://sp0.baidu.com/5a1Fazu8AA54nxGko9WTAnF6hhy/su?wd=pg&json=1&p=3&sid=1428_26458_21083_20719&req=2&csor=2&pwd=p&cb=jQuery110201840499714813747_1532522233215&_=1532522233218, line 1: TypeError: jQuery110201840499714813747_1532522233215 is not a function
JavaScript error: https://sp0.baidu.com/5a1Fazu8AA54nxGko9WTAnF6hhy/su?wd=p&json=1&p=3&sid=1428_26458_21083_20719&req=2&csor=1&cb=jQuery110201840499714813747_1532522233215&_=1532522233217, line 1: TypeError: jQuery110201840499714813747_1532522233215 is not a function
JavaScript error: https://sp0.baidu.com/5a1Fazu8AA54nxGko9WTAnF6hhy/su?wd=pgs&json=1&p=3&sid=1428_26458_21083_20719&req=2&csor=3&pwd=pg&cb=jQuery110201840499714813747_1532522233215&_=1532522233219, line 1: TypeError: jQuery110201840499714813747_1532522233215 is not a function
JavaScript error: https://sp0.baidu.com/5a1Fazu8AA54nxGko9WTAnF6hhy/su?wd=pgsh&json=1&p=3&sid=1428_26458_21083_20719&req=2&csor=4&pwd=pgs&cb=jQuery110201840499714813747_1532522233215&_=1532522233220, line 1: TypeError: jQuery110201840499714813747_1532522233215 is not a function
JavaScript error: https://sp0.baidu.com/5a1Fazu8AA54nxGko9WTAnF6hhy/su?wd=pgshen&json=1&p=3&sid=1428_26458_21083_20719&req=2&csor=6&pwd=pgshe&cb=jQuery110201840499714813747_1532522233215&_=1532522233222, line 1: TypeError: jQuery110201840499714813747_1532522233215 is not a function
JavaScript error: https://sp0.baidu.com/5a1Fazu8AA54nxGko9WTAnF6hhy/su?wd=pgsheng&json=1&p=3&sid=1428_26458_21083_20719&req=2&csor=7&pwd=pgshen&cb=jQuery110201840499714813747_1532522233215&_=1532522233223, line 1: TypeError: jQuery110201840499714813747_1532522233215 is not a function
JavaScript error: https://sp0.baidu.com/5a1Fazu8AA54nxGko9WTAnF6hhy/su?wd=pgshe&json=1&p=3&sid=1428_26458_21083_20719&req=2&csor=5&pwd=pgsh&cb=jQuery110201840499714813747_1532522233215&_=1532522233221, line 1: TypeError: jQuery110201840499714813747_1532522233215 is not a function
Unable to read VR Path Registry from C:\Users\Administrator\AppData\Local\openvr\openvrpaths.vrpath
[Child 6032, Chrome_ChildThread] WARNING: pipe error: 109: file z:/build/build/src/ipc/chromium/src/chrome/common/ipc_channel_win.cc, line 346
[Child 6032, Chrome_ChildThread] WARNING: pipe error: 109: file z:/build/build/src/ipc/chromium/src/chrome/common/ipc_channel_win.cc, line 346
[Child 1412, Chrome_ChildThread] WARNING: pipe error: 109: file z:/build/build/src/ipc/chromium/src/chrome/common/ipc_channel_win.cc, line 346
Unable to read VR Path Registry from C:\Users\Administrator\AppData\Local\openvr\openvrpaths.vrpath
[Child 6128, Chrome_ChildThread] WARNING: pipe error: 109: file z:/build/build/src/ipc/chromium/src/chrome/common/ipc_channel_win.cc, line 346
*** UTM:SVC TimerManager:registerTimer called after profile-before-change notification. Ignoring timer registration for id: telemetry_modules_ping
Unable to read VR Path Registry from C:\Users\Administrator\AppData\Local\openvr\openvrpaths.vrpath
[GPU 4184, Chrome_ChildThread] WARNING: pipe error: 109: file z:/build/build/src/ipc/chromium/src/chrome/common/ipc_channel_win.cc, line 346

###!!! [Child][MessageChannel::SendAndWait] Error: Channel error: cannot send/recv

Unable to read VR Path Registry from C:\Users\Administrator\AppData\Local\openvr\openvrpaths.vrpath
1532522547566	geckodriver	INFO	geckodriver 0.20.1
1532522547583	geckodriver	INFO	Listening on 127.0.0.1:1919
1532522550659	mozrunner::runner	INFO	Running command: "D:\\Program Files (x86)\\Mozilla Firefox\\firefox.exe" "-marionette" "-profile" "C:\\Users\\ADMINI~1\\AppData\\Local\\Temp\\rust_mozprofile.esbI5uS8Ysf6"
1532522552072	Marionette	INFO	Enabled via --marionette
1532522555553	Marionette	INFO	Listening on port 1927
1532522557028	Marionette	WARN	TLS certificate errors will be ignored for this session
Unable to read VR Path Registry from C:\Users\Administrator\AppData\Local\openvr\openvrpaths.vrpath
JavaScript error: https://ss1.bdstatic.com/5eN1bjq8AAUYm2zgoY3K/r/www/cache/static/protocol/https/plugins/every_cookie_4644b13.js, line 4: ReferenceError: c is not defined
JavaScript error: https://sp0.baidu.com/5a1Fazu8AA54nxGko9WTAnF6hhy/su?wd=pg&json=1&p=3&sid=1466_26909_21094_20927&req=2&csor=2&pwd=p&cb=jQuery110208117428617817105_1532522558274&_=1532522558276, line 1: TypeError: jQuery110208117428617817105_1532522558274 is not a function
JavaScript error: https://sp0.baidu.com/5a1Fazu8AA54nxGko9WTAnF6hhy/su?wd=pgs&json=1&p=3&sid=1466_26909_21094_20927&req=2&csor=3&pwd=pg&cb=jQuery110208117428617817105_1532522558274&_=1532522558277, line 1: TypeError: jQuery110208117428617817105_1532522558274 is not a function
JavaScript error: https://sp0.baidu.com/5a1Fazu8AA54nxGko9WTAnF6hhy/su?wd=p&json=1&p=3&sid=1466_26909_21094_20927&req=2&csor=1&cb=jQuery110208117428617817105_1532522558274&_=1532522558275, line 1: TypeError: jQuery110208117428617817105_1532522558274 is not a function
JavaScript error: https://sp0.baidu.com/5a1Fazu8AA54nxGko9WTAnF6hhy/su?wd=pgsh&json=1&p=3&sid=1466_26909_21094_20927&req=2&csor=4&pwd=pgs&cb=jQuery110208117428617817105_1532522558274&_=1532522558278, line 1: TypeError: jQuery110208117428617817105_1532522558274 is not a function
JavaScript error: https://sp0.baidu.com/5a1Fazu8AA54nxGko9WTAnF6hhy/su?wd=pgshe&json=1&p=3&sid=1466_26909_21094_20927&req=2&csor=5&pwd=pgsh&cb=jQuery110208117428617817105_1532522558274&_=1532522558279, line 1: TypeError: jQuery110208117428617817105_1532522558274 is not a function
JavaScript error: https://sp0.baidu.com/5a1Fazu8AA54nxGko9WTAnF6hhy/su?wd=pgsheng&json=1&p=3&sid=1466_26909_21094_20927&req=2&csor=7&pwd=pgshen&cb=jQuery110208117428617817105_1532522558274&_=1532522558281, line 1: TypeError: jQuery110208117428617817105_1532522558274 is not a function
JavaScript error: https://sp0.baidu.com/5a1Fazu8AA54nxGko9WTAnF6hhy/su?wd=pgshen&json=1&p=3&sid=1466_26909_21094_20927&req=2&csor=6&pwd=pgshe&cb=jQuery110208117428617817105_1532522558274&_=1532522558280, line 1: TypeError: jQuery110208117428617817105_1532522558274 is not a function
Unable to read VR Path Registry from C:\Users\Administrator\AppData\Local\openvr\openvrpaths.vrpath
[Child 4240, Chrome_ChildThread] WARNING: pipe error: 109: file z:/build/build/src/ipc/chromium/src/chrome/common/ipc_channel_win.cc, line 346
[Child 4240, Chrome_ChildThread] WARNING: pipe error: 109: file z:/build/build/src/ipc/chromium/src/chrome/common/ipc_channel_win.cc, line 346
[Child 6148, Chrome_ChildThread] WARNING: pipe error: 109: file z:/build/build/src/ipc/chromium/src/chrome/common/ipc_channel_win.cc, line 346

###!!! [Child][RunMessage] Error: Channel closing: too late to send/recv, messages will be lost

[Child 6148, Chrome_ChildThread] WARNING: pipe error: 109: file z:/build/build/src/ipc/chromium/src/chrome/common/ipc_channel_win.cc, line 346
Unable to read VR Path Registry from C:\Users\Administrator\AppData\Local\openvr\openvrpaths.vrpath
[Child 6904, Chrome_ChildThread] WARNING: pipe error: 109: file z:/build/build/src/ipc/chromium/src/chrome/common/ipc_channel_win.cc, line 346
[Child 6904, Chrome_ChildThread] WARNING: pipe error: 109: file z:/build/build/src/ipc/chromium/src/chrome/common/ipc_channel_win.cc, line 346
*** UTM:SVC TimerManager:registerTimer called after profile-before-change notification. Ignoring timer registration for id: telemetry_modules_ping
Unable to read VR Path Registry from C:\Users\Administrator\AppData\Local\openvr\openvrpaths.vrpath
[GPU 2244, Chrome_ChildThread] WARNING: pipe error: 109: file z:/build/build/src/ipc/chromium/src/chrome/common/ipc_channel_win.cc, line 346

###!!! [Child][MessageChannel::SendAndWait] Error: Channel error: cannot send/recv

Unable to read VR Path Registry from C:\Users\Administrator\AppData\Local\openvr\openvrpaths.vrpath
1532522656017	geckodriver	INFO	geckodriver 0.20.1
1532522656034	geckodriver	INFO	Listening on 127.0.0.1:2003
1532522659117	mozrunner::runner	INFO	Running command: "D:\\Program Files (x86)\\Mozilla Firefox\\firefox.exe" "-marionette" "-profile" "C:\\Users\\ADMINI~1\\AppData\\Local\\Temp\\rust_mozprofile.8WY02qVJNnk0"
1532522660594	Marionette	INFO	Enabled via --marionette
1532522663074	Marionette	INFO	Listening on port 2015
1532522663519	Marionette	WARN	TLS certificate errors will be ignored for this session
Unable to read VR Path Registry from C:\Users\Administrator\AppData\Local\openvr\openvrpaths.vrpath
JavaScript error: https://ss1.bdstatic.com/5eN1bjq8AAUYm2zgoY3K/r/www/cache/static/protocol/https/plugins/every_cookie_4644b13.js, line 4: ReferenceError: c is not defined
Unable to read VR Path Registry from C:\Users\Administrator\AppData\Local\openvr\openvrpaths.vrpath
[Child 5212, Chrome_ChildThread] WARNING: pipe error: 109: file z:/build/build/src/ipc/chromium/src/chrome/common/ipc_channel_win.cc, line 346
[Child 7116, Chrome_ChildThread] WARNING: pipe error: 109: file z:/build/build/src/ipc/chromium/src/chrome/common/ipc_channel_win.cc, line 346
Unable to read VR Path Registry from C:\Users\Administrator\AppData\Local\openvr\openvrpaths.vrpath
[Child 6112, Chrome_ChildThread] WARNING: pipe error: 109: file z:/build/build/src/ipc/chromium/src/chrome/common/ipc_channel_win.cc, line 346
[Child 6112, Chrome_ChildThread] WARNING: pipe error: 109: file z:/build/build/src/ipc/chromium/src/chrome/common/ipc_channel_win.cc, line 346
*** UTM:SVC TimerManager:registerTimer called after profile-before-change notification. Ignoring timer registration for id: telemetry_modules_ping
Unable to read VR Path Registry from C:\Users\Administrator\AppData\Local\openvr\openvrpaths.vrpath
1532522825311	geckodriver	INFO	geckodriver 0.20.1
1532522825331	geckodriver	INFO	Listening on 127.0.0.1:2062
1532522828380	mozrunner::runner	INFO	Running command: "D:\\Program Files (x86)\\Mozilla Firefox\\firefox.exe" "-marionette" "-profile" "C:\\Users\\ADMINI~1\\AppData\\Local\\Temp\\rust_mozprofile.NmTv0kqk0lwI"
1532522829977	Marionette	INFO	Enabled via --marionette
1532522832457	Marionette	INFO	Listening on port 2071
1532522833819	Marionette	WARN	TLS certificate errors will be ignored for this session
Unable to read VR Path Registry from C:\Users\Administrator\AppData\Local\openvr\openvrpaths.vrpath
[Parent 5312, Gecko_IOThread] WARNING: pipe error: 109: file z:/build/build/src/ipc/chromium/src/chrome/common/ipc_channel_win.cc, line 346
Unable to read VR Path Registry from C:\Users\Administrator\AppData\Local\openvr\openvrpaths.vrpath
[Child 7052, Chrome_ChildThread] WARNING: pipe error: 109: file z:/build/build/src/ipc/chromium/src/chrome/common/ipc_channel_win.cc, line 346
Unable to read VR Path Registry from C:\Users\Administrator\AppData\Local\openvr\openvrpaths.vrpath
[Child 6388, Chrome_ChildThread] WARNING: pipe error: 109: file z:/build/build/src/ipc/chromium/src/chrome/common/ipc_channel_win.cc, line 346
[Child 6388, Chrome_ChildThread] WARNING: pipe error: 109: file z:/build/build/src/ipc/chromium/src/chrome/common/ipc_channel_win.cc, line 346
Unable to read VR Path Registry from C:\Users\Administrator\AppData\Local\openvr\openvrpaths.vrpath
[Child 7804, Chrome_ChildThread] WARNING: pipe error: 109: file z:/build/build/src/ipc/chromium/src/chrome/common/ipc_channel_win.cc, line 346
[Child 7804, Chrome_ChildThread] WARNING: pipe error: 109: file z:/build/build/src/ipc/chromium/src/chrome/common/ipc_channel_win.cc, line 346
*** UTM:SVC TimerManager:registerTimer called after profile-before-change notification. Ignoring timer registration for id: telemetry_modules_ping

###!!! [Child][MessageChannel::SendAndWait] Error: Channel error: cannot send/recv

1532522848231	geckodriver	INFO	geckodriver 0.20.1
1532522848248	geckodriver	INFO	Listening on 127.0.0.1:2099
1532522851319	mozrunner::runner	INFO	Running command: "D:\\Program Files (x86)\\Mozilla Firefox\\firefox.exe" "-marionette" "-profile" "C:\\Users\\ADMINI~1\\AppData\\Local\\Temp\\rust_mozprofile.GLxZh6bYVjuv"
1532522854562	Marionette	INFO	Enabled via --marionette
1532522857044	Marionette	INFO	Listening on port 2107
1532522858742	Marionette	WARN	TLS certificate errors will be ignored for this session
Unable to read VR Path Registry from C:\Users\Administrator\AppData\Local\openvr\openvrpaths.vrpath
[Child 5684, Chrome_ChildThread] WARNING: pipe error: 109: file z:/build/build/src/ipc/chromium/src/chrome/common/ipc_channel_win.cc, line 346
[Child 5684, Chrome_ChildThread] WARNING: pipe error: 109: file z:/build/build/src/ipc/chromium/src/chrome/common/ipc_channel_win.cc, line 346
Unable to read VR Path Registry from C:\Users\Administrator\AppData\Local\openvr\openvrpaths.vrpath
[Child 3108, Chrome_ChildThread] WARNING: pipe error: 109: file z:/build/build/src/ipc/chromium/src/chrome/common/ipc_channel_win.cc, line 346
Unable to read VR Path Registry from C:\Users\Administrator\AppData\Local\openvr\openvrpaths.vrpath
[Child 6432, Chrome_ChildThread] WARNING: pipe error: 109: file z:/build/build/src/ipc/chromium/src/chrome/common/ipc_channel_win.cc, line 346
[Child 6432, Chrome_ChildThread] WARNING: pipe error: 109: file z:/build/build/src/ipc/chromium/src/chrome/common/ipc_channel_win.cc, line 346
*** UTM:SVC TimerManager:registerTimer called after profile-before-change notification. Ignoring timer registration for id: telemetry_modules_ping
Unable to read VR Path Registry from C:\Users\Administrator\AppData\Local\openvr\openvrpaths.vrpath
[GPU 7564, Chrome_ChildThread] WARNING: pipe error: 109: file z:/build/build/src/ipc/chromium/src/chrome/common/ipc_channel_win.cc, line 346

###!!! [Child][MessageChannel::SendAndWait] Error: Channel error: cannot send/recv

Unable to read VR Path Registry from C:\Users\Administrator\AppData\Local\openvr\openvrpaths.vrpath
.1:2133
1532522873699	mozrunner::runner	INFO	Running command: "D:\\Program Files (x86)\\Mozilla Firefox\\firefox.exe" "-marionette" "-profile" "C:\\Users\\ADMINI~1\\AppData\\Local\\Temp\\rust_mozprofile.ZeNY8I2QMj2s"
1532522875158	Marionette	INFO	Enabled via --marionette
1532522877594	Marionette	INFO	Listening on port 2141
1532522878133	Marionette	WARN	TLS certificate errors will be ignored for this session
Unable to read VR Path Registry from C:\Users\Administrator\AppData\Local\openvr\openvrpaths.vrpath
JavaScript error: https://ss1.bdstatic.com/5eN1bjq8AAUYm2zgoY3K/r/www/cache/static/protocol/https/plugins/every_cookie_4644b13.js, line 4: ReferenceError: c is not defined
JavaScript error: https://sp0.baidu.com/5a1Fazu8AA54nxGko9WTAnF6hhy/su?wd=pg&json=1&p=3&sid=1437_21114_26924_22072&req=2&csor=2&pwd=p&cb=jQuery110209289589446502656_1532522879348&_=1532522879351, line 1: TypeError: jQuery110209289589446502656_1532522879348 is not a function
JavaScript error: https://sp0.baidu.com/5a1Fazu8AA54nxGko9WTAnF6hhy/su?wd=p&json=1&p=3&sid=1437_21114_26924_22072&req=2&csor=1&cb=jQuery110209289589446502656_1532522879348&_=1532522879350, line 1: TypeError: jQuery110209289589446502656_1532522879348 is not a function
JavaScript error: https://sp0.baidu.com/5a1Fazu8AA54nxGko9WTAnF6hhy/su?wd=pgs&json=1&p=3&sid=1437_21114_26924_22072&req=2&csor=3&pwd=pg&cb=jQuery110209289589446502656_1532522879348&_=1532522879352, line 1: TypeError: jQuery110209289589446502656_1532522879348 is not a function
JavaScript error: https://sp0.baidu.com/5a1Fazu8AA54nxGko9WTAnF6hhy/su?wd=pgshen&json=1&p=3&sid=1437_21114_26924_22072&req=2&csor=6&pwd=pgshe&cb=jQuery110209289589446502656_1532522879348&_=1532522879355, line 1: TypeError: jQuery110209289589446502656_1532522879348 is not a function
JavaScript error: https://sp0.baidu.com/5a1Fazu8AA54nxGko9WTAnF6hhy/su?wd=pgsh&json=1&p=3&sid=1437_21114_26924_22072&req=2&csor=4&pwd=pgs&cb=jQuery110209289589446502656_1532522879348&_=1532522879353, line 1: TypeError: jQuery110209289589446502656_1532522879348 is not a function
JavaScript error: https://sp0.baidu.com/5a1Fazu8AA54nxGko9WTAnF6hhy/su?wd=pgsheng&json=1&p=3&sid=1437_21114_26924_22072&req=2&csor=7&pwd=pgshen&cb=jQuery110209289589446502656_1532522879348&_=1532522879356, line 1: TypeError: jQuery110209289589446502656_1532522879348 is not a function
JavaScript error: https://sp0.baidu.com/5a1Fazu8AA54nxGko9WTAnF6hhy/su?wd=pgshe&json=1&p=3&sid=1437_21114_26924_22072&req=2&csor=5&pwd=pgsh&cb=jQuery110209289589446502656_1532522879348&_=1532522879354, line 1: TypeError: jQuery110209289589446502656_1532522879348 is not a function
Unable to read VR Path Registry from C:\Users\Administrator\AppData\Local\openvr\openvrpaths.vrpath
[Parent 6316, Gecko_IOThread] WARNING: pipe error: 109: file z:/build/build/src/ipc/chromium/src/chrome/common/ipc_channel_win.cc, line 346
[Parent 6316, Gecko_IOThread] WARNING: pipe error: 109: file z:/build/build/src/ipc/chromium/src/chrome/common/ipc_channel_win.cc, line 346
[Child 4440, Chrome_ChildThread] WARNING: pipe error: 109: file z:/build/build/src/ipc/chromium/src/chrome/common/ipc_channel_win.cc, line 346
[Child 4440, Chrome_ChildThread] WARNING: pipe error: 109: file z:/build/build/src/ipc/chromium/src/chrome/common/ipc_channel_win.cc, line 346
Unable to read VR Path Registry from C:\Users\Administrator\AppData\Local\openvr\openvrpaths.vrpath
[Child 4120, Chrome_ChildThread] WARNING: pipe error: 109: file z:/build/build/src/ipc/chromium/src/chrome/common/ipc_channel_win.cc, line 346
[Child 4120, Chrome_ChildThread] WARNING: pipe error: 109: file z:/build/build/src/ipc/chromium/src/chrome/common/ipc_channel_win.cc, line 346
Unable to read VR Path Registry from C:\Users\Administrator\AppData\Local\openvr\openvrpaths.vrpath
[Child 8092, Chrome_ChildThread] WARNING: pipe error: 109: file z:/build/build/src/ipc/chromium/src/chrome/common/ipc_channel_win.cc, line 346
[Child 8092, Chrome_ChildThread] WARNING: pipe error: 109: file z:/build/build/src/ipc/chromium/src/chrome/common/ipc_channel_win.cc, line 346
*** UTM:SVC TimerManager:registerTimer called after profile-before-change notification. Ignoring timer registration for id: telemetry_modules_ping
Unable to read VR Path Registry from C:\Users\Administrator\AppData\Local\openvr\openvrpaths.vrpath
[GPU 6160, Chrome_ChildThread] WARNING: pipe error: 109: file z:/build/build/src/ipc/chromium/src/chrome/common/ipc_channel_win.cc, line 346
1532522902593	geckodriver	INFO	geckodriver 0.20.1
1532522902610	geckodriver	INFO	Listening on 127.0.0.1:2209
1532522905704	mozrunner::runner	INFO	Running command: "D:\\Program Files (x86)\\Mozilla Firefox\\firefox.exe" "-marionette" "-profile" "C:\\Users\\ADMINI~1\\AppData\\Local\\Temp\\rust_mozprofile.rXO5w5gEQ08c"
1532522907130	Marionette	INFO	Enabled via --marionette
1532522910423	Marionette	INFO	Listening on port 2217
1532522911279	Marionette	WARN	TLS certificate errors will be ignored for this session
Unable to read VR Path Registry from C:\Users\Administrator\AppData\Local\openvr\openvrpaths.vrpath
JavaScript error: https://sp0.baidu.com/5a1Fazu8AA54nxGko9WTAnF6hhy/su?wd=pg&json=1&p=3&sid=22778_1423_21079_26350_26920_20927&req=2&csor=2&pwd=p&cb=jQuery110205558992078319915_1532522914130&_=1532522914133, line 1: TypeError: jQuery110205558992078319915_1532522914130 is not a function
JavaScript error: https://sp0.baidu.com/5a1Fazu8AA54nxGko9WTAnF6hhy/su?wd=pgs&json=1&p=3&sid=22778_1423_21079_26350_26920_20927&req=2&csor=3&pwd=pg&cb=jQuery110205558992078319915_1532522914130&_=1532522914134, line 1: TypeError: jQuery110205558992078319915_1532522914130 is not a function
JavaScript error: https://sp0.baidu.com/5a1Fazu8AA54nxGko9WTAnF6hhy/su?wd=p&json=1&p=3&sid=22778_1423_21079_26350_26920_20927&req=2&csor=1&cb=jQuery110205558992078319915_1532522914130&_=1532522914132, line 1: TypeError: jQuery110205558992078319915_1532522914130 is not a function
JavaScript error: https://sp0.baidu.com/5a1Fazu8AA54nxGko9WTAnF6hhy/su?wd=pgsh&json=1&p=3&sid=22778_1423_21079_26350_26920_20927&req=2&csor=4&pwd=pgs&cb=jQuery110205558992078319915_1532522914130&_=1532522914135, line 1: TypeError: jQuery110205558992078319915_1532522914130 is not a function
JavaScript error: https://sp0.baidu.com/5a1Fazu8AA54nxGko9WTAnF6hhy/su?wd=pgshe&json=1&p=3&sid=22778_1423_21079_26350_26920_20927&req=2&csor=5&pwd=pgsh&cb=jQuery110205558992078319915_1532522914130&_=1532522914136, line 1: TypeError: jQuery110205558992078319915_1532522914130 is not a function
JavaScript error: https://sp0.baidu.com/5a1Fazu8AA54nxGko9WTAnF6hhy/su?wd=pgsheng&json=1&p=3&sid=22778_1423_21079_26350_26920_20927&req=2&csor=7&pwd=pgshen&cb=jQuery110205558992078319915_1532522914130&_=1532522914138, line 1: TypeError: jQuery110205558992078319915_1532522914130 is not a function
JavaScript error: https://sp0.baidu.com/5a1Fazu8AA54nxGko9WTAnF6hhy/su?wd=pgshen&json=1&p=3&sid=22778_1423_21079_26350_26920_20927&req=2&csor=6&pwd=pgshe&cb=jQuery110205558992078319915_1532522914130&_=1532522914137, line 1: TypeError: jQuery110205558992078319915_1532522914130 is not a function
Unable to read VR Path Registry from C:\Users\Administrator\AppData\Local\openvr\openvrpaths.vrpath
[Parent 7212, Gecko_IOThread] WARNING: pipe error: 109: file z:/build/build/src/ipc/chromium/src/chrome/common/ipc_channel_win.cc, line 346
Unable to read VR Path Registry from C:\Users\Administrator\AppData\Local\openvr\openvrpaths.vrpath
[Child 7516, Chrome_ChildThread] WARNING: pipe error: 109: file z:/build/build/src/ipc/chromium/src/chrome/common/ipc_channel_win.cc, line 346
[Child 7516, Chrome_ChildThread] WARNING: pipe error: 109: file z:/build/build/src/ipc/chromium/src/chrome/common/ipc_channel_win.cc, line 346
[Child 7624, Chrome_ChildThread] WARNING: pipe error: 109: file z:/build/build/src/ipc/chromium/src/chrome/common/ipc_channel_win.cc, line 346
[Child 7624, Chrome_ChildThread] WARNING: pipe error: 109: file z:/build/build/src/ipc/chromium/src/chrome/common/ipc_channel_win.cc, line 346
Unable to read VR Path Registry from C:\Users\Administrator\AppData\Local\openvr\openvrpaths.vrpath
[Child 5544, Chrome_ChildThread] WARNING: pipe error: 109: file z:/build/build/src/ipc/chromium/src/chrome/common/ipc_channel_win.cc, line 346
*** UTM:SVC TimerManager:registerTimer called after profile-before-change notification. Ignoring timer registration for id: telemetry_modules_ping

###!!! [Child][MessageChannel::SendAndWait] Error: Channel error: cannot send/recv

1532523016348	geckodriver	INFO	geckodriver 0.20.1
1532523016365	geckodriver	INFO	Listening on 127.0.0.1:2286
1532523019404	mozrunner::runner	INFO	Running command: "D:\\Program Files (x86)\\Mozilla Firefox\\firefox.exe" "-marionette" "-profile" "C:\\Users\\ADMINI~1\\AppData\\Local\\Temp\\rust_mozprofile.dfDX8tRKnxEm"
1532523020899	Marionette	INFO	Enabled via --marionette
1532523024300	Marionette	INFO	Listening on port 2294
1532523024490	addons.xpi	WARN	Exception running bootstrap method shutdown on activity-stream@mozilla.org: [Exception... "Component returned failure code: 0x80004005 (NS_ERROR_FAILURE) [nsIObserverService.removeObserver]"  nsresult: "0x80004005 (NS_ERROR_FAILURE)"  location: "JS frame :: resource://activity-stream/lib/SnippetsFeed.jsm :: uninit :: line 125"  data: no] Stack trace: uninit()@resource://activity-stream/lib/SnippetsFeed.jsm:125 < onAction()@resource://activity-stream/lib/SnippetsFeed.jsm:141 < _middleware/</<()@resource://activity-stream/lib/Store.jsm:51 < Store/this[method]()@resource://activity-stream/lib/Store.jsm:30 < uninit()@resource://activity-stream/lib/Store.jsm:153 < uninit()@resource://activity-stream/lib/ActivityStream.jsm:278 < uninit()@resource://gre/modules/addons/XPIProvider.jsm -> jar:file:///D:/Program%20Files%20(x86)/Mozilla%20Firefox/browser/features/activity-stream@mozilla.org.xpi!/bootstrap.js:80 < shutdown()@resource://gre/modules/addons/XPIProvider.jsm -> jar:file:///D:/Program%20Files%20(x86)/Mozilla%20Firefox/browser/features/activity-stream@mozilla.org.xpi!/bootstrap.js:196 < callBootstrapMethod()@resource://gre/modules/addons/XPIProvider.jsm:4406 < observe()@resource://gre/modules/addons/XPIProvider.jsm:2270
Unable to read VR Path Registry from C:\Users\Administrator\AppData\Local\openvr\openvrpaths.vrpath
[Parent 5748, Gecko_IOThread] WARNING: pipe error: 109: file z:/build/build/src/ipc/chromium/src/chrome/common/ipc_channel_win.cc, line 346
Unable to read VR Path Registry from C:\Users\Administrator\AppData\Local\openvr\openvrpaths.vrpath
[Child 8036, Chrome_ChildThread] WARNING: pipe error: 109: file z:/build/build/src/ipc/chromium/src/chrome/common/ipc_channel_win.cc, line 346
[Child 8036, Chrome_ChildThread] WARNING: pipe error: 109: file z:/build/build/src/ipc/chromium/src/chrome/common/ipc_channel_win.cc, line 346
Promise rejected while context is inactive: Message manager disconnected
Unable to read VR Path Registry from C:\Users\Administrator\AppData\Local\openvr\openvrpaths.vrpath
[Child 7316, Chrome_ChildThread] WARNING: pipe error: 109: file z:/build/build/src/ipc/chromium/src/chrome/common/ipc_channel_win.cc, line 346
[Child 7316, Chrome_ChildThread] WARNING: pipe error: 109: file z:/build/build/src/ipc/chromium/src/chrome/common/ipc_channel_win.cc, line 346
Unable to read VR Path Registry from C:\Users\Administrator\AppData\Local\openvr\openvrpaths.vrpath
[Child 7364, Chrome_ChildThread] WARNING: pipe error: 109: file z:/build/build/src/ipc/chromium/src/chrome/common/ipc_channel_win.cc, line 346
[Child 7364, Chrome_ChildThread] WARNING: pipe error: 109: file z:/build/build/src/ipc/chromium/src/chrome/common/ipc_channel_win.cc, line 346
*** UTM:SVC TimerManager:registerTimer called after profile-before-change notification. Ignoring timer registration for id: telemetry_modules_ping
1532523105843	geckodriver	INFO	geckodriver 0.20.1
1532523105870	geckodriver	INFO	Listening on 127.0.0.1:2330
1532523108931	mozrunner::runner	INFO	Running command: "D:\\Program Files (x86)\\Mozilla Firefox\\firefox.exe" "-marionette" "-profile" "C:\\Users\\ADMINI~1\\AppData\\Local\\Temp\\rust_mozprofile.PAoKfTL1OcX4"
1532523110455	Marionette	INFO	Enabled via --marionette
[GFX1-]: Failed to OpenSharedResource for SyncObjectD3D11: 0x80070057
1532523113742	Marionette	INFO	Listening on port 2338
1532523114428	Marionette	WARN	TLS certificate errors will be ignored for this session
Unable to read VR Path Registry from C:\Users\Administrator\AppData\Local\openvr\openvrpaths.vrpath
[Child 8084, Chrome_ChildThread] WARNING: pipe error: 109: file z:/build/build/src/ipc/chromium/src/chrome/common/ipc_channel_win.cc, line 346
Unable to read VR Path Registry from C:\Users\Administrator\AppData\Local\openvr\openvrpaths.vrpath
[Child 6076, Chrome_ChildThread] WARNING: pipe error: 109: file z:/build/build/src/ipc/chromium/src/chrome/common/ipc_channel_win.cc, line 346
[Child 6076, Chrome_ChildThread] WARNING: pipe error: 109: file z:/build/build/src/ipc/chromium/src/chrome/common/ipc_channel_win.cc, line 346
*** UTM:SVC TimerManager:registerTimer called after profile-before-change notification. Ignoring timer registration for id: telemetry_modules_ping
Unable to read VR Path Registry from C:\Users\Administrator\AppData\Local\openvr\openvrpaths.vrpath
[GPU 7976, Chrome_ChildThread] WARNING: pipe error: 109: file z:/build/build/src/ipc/chromium/src/chrome/common/ipc_channel_win.cc, line 346
Unable to read VR Path Registry from C:\Users\Administrator\AppData\Local\openvr\openvrpaths.vrpath
1532523198387	geckodriver	INFO	geckodriver 0.20.1
1532523198404	geckodriver	INFO	Listening on 127.0.0.1:2384
1532523201447	mozrunner::runner	INFO	Running command: "D:\\Program Files (x86)\\Mozilla Firefox\\firefox.exe" "-marionette" "-profile" "C:\\Users\\ADMINI~1\\AppData\\Local\\Temp\\rust_mozprofile.PSBoLOj7cu9t"
1532523202918	Marionette	INFO	Enabled via --marionette
[GFX1-]: Failed to OpenSharedResource for SyncObjectD3D11: 0x80070057
1532523206254	Marionette	INFO	Listening on port 2396
1532523208650	Marionette	WARN	TLS certificate errors will be ignored for this session
Unable to read VR Path Registry from C:\Users\Administrator\AppData\Local\openvr\openvrpaths.vrpath
JavaScript error: https://ss1.bdstatic.com/5eN1bjq8AAUYm2zgoY3K/r/www/cache/static/protocol/https/plugins/every_cookie_4644b13.js, line 4: ReferenceError: c is not defined
Unable to read VR Path Registry from C:\Users\Administrator\AppData\Local\openvr\openvrpaths.vrpath
[Child 7400, Chrome_ChildThread] WARNING: pipe error: 109: file z:/build/build/src/ipc/chromium/src/chrome/common/ipc_channel_win.cc, line 346
[Child 7400, Chrome_ChildThread] WARNING: pipe error: 109: file z:/build/build/src/ipc/chromium/src/chrome/common/ipc_channel_win.cc, line 346
Unable to read VR Path Registry from C:\Users\Administrator\AppData\Local\openvr\openvrpaths.vrpath
[Parent 9036, Gecko_IOThread] WARNING: pipe error: 109: file z:/build/build/src/ipc/chromium/src/chrome/common/ipc_channel_win.cc, line 346
[Child 6400, Chrome_ChildThread] WARNING: pipe error: 109: file z:/build/build/src/ipc/chromium/src/chrome/common/ipc_channel_win.cc, line 346
[Child 6400, Chrome_ChildThread] WARNING: pipe error: 109: file z:/build/build/src/ipc/chromium/src/chrome/common/ipc_channel_win.cc, line 346
Unable to read VR Path Registry from C:\Users\Administrator\AppData\Local\openvr\openvrpaths.vrpath
[Child 7396, Chrome_ChildThread] WARNING: pipe error: 109: file z:/build/build/src/ipc/chromium/src/chrome/common/ipc_channel_win.cc, line 346
*** UTM:SVC TimerManager:registerTimer called after profile-before-change notification. Ignoring timer registration for id: telemetry_modules_ping
[Parent 9036, Gecko_IOThread] WARNING: pipe error: 232: file z:/build/build/src/ipc/chromium/src/chrome/common/ipc_channel_win.cc, line 513

###!!! [Child][MessageChannel::SendAndWait] Error: Channel error: cannot send/recv

1532567319780	geckodriver	INFO	geckodriver 0.21.0
1532567319805	geckodriver	INFO	Listening on 127.0.0.1:55846
1532567322856	mozrunner::runner	INFO	Running command: "C:\\ABasicSoftware\\Mozilla Firefox\\firefox.exe" "-marionette" "-foreground" "-no-remote" "-profile" "C:\\Users\\pgsheng\\AppData\\Local\\Temp\\rust_mozprofile.8Ab2EBddWwzc"
Unable to read VR Path Registry from C:\Users\pgsheng\AppData\Local\openvr\openvrpaths.vrpath
Unable to read VR Path Registry from C:\Users\pgsheng\AppData\Local\openvr\openvrpaths.vrpath
Unable to read VR Path Registry from C:\Users\pgsheng\AppData\Local\openvr\openvrpaths.vrpath
Unable to read VR Path Registry from C:\Users\pgsheng\AppData\Local\openvr\openvrpaths.vrpath
Unable to read VR Path Registry from C:\Users\pgsheng\AppData\Local\openvr\openvrpaths.vrpath
1532567325264	Marionette	INFO	Listening on port 55854
1532567325594	Marionette	WARN	TLS certificate errors will be ignored for this session
JavaScript error: https://ss1.bdstatic.com/5eN1bjq8AAUYm2zgoY3K/r/www/cache/static/protocol/https/plugins/every_cookie_4644b13.js, line 4: ReferenceError: c is not defined
[Child 4380, Chrome_ChildThread] WARNING: pipe error: 109: file z:/build/build/src/ipc/chromium/src/chrome/common/ipc_channel_win.cc, line 346
[Child 4380, Chrome_Ch[Parent 1452, Gecko_IOThread] WARNING: pipe error: 109: file z:/build/build/src/ipc/chromium/src/chrome/common/ipc_channel_win.cc, line 346
[Child 6452, Chrome_ChildThread] WARNING: pipe error: 109: file z:/build/build/src/ipc/chromium/src/chrome/common/ipc_channel_win.cc, line 346
[Child 6[Parent 1452, Gecko_IOThread] WARNING: pipe error: 109: file z:/build/build/src/ipc/chromium/src/chrome/common/ipc_channel_win.cc, line 346
[Child 15228, Chrome_ChildThread] WARNING: pipe error: 109: file z:/build/build/src/ipc/chromium/src/chrome/common/ipc_channel_win.cc, line 346
[Child 15228, Chrom*** UTM:SVC TimerManager:registerTimer called after profile-before-change notification. Ignoring timer registration for id: telemetry_modules_ping
[GPU 1616
###!!! [Child][MessageChannel::SendAndWait] Error: Channel error: cannot send/recv

1532567336191	geckodriver	INFO	geckodriver 0.21.0
1532567336201	geckodriver	INFO	Listening on 127.0.0.1:55881
1532567339231	mozrunner::runner	INFO	Running command: "C:\\ABasicSoftware\\Mozilla Firefox\\firefox.exe" "-marionette" "-foreground" "-no-remote" "-profile" "C:\\Users\\pgsheng\\AppData\\Local\\Temp\\rust_mozprofile.GpZttSxFmh10"
Unable to read VR Path Registry from C:\Users\pgsheng\AppData\Local\openvr\openvrpaths.vrpath
Unable to read VR Path Registry from C:\Users\pgsheng\AppData\Local\openvr\openvrpaths.vrpath
Unable to read VR Path Registry from C:\Users\pgsheng\AppData\Local\openvr\openvrpaths.vrpath
Unable to read VR Path Registry from C:\Users\pgsheng\AppData\Local\openvr\openvrpaths.vrpath
Unable to read VR Path Registry from C:\Users\pgsheng\AppData\Local\openvr\openvrpaths.vrpath
1532567341540	Marionette	INFO	Listening on port 55889
1532567341963	Marionette	WARN	TLS certificate errors will be ignored for this session
JavaScript error: https://ss1.bdstatic.com/5eN1bjq8AAUYm2zgoY3K/r/www/cache/static/protocol/https/plugins/every_cookie_4644b13.js, line 4: ReferenceError: c is not defined
[Child 12020, Chrome_ChildThread] WARNING: pipe error: 109: file z:/build/build/src/ipc/chromium/src/chrome/common/ipc_channel_win.cc, line 346
[Child 12020, Chrome_Chi[Parent 12328, Gecko_IOThread] WARNING: pipe error: 109: file z:/build/build/src/ipc/chromium/src/chrome/common/ipc_channel_win.cc, line 346
[Child 14084, Chrome_ChildThread] WARNING: pipe error: 109: file z:/build/build/src/ipc/chromium/src/chrome/common/ipc_channel_win.cc, line 346
[Child 14084, C[Parent 12328, Gecko_IOThread] WARNING: pipe error: 109: file z:/build/build/src/ipc/chromium/src/chrome/common/ipc_channel_win.cc, line 346
[Child 15656, Chrome_ChildThread] WARNING: pipe error: 109: file z:/build/build/src/ipc/chromium/src/chrome/common/ipc_channel_win.cc, line 346
[Child 156*** UTM:SVC TimerManager:registerTimer called after profile-before-change notification. Ignoring timer registration for id: telemetry_modules_ping
[GPU 1143
###!!! [Child][MessageChannel::SendAndWait] Error: Channel error: cannot send/recv

1532567368549	geckodriver	INFO	geckodriver 0.21.0
1532567368559	geckodriver	INFO	Listening on 127.0.0.1:55916
1532567371632	mozrunner::runner	INFO	Running command: "C:\\ABasicSoftware\\Mozilla Firefox\\firefox.exe" "-marionette" "-foreground" "-no-remote" "-profile" "C:\\Users\\pgsheng\\AppData\\Local\\Temp\\rust_mozprofile.8hbNv7wVAAA7"
Unable to read VR Path Registry from C:\Users\pgsheng\AppData\Local\openvr\openvrpaths.vrpath
Unable to read VR Path Registry from C:\Users\pgsheng\AppData\Local\openvr\openvrpaths.vrpath
Unable to read VR Path Registry from C:\Users\pgsheng\AppData\Local\openvr\openvrpaths.vrpath
Unable to read VR Path Registry from C:\Users\pgsheng\AppData\Local\openvr\openvrpaths.vrpath
Unable to read VR Path Registry from C:\Users\pgsheng\AppData\Local\openvr\openvrpaths.vrpath
1532567373874	Marionette	INFO	Listening on port 55924
1532567374384	Marionette	WARN	TLS certificate errors will be ignored for this session
JavaScript error: https://ss1.bdstatic.com/5eN1bjq8AAUYm2zgoY3K/r/www/cache/static/protocol/https/plugins/every_cookie_4644b13.js, line 4: ReferenceError: c is not defined
[Parent 7048, Gecko_IOThread] WARNING: pipe error: 109: file z:/build/build/src/ipc/chromium/src/chrome/common/ipc_channel_win.cc, line 346
[Child 13724, Chrome_ChildThread] WARNING: pipe error: 109: file z:/build/build/src/ipc/chromium/src/chrome/common/ipc_channel_win.cc, line 346
[Child 13[Parent 7048, Gecko_IOThread] WARNING: pipe error: 109: file z:/build/build/src/ipc/chromium/src/chrome/common/ipc_channel_win.cc, line 346
[Child 8892, Chrome_ChildThread] WARNING: pipe error: 109: file z:/build/build/src/ipc/chromium/src/chrome/common/ipc_channel_win.cc, line 346
[Child 88[Parent 7048, Gecko_IOThread] WARNING: pipe error: 109: file z:/build/build/src/ipc/chromium/src/chrome/common/ipc_channel_win.cc, line 346
[Child 12056, Chrome_ChildThread] WARNING: pipe error: 109: file z:/build/build/src/ipc/chromium/src/chrome/common/ipc_channel_win.cc, line 346
[Child 1*** UTM:SVC TimerManager:registerTimer called after profile-before-change notification. Ignoring timer registration for id: telemetry_modules_ping
[GPU 7040, Ch
###!!! [Child][MessageChannel::SendAndWait] Error: Channel error: cannot send/recv

1532567460048	geckodriver	INFO	geckodriver 0.21.0
1532567460058	geckodriver	INFO	Listening on 127.0.0.1:55972
1532567463127	mozrunner::runner	INFO	Running command: "C:\\ABasicSoftware\\Mozilla Firefox\\firefox.exe" "-marionette" "-foreground" "-no-remote" "-profile" "C:\\Users\\pgsheng\\AppData\\Local\\Temp\\rust_mozprofile.eaPU8HSmOHpF"
Unable to read VR Path Registry from C:\Users\pgsheng\AppData\Local\openvr\openvrpaths.vrpath
Unable to read VR Path Registry from C:\Users\pgsheng\AppData\Local\openvr\openvrpaths.vrpath
Unable to read VR Path Registry from C:\Users\pgsheng\AppData\Local\openvr\openvrpaths.vrpath
Unable to read VR Path Registry from C:\Users\pgsheng\AppData\Local\openvr\openvrpaths.vrpath
Unable to read VR Path Registry from C:\Users\pgsheng\AppData\Local\openvr\openvrpaths.vrpath
1532567465399	Marionette	INFO	Listening on port 55980
1532567465865	Marionette	WARN	TLS certificate errors will be ignored for this session
JavaScript error: https://ss1.bdstatic.com/5eN1bjq8AAUYm2zgoY3K/r/www/cache/static/protocol/https/plugins/every_cookie_4644b13.js, line 4: ReferenceError: c is not defined
JavaScript error: https://sp0.baidu.com/5a1Fazu8AA54nxGko9WTAnF6hhy/su?wd=pgsh&json=1&p=3&sid=1435_21093_22072&req=2&csor=4&pwd=pgs&cb=jQuery1102038557856057537077_1532567466207&_=1532567466212, line 1: TypeError: jQuery1102038557856057537077_1532567466207 is not a function
[Parent 10332, Gecko_IOThread] WARNING: pipe error: 109: file z:/build/build/src/ipc/chromium/src/chrome/common/ipc_channel_win.cc, line 346
[Child 1936, Chrome_ChildThread] WARNING: pipe error: 109: file z:/build/build/src/ipc/chromium/src/chrome/common/ipc_channel_win.cc, line 346
[Child [Parent 10332, Gecko_IOThread] WARNING: pipe error: 109: file z:/build/build/src/ipc/chromium/src/chrome/common/ipc_channel_win.cc, line 346
[Child 12744, Chrome_ChildThread] WARNING: pipe error: 109: file z:/build/build/src/ipc/chromium/src/chrome/common/ipc_channel_win.cc, line 346
[Child 12744, Chrome_Chil[Parent 10332, Gecko_IOThread] WARNING: pipe error: 109: file z:/build/build/src/ipc/chromium/src/chrome/common/ipc_channel_win.cc, line 346
[Child 12508, Chrome_ChildThread] WARNING: pipe error: 109: file z:/build/build/src/ipc/chromium/src/chrome/common/ipc_channel_win.cc, line 346
[Child 12*** UTM:SVC TimerManager:registerTimer called after profile-before-change notification. Ignoring timer registration for id: telemetry_modules_ping
[GPU 4784, Ch
###!!! [Child][MessageChannel::SendAndWait] Error: Channel error: cannot send/recv

1532567488302	geckodriver	INFO	geckodriver 0.21.0
1532567488313	geckodriver	INFO	Listening on 127.0.0.1:56029
1532567491381	mozrunner::runner	INFO	Running command: "C:\\ABasicSoftware\\Mozilla Firefox\\firefox.exe" "-marionette" "-foreground" "-no-remote" "-profile" "C:\\Users\\pgsheng\\AppData\\Local\\Temp\\rust_mozprofile.xdtYJaZNsjE8"
Unable to read VR Path Registry from C:\Users\pgsheng\AppData\Local\openvr\openvrpaths.vrpath
Unable to read VR Path Registry from C:\Users\pgsheng\AppData\Local\openvr\openvrpaths.vrpath
Unable to read VR Path Registry from C:\Users\pgsheng\AppData\Local\openvr\openvrpaths.vrpath
Unable to read VR Path Registry from C:\Users\pgsheng\AppData\Local\openvr\openvrpaths.vrpath
Unable to read VR Path Registry from C:\Users\pgsheng\AppData\Local\openvr\openvrpaths.vrpath
1532567493688	Marionette	INFO	Listening on port 56037
1532567494112	Marionette	WARN	TLS certificate errors will be ignored for this session
JavaScript error: https://ss1.bdstatic.com/5eN1bjq8AAUYm2zgoY3K/r/www/cache/static/protocol/https/plugins/every_cookie_4644b13.js, line 4: ReferenceError: c is not defined
JavaScript error: https://sp0.baidu.com/5a1Fazu8AA54nxGko9WTAnF6hhy/su?wd=pgshen&json=1&p=3&sid=1438_21081_26350_26923_20719&req=2&csor=6&pwd=pgshe&cb=jQuery1102011726278525490885_1532567494460&_=1532567494467, line 1: TypeError: jQuery1102011726278525490885_1532567494460 is not a function
JavaScript error: https://sp0.baidu.com/5a1Fazu8AA54nxGko9WTAnF6hhy/su?wd=pgsh&json=1&p=3&sid=1438_21081_26350_26923_20719&req=2&csor=4&pwd=pgs&cb=jQuery1102011726278525490885_1532567494460&_=1532567494465, line 1: TypeError: jQuery1102011726278525490885_1532567494460 is not a function
JavaScript error: https://sp0.baidu.com/5a1Fazu8AA54nxGko9WTAnF6hhy/su?wd=pgshe&json=1&p=3&sid=1438_21081_26350_26923_20719&req=2&csor=5&pwd=pgsh&cb=jQuery1102011726278525490885_1532567494460&_=1532567494466, line 1: TypeError: jQuery1102011726278525490885_1532567494460 is not a function
[Parent 13796, Gecko_IOThread] WARNING: pipe error: 109: file z:/build/build/src/ipc/chromium/src/chrome/common/ipc_channel_win.cc, line 346
[Child 11976, Chrome_ChildThread] WARNING: pipe error: 109: file z:/build/build/src/ipc/chromium/src/chrome/common/ipc_channel_win.cc, line 346
[Child 11976[Parent 13796, Gecko_IOThread] WARNING: pipe error: 109: file z:/build/build/src/ipc/chromium/src/chrome/common/ipc_channel_win.cc, line 346
[Child 13836, Chrome_ChildThread] WARNING: pipe error: 109: file z:/build/build/src/ipc/chromium/src/chrome/common/ipc_channel_win.cc, line 346
[Child 13836, Chrome_[Parent 13796, Gecko_IOThread] WARNING: pipe error: 109: file z:/build/build/src/ipc/chromium/src/chrome/common/ipc_channel_win.cc, line 346
[Child 11280, Chrome_ChildThread] WARNING: pipe error: 109: file z:/build/build/src/ipc/chromium/src/chrome/common/ipc_channel_win.cc, line 346
[Child 11280*** UTM:SVC TimerManager:registerTimer called after profile-before-change notification. Ignoring timer registration for id: telemetry_modules_ping
[GPU 15784, Chr
###!!! [Child][MessageChannel::SendAndWait] Error: Channel error: cannot send/recv

1532567709452	geckodriver	INFO	geckodriver 0.21.0
1532567709461	geckodriver	INFO	Listening on 127.0.0.1:56087
1532567712537	mozrunner::runner	INFO	Running command: "C:\\ABasicSoftware\\Mozilla Firefox\\firefox.exe" "-marionette" "-foreground" "-no-remote" "-profile" "C:\\Users\\pgsheng\\AppData\\Local\\Temp\\rust_mozprofile.d4XcnbxF3vFW"
Unable to read VR Path Registry from C:\Users\pgsheng\AppData\Local\openvr\openvrpaths.vrpath
Unable to read VR Path Registry from C:\Users\pgsheng\AppData\Local\openvr\openvrpaths.vrpath
Unable to read VR Path Registry from C:\Users\pgsheng\AppData\Local\openvr\openvrpaths.vrpath
Unable to read VR Path Registry from C:\Users\pgsheng\AppData\Local\openvr\openvrpaths.vrpath
Unable to read VR Path Registry from C:\Users\pgsheng\AppData\Local\openvr\openvrpaths.vrpath
1532567715040	Marionette	INFO	Listening on port 56095
1532567715304	Marionette	WARN	TLS certificate errors will be ignored for this session
JavaScript error: https://ss1.bdstatic.com/5eN1bjq8AAUYm2zgoY3K/r/www/cache/static/protocol/https/plugins/every_cookie_4644b13.js, line 4: ReferenceError: c is not defined
[Parent 15724, Gecko_IOThread] WARNING: pipe error: 109: file z:/build/build/src/ipc/chromium/src/chrome/common/ipc_channel_win.cc, line 346
[Child 3932, Chrome_ChildThread] WARNING: pipe error: 109: file z:/build/build/src/ipc/chromium/src/chrome/common/ipc_channel_win.cc, line 346
[Child 3932, Chr[Parent 15724, Gecko_IOThread] WARNING: pipe error: 109: file z:/build/build/src/ipc/chromium/src/chrome/common/ipc_channel_win.cc, line 346
[Child 11488, Chrome_ChildThread] WARNING: pipe error: 109: file z:/build/build/src/ipc/chromium/src/chrome/common/ipc_channel_win.cc, line 346
[Child 1148[Parent 15724, Gecko_IOThread] WARNING: pipe error: 109: file z:/build/build/src/ipc/chromium/src/chrome/common/ipc_channel_win.cc, line 346
[Child 11860, Chrome_ChildThread] WARNING: pipe error: 109: file z:/build/build/src/ipc/chromium/src/chrome/common/ipc_channel_win.cc, line 346
[Child 11*** UTM:SVC TimerManager:registerTimer called after profile-before-change notification. Ignoring timer registration for id: telemetry_modules_ping
[GPU
###!!! [Child][MessageChannel::SendAndWait] Error: Channel error: cannot send/recv

1532567756593	geckodriver	INFO	geckodriver 0.21.0
1532567756604	geckodriver	INFO	Listening on 127.0.0.1:56150
1532567759642	mozrunner::runner	INFO	Running command: "C:\\ABasicSoftware\\Mozilla Firefox\\firefox.exe" "-marionette" "-foreground" "-no-remote" "-profile" "C:\\Users\\pgsheng\\AppData\\Local\\Temp\\rust_mozprofile.ts5bXEm55qYd"
Unable to read VR Path Registry from C:\Users\pgsheng\AppData\Local\openvr\openvrpaths.vrpath
Unable to read VR Path Registry from C:\Users\pgsheng\AppData\Local\openvr\openvrpaths.vrpath
Unable to read VR Path Registry from C:\Users\pgsheng\AppData\Local\openvr\openvrpaths.vrpath
Unable to read VR Path Registry from C:\Users\pgsheng\AppData\Local\openvr\openvrpaths.vrpath
Unable to read VR Path Registry from C:\Users\pgsheng\AppData\Local\openvr\openvrpaths.vrpath
1532567761857	Marionette	INFO	Listening on port 56158
1532567761890	Marionette	WARN	TLS certificate errors will be ignored for this session
JavaScript error: https://ss1.bdstatic.com/5eN1bjq8AAUYm2zgoY3K/r/www/cache/static/protocol/https/plugins/every_cookie_4644b13.js, line 4: ReferenceError: c is not defined
JavaScript error: https://sp0.baidu.com/5a1Fazu8AA54nxGko9WTAnF6hhy/su?wd=pgsh&json=1&p=3&sid=1437_21078_18559_26809&req=2&csor=4&pwd=pgs&cb=jQuery1102017523980524922456_1532567762225&_=1532567762230, line 1: TypeError: jQuery1102017523980524922456_1532567762225 is not a function
JavaScript error: https://sp0.baidu.com/5a1Fazu8AA54nxGko9WTAnF6hhy/su?wd=pgshen&json=1&p=3&sid=1437_21078_18559_26809&req=2&csor=6&pwd=pgshe&cb=jQuery1102017523980524922456_1532567762225&_=1532567762232, line 1: TypeError: jQuery1102017523980524922456_1532567762225 is not a function
JavaScript error: https://sp0.baidu.com/5a1Fazu8AA54nxGko9WTAnF6hhy/su?wd=pgs&json=1&p=3&sid=1437_21078_18559_26809&req=2&csor=3&pwd=pg&cb=jQuery1102017523980524922456_1532567762225&_=1532567762229, line 1: TypeError: jQuery1102017523980524922456_1532567762225 is not a function
JavaScript error: https://sp0.baidu.com/5a1Fazu8AA54nxGko9WTAnF6hhy/su?wd=pgshe&json=1&p=3&sid=1437_21078_18559_26809&req=2&csor=5&pwd=pgsh&cb=jQuery1102017523980524922456_1532567762225&_=1532567762231, line 1: TypeError: jQuery1102017523980524922456_1532567762225 is not a function
[Child 12460, Chrome_ChildThread] WARNING: pipe error: 109: file z:/build/build/src/ipc/chromium/src/chrome/common/ipc_channel_win.cc, line 346
[Child[Parent 4256, Gecko_IOThread] WARNING: pipe error: 109: file z:/build/build/src/ipc/chromium/src/chrome/common/ipc_channel_win.cc, line 346
[Child 11788, Chrome_ChildThread] WARNING: pipe error: 109: file z:/build/build/src/ipc/chromium/src/chrome/common/ipc_channel_win.cc, line 346
[Child 11788, Ch[Parent 4256, Gecko_IOThread] WARNING: pipe error: 109: file z:/build/build/src/ipc/chromium/src/chrome/common/ipc_channel_win.cc, line 346
[Child 10220, Chrome_ChildThread] WARNING: pipe error: 109: file z:/build/build/src/ipc/chromium/src/chrome/common/ipc_channel_win.cc, line 346
[Child *** UTM:SVC TimerManager:registerTimer called after profile-before-change notification. Ignoring timer registration for id: telemetry_modules_ping
[GPU 5204, 
###!!! [Child][MessageChannel::SendAndWait] Error: Channel error: cannot send/recv

1532567801692	geckodriver	INFO	geckodriver 0.21.0
1532567801703	geckodriver	INFO	Listening on 127.0.0.1:56207
1532567804746	mozrunner::runner	INFO	Running command: "C:\\ABasicSoftware\\Mozilla Firefox\\firefox.exe" "-marionette" "-foreground" "-no-remote" "-profile" "C:\\Users\\pgsheng\\AppData\\Local\\Temp\\rust_mozprofile.kEIYS2FOgEZf"
Unable to read VR Path Registry from C:\Users\pgsheng\AppData\Local\openvr\openvrpaths.vrpath
Unable to read VR Path Registry from C:\Users\pgsheng\AppData\Local\openvr\openvrpaths.vrpath
Unable to read VR Path Registry from C:\Users\pgsheng\AppData\Local\openvr\openvrpaths.vrpath
Unable to read VR Path Registry from C:\Users\pgsheng\AppData\Local\openvr\openvrpaths.vrpath
Unable to read VR Path Registry from C:\Users\pgsheng\AppData\Local\openvr\openvrpaths.vrpath
1532567807095	Marionette	INFO	Listening on port 56215
1532567807489	Marionette	WARN	TLS certificate errors will be ignored for this session
JavaScript error: https://ss1.bdstatic.com/5eN1bjq8AAUYm2zgoY3K/r/www/cache/static/protocol/https/plugins/every_cookie_4644b13.js, line 4: ReferenceError: c is not defined
JavaScript error: https://sp0.baidu.com/5a1Fazu8AA54nxGko9WTAnF6hhy/su?wd=pgs&json=1&p=3&sid=1452_25809_26910_21100_26921_20928&req=2&csor=3&pwd=pg&cb=jQuery110207663216005193914_1532567807813&_=1532567807817, line 1: TypeError: jQuery110207663216005193914_1532567807813 is not a function
[Parent 7024, Gecko_IOThread] WARNING: pipe error: 109: file z:/build/build/src/ipc/chromium/src/chrome/common/ipc_channel_win.cc, line 346
[Child 4724, Chrome_ChildThread] WARNING: pipe error: 109: file z:/build/build/src/ipc/chromium/src/chrome/common/ipc_channel_win.cc, line 346
[Child 4[Parent 7024, Gecko_IOThread] WARNING: pipe error: 109: file z:/build/build/src/ipc/chromium/src/chrome/common/ipc_channel_win.cc, line 346
[Child 7000, Chrome_ChildThread] WARNING: pipe error: 109: file z:/build/build/src/ipc/chromium/src/chrome/common/ipc_channel_win.cc, line 346
[Child 7000,[Parent 7024, Gecko_IOThread] WARNING: pipe error: 109: file z:/build/build/src/ipc/chromium/src/chrome/common/ipc_channel_win.cc, line 346
[Child 9560, Chrome_ChildThread] WARNING: pipe error: 109: file z:/build/build/src/ipc/chromium/src/chrome/common/ipc_channel_win.cc, line 346
[Child 9560, Ch*** UTM:SVC TimerManager:registerTimer called after profile-before-change notification. Ignoring timer registration for id: telemetry_modules_ping
[GPU 155
###!!! [Child][MessageChannel::SendAndWait] Error: Channel error: cannot send/recv

1532567983071	geckodriver	INFO	geckodriver 0.21.0
1532567983081	geckodriver	INFO	Listening on 127.0.0.1:56305
1532567986151	mozrunner::runner	INFO	Running command: "C:\\ABasicSoftware\\Mozilla Firefox\\firefox.exe" "-marionette" "-foreground" "-no-remote" "-profile" "C:\\Users\\pgsheng\\AppData\\Local\\Temp\\rust_mozprofile.oXDcEJpBv7hf"
Unable to read VR Path Registry from C:\Users\pgsheng\AppData\Local\openvr\openvrpaths.vrpath
Unable to read VR Path Registry from C:\Users\pgsheng\AppData\Local\openvr\openvrpaths.vrpath
Unable to read VR Path Registry from C:\Users\pgsheng\AppData\Local\openvr\openvrpaths.vrpath
Unable to read VR Path Registry from C:\Users\pgsheng\AppData\Local\openvr\openvrpaths.vrpath
Unable to read VR Path Registry from C:\Users\pgsheng\AppData\Local\openvr\openvrpaths.vrpath
1532567988552	Marionette	INFO	Listening on port 56313
1532567988931	Marionette	WARN	TLS certificate errors will be ignored for this session
JavaScript error: https://ss1.bdstatic.com/5eN1bjq8AAUYm2zgoY3K/r/www/cache/static/protocol/https/plugins/every_cookie_4644b13.js, line 4: ReferenceError: c is not defined
JavaScript error: https://sp0.baidu.com/5a1Fazu8AA54nxGko9WTAnF6hhy/su?wd=pa&json=1&p=3&sid=26938_1452_21110_26921_22075&req=2&csor=2&pwd=p&cb=jQuery1102026643530869851695_1532567989277&_=1532567989280, line 1: TypeError: jQuery1102026643530869851695_1532567989277 is not a function
JavaScript error: https://sp0.baidu.com/5a1Fazu8AA54nxGko9WTAnF6hhy/su?wd=pan&json=1&p=3&sid=26938_1452_21110_26921_22075&req=2&csor=3&pwd=pa&cb=jQuery1102026643530869851695_1532567989277&_=1532567989281, line 1: TypeError: jQuery1102026643530869851695_1532567989277 is not a function
JavaScript error: https://sp0.baidu.com/5a1Fazu8AA54nxGko9WTAnF6hhy/su?wd=pansheng&json=1&p=3&sid=26938_1452_21110_26921_22075&req=2&bs=pan&pbs=pan&csor=8&pwd=panshen&cb=jQuery1102026643530869851695_1532567989277&_=1532567989287, line 1: TypeError: jQuery1102026643530869851695_1532567989277 is not a function
[Parent 14520, Gecko_IOThread] WARNING: pipe error: 109: file z:/build/build/src/ipc/chromium/src/chrome/common/ipc_channel_win.cc, line 346
[Child 2448, Chrome_ChildThread] WARNING: pipe error: 109: file z:/build/build/src/ipc/chromium/src/chrome/common/ipc_channel_win.cc, line 346
[Child 2448,[Parent 14520, Gecko_IOThread] WARNING: pipe error: 109: file z:/build/build/src/ipc/chromium/src/chrome/common/ipc_channel_win.cc, line 346
[Child 8040, Chrome_ChildThread] WARNING: pipe error: 109: file z:/build/build/src/ipc/chromium/src/chrome/common/ipc_channel_win.cc, line 346
[Child 8040, C[Parent 14520, Gecko_IOThread] WARNING: pipe error: 109: file z:/build/build/src/ipc/chromium/src/chrome/common/ipc_channel_win.cc, line 346
[Child 11632, Chrome_ChildThread] WARNING: pipe error: 109: file z:/build/build/src/ipc/chromium/src/chrome/common/ipc_channel_win.cc, line 346
[Child *** UTM:SVC TimerManager:registerTimer called after profile-before-change notification. Ignoring timer registration for id: telemetry_modules_ping
[GPU 11020, 
###!!! [Child][MessageChannel::SendAndWait] Error: Channel error: cannot send/recv

1532568063698	geckodriver	INFO	geckodriver 0.21.0
1532568063708	geckodriver	INFO	Listening on 127.0.0.1:56374
1532568066763	mozrunner::runner	INFO	Running command: "C:\\ABasicSoftware\\Mozilla Firefox\\firefox.exe" "-marionette" "-foreground" "-no-remote" "-profile" "C:\\Users\\pgsheng\\AppData\\Local\\Temp\\rust_mozprofile.qUWv2vHZJDff"
Unable to read VR Path Registry from C:\Users\pgsheng\AppData\Local\openvr\openvrpaths.vrpath
Unable to read VR Path Registry from C:\Users\pgsheng\AppData\Local\openvr\openvrpaths.vrpath
Unable to read VR Path Registry from C:\Users\pgsheng\AppData\Local\openvr\openvrpaths.vrpath
Unable to read VR Path Registry from C:\Users\pgsheng\AppData\Local\openvr\openvrpaths.vrpath
Unable to read VR Path Registry from C:\Users\pgsheng\AppData\Local\openvr\openvrpaths.vrpath
1532568069055	Marionette	INFO	Listening on port 56382
1532568069491	Marionette	WARN	TLS certificate errors will be ignored for this session
JavaScript error: https://ss1.bdstatic.com/5eN1bjq8AAUYm2zgoY3K/r/www/cache/static/protocol/https/plugins/every_cookie_4644b13.js, line 4: ReferenceError: c is not defined
[Parent 15956, Gecko_IOThread] WARNING: pipe error: 109: file z:/build/build/src/ipc/chromium/src/chrome/common/ipc_channel_win.cc, line 346
[Child 13236, Chrome_ChildThread] WARNING: pipe error: 109: file z:/build/build/src/ipc/chromium/src/chrome/common/ipc_channel_win.cc, line 346
[Child 1323[Parent 15956, Gecko_IOThread] WARNING: pipe error: 109: file z:/build/build/src/ipc/chromium/src/chrome/common/ipc_channel_win.cc, line 346
[Child 7536, Chrome_ChildThread] WARNING: pipe error: 109: file z:/build/build/src/ipc/chromium/src/chrome/common/ipc_channel_win.cc, line 346
[Child 7536, Chrome[Parent 15956, Gecko_IOThread] WARNING: pipe error: 109: file z:/build/build/src/ipc/chromium/src/chrome/common/ipc_channel_win.cc, line 346
[Child 1784, Chrome_ChildThread] WARNING: pipe error: 109: file z:/build/build/src/ipc/chromium/src/chrome/common/ipc_channel_win.cc, line 346
[Child 1*** UTM:SVC TimerManager:registerTimer called after profile-before-change notification. Ignoring timer registration for id: telemetry_modules_ping
[GPU 1430
###!!! [Child][MessageChannel::SendAndWait] Error: Channel error: cannot send/recv

1532568119010	geckodriver	INFO	geckodriver 0.21.0
1532568119022	geckodriver	INFO	Listening on 127.0.0.1:56411
1532568122077	mozrunner::runner	INFO	Running command: "C:\\ABasicSoftware\\Mozilla Firefox\\firefox.exe" "-marionette" "-foreground" "-no-remote" "-profile" "C:\\Users\\pgsheng\\AppData\\Local\\Temp\\rust_mozprofile.s0ufnIZSFsMR"
Unable to read VR Path Registry from C:\Users\pgsheng\AppData\Local\openvr\openvrpaths.vrpath
Unable to read VR Path Registry from C:\Users\pgsheng\AppData\Local\openvr\openvrpaths.vrpath
Unable to read VR Path Registry from C:\Users\pgsheng\AppData\Local\openvr\openvrpaths.vrpath
Unable to read VR Path Registry from C:\Users\pgsheng\AppData\Local\openvr\openvrpaths.vrpath
Unable to read VR Path Registry from C:\Users\pgsheng\AppData\Local\openvr\openvrpaths.vrpath
1532568124642	Marionette	INFO	Listening on port 56419
1532568124834	Marionette	WARN	TLS certificate errors will be ignored for this session
JavaScript error: https://ss1.bdstatic.com/5eN1bjq8AAUYm2zgoY3K/r/www/cache/static/protocol/https/plugins/every_cookie_4644b13.js, line 4: ReferenceError: c is not defined
JavaScript error: https://sp0.baidu.com/5a1Fazu8AA54nxGko9WTAnF6hhy/su?wd=pa&json=1&p=3&sid=26938_1424_26458_21093_18560_20928&req=2&csor=2&pwd=p&cb=jQuery1102002296721894079279_1532568125234&_=1532568125237, line 1: TypeError: jQuery1102002296721894079279_1532568125234 is not a function
JavaScript error: https://sp0.baidu.com/5a1Fazu8AA54nxGko9WTAnF6hhy/su?wd=p&json=1&p=3&sid=26938_1424_26458_21093_18560_20928&req=2&csor=1&cb=jQuery1102002296721894079279_1532568125234&_=1532568125236, line 1: TypeError: jQuery1102002296721894079279_1532568125234 is not a function
JavaScript error: https://sp0.baidu.com/5a1Fazu8AA54nxGko9WTAnF6hhy/su?wd=pan&json=1&p=3&sid=26938_1424_26458_21093_18560_20928&req=2&csor=3&pwd=pa&cb=jQuery1102002296721894079279_1532568125234&_=1532568125238, line 1: TypeError: jQuery1102002296721894079279_1532568125234 is not a function
JavaScript error: https://sp0.baidu.com/5a1Fazu8AA54nxGko9WTAnF6hhy/su?wd=sheng&json=1&p=3&sid=26938_1424_26458_21093_18560_20928&req=2&bs=pan&pbs=pan&csor=5&pwd=shen&cb=jQuery1102002296721894079279_1532568125234&_=1532568125245, line 1: TypeError: jQuery1102002296721894079279_1532568125234 is not a function
[Parent 3976, Gecko_IOThread] WARNING: pipe error: 109: file z:/build/build/src/ipc/chromium/src/chrome/common/ipc_channel_win.cc, line 346
[Child 15744, Chrome_ChildThread] WARNING: pipe error: 109: file z:/build/build/src/ipc/chromium/src/chrome/common/ipc_channel_win.cc, line 346
[Child 1[Parent 3976, Gecko_IOThread] WARNING: pipe error: 109: file z:/build/build/src/ipc/chromium/src/chrome/common/ipc_channel_win.cc, line 346
[Child 15044, Chrome_ChildThread] WARNING: pipe error: 109: file z:/build/build/src/ipc/chromium/src/chrome/common/ipc_channel_win.cc, line 346
[Child 15044,[Parent 3976, Gecko_IOThread] WARNING: pipe error: 109: file z:/build/build/src/ipc/chromium/src/chrome/common/ipc_channel_win.cc, line 346
[Child 948, Chrome_ChildThread] WARNING: pipe error: 109: file z:/build/build/src/ipc/chromium/src/chrome/common/ipc_channel_win.cc, line 346
[Child 94*** UTM:SVC TimerManager:registerTimer called after profile-before-change notification. Ignoring timer registration for id: telemetry_modules_ping
[GPU 2984, Chro
###!!! [Child][MessageChannel::SendAndWait] Error: Channel error: cannot send/recv

1532569536674	geckodriver	INFO	geckodriver 0.21.0
1532569536686	geckodriver	INFO	Listening on 127.0.0.1:57168
1532569539741	mozrunner::runner	INFO	Running command: "C:\\ABasicSoftware\\Mozilla Firefox\\firefox.exe" "-marionette" "-foreground" "-no-remote" "-profile" "C:\\Users\\pgsheng\\AppData\\Local\\Temp\\rust_mozprofile.sFqwKniIi6cM"
Unable to read VR Path Registry from C:\Users\pgsheng\AppData\Local\openvr\openvrpaths.vrpath
Unable to read VR Path Registry from C:\Users\pgsheng\AppData\Local\openvr\openvrpaths.vrpath
Unable to read VR Path Registry from C:\Users\pgsheng\AppData\Local\openvr\openvrpaths.vrpath
Unable to read VR Path Registry from C:\Users\pgsheng\AppData\Local\openvr\openvrpaths.vrpath
Unable to read VR Path Registry from C:\Users\pgsheng\AppData\Local\openvr\openvrpaths.vrpath
1532569542182	Marionette	INFO	Listening on port 57176
1532569542490	Marionette	WARN	TLS certificate errors will be ignored for this session
JavaScript error: https://ss1.bdstatic.com/5eN1bjq8AAUYm2zgoY3K/r/www/cache/static/protocol/https/plugins/every_cookie_4644b13.js, line 4: ReferenceError: c is not defined
JavaScript error: https://sp0.baidu.com/5a1Fazu8AA54nxGko9WTAnF6hhy/su?wd=sheng&json=1&p=3&sid=26522_1469_26911_21111_22159&req=2&bs=pan&pbs=pan&csor=5&pwd=shen&cb=jQuery110209713753764722899_1532569542847&_=1532569542858, line 1: TypeError: jQuery110209713753764722899_1532569542847 is not a function
[Parent 14468, Gecko_IOThread] WARNING: pipe error: 109: file z:/build/build/src/ipc/chromium/src/chrome/common/ipc_channel_win.cc, line 346
[Child 1168, Chrome_ChildThread] WARNING: pipe error: 109: file z:/build/build/src/ipc/chromium/src/chrome/common/ipc_channel_win.cc, line 346
[Child 1168,[Parent 14468, Gecko_IOThread] WARNING: pipe error: 109: file z:/build/build/src/ipc/chromium/src/chrome/common/ipc_channel_win.cc, line 346
[Child 12648, Chrome_ChildThread] WARNING: pipe error: 109: file z:/build/build/src/ipc/chromium/src/chrome/common/ipc_channel_win.cc, line 346
[Child 126[Parent 14468, Gecko_IOThread] WARNING: pipe error: 109: file z:/build/build/src/ipc/chromium/src/chrome/common/ipc_channel_win.cc, line 346
[Child 12856, Chrome_ChildThread] WARNING: pipe error: 109: file z:/build/build/src/ipc/chromium/src/chrome/common/ipc_channel_win.cc, line 346
[Child 12856, Chrome*** UTM:SVC TimerManager:registerTimer called after profile-before-change notification. Ignoring timer registration for id: telemetry_modules_ping
[GPU 10372
###!!! [Child][MessageChannel::SendAndWait] Error: Channel error: cannot send/recv

1532569632700	geckodriver	INFO	geckodriver 0.21.0
1532569632710	geckodriver	INFO	Listening on 127.0.0.1:57226
1532569635729	mozrunner::runner	INFO	Running command: "C:\\ABasicSoftware\\Mozilla Firefox\\firefox.exe" "-marionette" "-foreground" "-no-remote" "-profile" "C:\\Users\\pgsheng\\AppData\\Local\\Temp\\rust_mozprofile.jLSbFkF5w4Fj"
Unable to read VR Path Registry from C:\Users\pgsheng\AppData\Local\openvr\openvrpaths.vrpath
Unable to read VR Path Registry from C:\Users\pgsheng\AppData\Local\openvr\openvrpaths.vrpath
Unable to read VR Path Registry from C:\Users\pgsheng\AppData\Local\openvr\openvrpaths.vrpath
Unable to read VR Path Registry from C:\Users\pgsheng\AppData\Local\openvr\openvrpaths.vrpath
Unable to read VR Path Registry from C:\Users\pgsheng\AppData\Local\openvr\openvrpaths.vrpath
1532569638151	Marionette	INFO	Listening on port 57234
1532569638467	Marionette	WARN	TLS certificate errors will be ignored for this session
JavaScript error: https://ss1.bdstatic.com/5eN1bjq8AAUYm2zgoY3K/r/www/cache/static/protocol/https/plugins/every_cookie_4644b13.js, line 4: ReferenceError: c is not defined
JavaScript error: https://sp0.baidu.com/5a1Fazu8AA54nxGko9WTAnF6hhy/su?wd=pa&json=1&p=3&sid=1422_21084_26350_20928&req=2&csor=2&pwd=p&cb=jQuery110208405992818139966_1532569638814&_=1532569638817, line 1: TypeError: jQuery110208405992818139966_1532569638814 is not a function
JavaScript error: https://sp0.baidu.com/5a1Fazu8AA54nxGko9WTAnF6hhy/su?wd=pan&json=1&p=3&sid=1422_21084_26350_20928&req=2&csor=3&pwd=pa&cb=jQuery110208405992818139966_1532569638814&_=1532569638818, line 1: TypeError: jQuery110208405992818139966_1532569638814 is not a function
JavaScript error: https://sp0.baidu.com/5a1Fazu8AA54nxGko9WTAnF6hhy/su?wd=sheng&json=1&p=3&sid=1422_21084_26350_20928&req=2&bs=pan&pbs=pan&csor=5&pwd=shen&cb=jQuery110208405992818139966_1532569638814&_=1532569638824, line 1: TypeError: jQuery110208405992818139966_1532569638814 is not a function
[Parent 6648, Gecko_IOThread] WARNING: pipe error: 109: file z:/build/build/src/ipc/chromium/src/chrome/common/ipc_channel_win.cc, line 346
[Child 7460, Chrome_ChildThread] WARNING: pipe error: 109: file z:/build/build/src/ipc/chromium/src/chrome/common/ipc_channel_win.cc, line 346
[Child 7[Parent 6648, Gecko_IOThread] WARNING: file z:/build/build/src/ipc/chromium/src/base/process_util_win.cc, line 188
JavaScript error: https://ss1.bdstatic.com/5eN1bjq8AAUYm2zgoY3K/r/www/cache/static/protocol/https/jquery/jquery-1.10.2.min_65682a2.js, line 153: TypeError: r is undefined
JavaScript error: https://ss1.bdstatic.com/5eN1bjq8AAUYm2zgoY3K/r/www/cache/static/protocol/https/jquery/jquery-1.10.2.min_65682a2.js, line 153: TypeError: r is undefined
JavaScript error: https://ss1.bdstatic.com/5eN1bjq8AAUYm2zgoY3K/r/www/cache/static/protocol/https/jquery/jquery-1.10.2.min_65682a2.js, line 153: TypeError: r is undefined
JavaScript error: https://ss1.bdstatic.com/5eN1bjq8AAUYm2zgoY3K/r/www/cache/static/protocol/https/jquery/jquery-1.10.2.min_65682a2.js, line 153: TypeError: r is undefined
JavaScript error: https://ss1.bdstatic.com/5eN1bjq8AAUYm2zgoY3K/r/www/cache/static/protocol/https/jquery/jquery-1.10.2.min_65682a2.js, line 153: TypeError: r is undefined
JavaScript error: https://ss1.bdstatic.com/5eN1bjq8AAUYm2zgoY3K/r/www/cache/static/protocol/https/jquery/jquery-1.10.2.min_65682a2.js, line 153: TypeError: r is undefined
JavaScript error: https://ss1.bdstatic.com/5eN1bjq8AAUYm2zgoY3K/r/www/cache/static/protocol/https/jquery/jquery-1.10.2.min_65682a2.js, line 153: TypeError: r is undefined
JavaScript error: https://ss1.bdstatic.com/5eN1bjq8AAUYm2zgoY3K/r/www/cache/static/protocol/https/jquery/jquery-1.10.2.min_65682a2.js, line 153: TypeError: r is undefined
JavaScript error: https://ss1.bdstatic.com/5eN1bjq8AAUYm2zgoY3K/r/www/cache/static/protocol/https/jquery/jquery-1.10.2.min_65682a2.js, line 153: TypeError: r is undefined
JavaScript error: https://ss1.bdstatic.com/5eN1bjq8AAUYm2zgoY3K/r/www/cache/static/protocol/https/jquery/jquery-1.10.2.min_65682a2.js, line 153: TypeError: r is undefined
[Parent 6648, Gecko_IOThread] WARNING: pipe error: 109: file z:/build/build/src/ipc/chromium/src/chrome/common/ipc_channel_win.cc, line 346
[Child 8020, Chrome_ChildThread] WARNING: pipe error: 232: file z:/build/build/src/ipc/chromium/src/chrome/common/ipc_channel_win.cc, line 513
[Child 802[Parent 6648, Gecko_IOThread] WARNING: pipe error: 109: file z:/build/build/src/ipc/chromium/src/chrome/common/ipc_channel_win.cc, line 346
[Child 7960, Chrome_ChildThread] WARNING: pipe error: 109: file z:/build/build/src/ipc/chromium/src/chrome/common/ipc_channel_win.cc, line 346
[Child 7*** UTM:SVC TimerManager:registerTimer called after profile-before-change notification. Ignoring timer registration for id: telemetry_modules_ping
[GPU 1136
###!!! [Child][MessageChannel::SendAndWait] Error: Channel error: cannot send/recv

1532569655620	geckodriver	INFO	geckodriver 0.21.0
1532569655631	geckodriver	INFO	Listening on 127.0.0.1:57293
1532569658678	mozrunner::runner	INFO	Running command: "C:\\ABasicSoftware\\Mozilla Firefox\\firefox.exe" "-marionette" "-foreground" "-no-remote" "-profile" "C:\\Users\\pgsheng\\AppData\\Local\\Temp\\rust_mozprofile.eIjMX8cJnHiz"
Unable to read VR Path Registry from C:\Users\pgsheng\AppData\Local\openvr\openvrpaths.vrpath
Unable to read VR Path Registry from C:\Users\pgsheng\AppData\Local\openvr\openvrpaths.vrpath
Unable to read VR Path Registry from C:\Users\pgsheng\AppData\Local\openvr\openvrpaths.vrpath
Unable to read VR Path Registry from C:\Users\pgsheng\AppData\Local\openvr\openvrpaths.vrpath
Unable to read VR Path Registry from C:\Users\pgsheng\AppData\Local\openvr\openvrpaths.vrpath
1532569661144	Marionette	INFO	Listening on port 57301
1532569661425	Marionette	WARN	TLS certificate errors will be ignored for this session
JavaScript error: https://ss1.bdstatic.com/5eN1bjq8AAUYm2zgoY3K/r/www/cache/static/protocol/https/plugins/every_cookie_4644b13.js, line 4: ReferenceError: c is not defined
JavaScript error: https://sp0.baidu.com/5a1Fazu8AA54nxGko9WTAnF6hhy/su?wd=sheng&json=1&p=3&sid=1447_21101_26920_20930&req=2&bs=pan&pbs=pan&csor=5&pwd=shen&cb=jQuery1102022341190676316747_1532569661957&_=1532569661967, line 1: TypeError: jQuery1102022341190676316747_1532569661957 is not a function
[Child 12692, Chrome_ChildThread] WARNING: pipe error: 109: file z:/build/build/src/ipc/chromium/src/chrome/common/ipc_channel_win.cc, line 346
[Child 12692, ChromeJavaScript error: https://ss1.bdstatic.com/5eN1bjq8AAUYm2zgoY3K/r/www/cache/static/protocol/https/jquery/jquery-1.10.2.min_65682a2.js, line 153: TypeError: r is undefined
JavaScript error: https://ss1.bdstatic.com/5eN1bjq8AAUYm2zgoY3K/r/www/cache/static/protocol/https/jquery/jquery-1.10.2.min_65682a2.js, line 153: TypeError: r is undefined
JavaScript error: https://ss1.bdstatic.com/5eN1bjq8AAUYm2zgoY3K/r/www/cache/static/protocol/https/jquery/jquery-1.10.2.min_65682a2.js, line 153: TypeError: r is undefined
JavaScript error: https://ss1.bdstatic.com/5eN1bjq8AAUYm2zgoY3K/r/www/cache/static/protocol/https/jquery/jquery-1.10.2.min_65682a2.js, line 153: TypeError: r is undefined
JavaScript error: https://ss1.bdstatic.com/5eN1bjq8AAUYm2zgoY3K/r/www/cache/static/protocol/https/jquery/jquery-1.10.2.min_65682a2.js, line 153: TypeError: r is undefined
JavaScript error: https://ss1.bdstatic.com/5eN1bjq8AAUYm2zgoY3K/r/www/cache/static/protocol/https/jquery/jquery-1.10.2.min_65682a2.js, line 153: TypeError: r is undefined
JavaScript error: https://ss1.bdstatic.com/5eN1bjq8AAUYm2zgoY3K/r/www/cache/static/protocol/https/jquery/jquery-1.10.2.min_65682a2.js, line 153: TypeError: r is undefined
JavaScript error: https://ss1.bdstatic.com/5eN1bjq8AAUYm2zgoY3K/r/www/cache/static/protocol/https/jquery/jquery-1.10.2.min_65682a2.js, line 153: TypeError: r is undefined
JavaScript error: https://ss1.bdstatic.com/5eN1bjq8AAUYm2zgoY3K/r/www/cache/static/protocol/https/jquery/jquery-1.10.2.min_65682a2.js, line 153: TypeError: r is undefined
JavaScript error: https://ss1.bdstatic.com/5eN1bjq8AAUYm2zgoY3K/r/www/cache/static/protocol/https/jquery/jquery-1.10.2.min_65682a2.js, line 153: TypeError: r is undefined
JavaScript error: https://ss1.bdstatic.com/5eN1bjq8AAUYm2zgoY3K/r/www/cache/static/pr[Parent 12096, Gecko_Iotocol/https/jquery/jOThread] WAquery-1.10.2.RNING: pipe error: 109: file z:/build/build/src/ipc/chromium/src/chrome/comin_65682a2.js, line 153: TypeError: r is undefinedmmon/ipc_channel_win.
cc, line 346
JavaScript error: https://ss1.bdstatic.com/5eN1bjq8AAUYm2zgoY3K/r/www/cache/static/protocol/https/jquery/jquery-1.10.2.min_65682a2.js, line 153: TypeError: r is undefined
[Parent 12096, Gecko_IOThread] WARNING: pipe error: 109: file z:/build/build/src/ipc/chromium/src/chrome/common/ipc_channel_win.cc, line 346
[Child 16688, Chrome_ChildThread] WARNING: pipe error: 109: file z:/build/build/src/ipc/chromium/src/chrome/common/ipc_channel_win.cc, line 346
[Child 16688, Chro*** UTM:SVC TimerManager:registerTimer called after profile-before-change notification. Ignoring timer registration for id: telemetry_modules_ping
[GPU 10
###!!! [Child][MessageChannel::SendAndWait] Error: Channel error: cannot send/recv

1532596850692	geckodriver	INFO	geckodriver 0.21.0
1532596850703	geckodriver	INFO	Listening on 127.0.0.1:54389
1532596853752	mozrunner::runner	INFO	Running command: "C:\\ABasicSoftware\\Mozilla Firefox\\firefox.exe" "-marionette" "-foreground" "-no-remote" "-profile" "C:\\Users\\pgsheng\\AppData\\Local\\Temp\\rust_mozprofile.qHhErnkoKmH5"
Unable to read VR Path Registry from C:\Users\pgsheng\AppData\Local\openvr\openvrpaths.vrpath
Unable to read VR Path Registry from C:\Users\pgsheng\AppData\Local\openvr\openvrpaths.vrpath
Unable to read VR Path Registry from C:\Users\pgsheng\AppData\Local\openvr\openvrpaths.vrpath
Unable to read VR Path Registry from C:\Users\pgsheng\AppData\Local\openvr\openvrpaths.vrpath
Unable to read VR Path Registry from C:\Users\pgsheng\AppData\Local\openvr\openvrpaths.vrpath
1532596856463	Marionette	INFO	Listening on port 54397
1532596856520	Marionette	WARN	TLS certificate errors will be ignored for this session
JavaScript error: https://ss1.bdstatic.com/5eN1bjq8AAUYm2zgoY3K/r/www/cache/static/protocol/https/plugins/every_cookie_4644b13.js, line 4: ReferenceError: c is not defined
JavaScript error: https://sp0.baidu.com/5a1Fazu8AA54nxGko9WTAnF6hhy/su?wd=sheng&json=1&p=3&sid=26938_1467_26459_21080_26808&req=2&bs=pan&pbs=pan&csor=5&pwd=shen&cb=jQuery1102036668825701888663_1532596856922&_=1532596856932, line 1: TypeError: jQuery1102036668825701888663_1532596856922 is not a function
[Parent 11680, Gecko_IOThread] WARNING: pipe error: 109: file z:/build/build/src/ipc/chromium/src/chrome/common/ipc_channel_win.cc, line 346
[Child 17652, Chrome_ChildThread] WARNING: pipe error: 109: file z:/build/build/src/ipc/chromium/src/chrome/common/ipc_channel_win.cc, line 346
[Child 17[Parent 11680, Gecko_IOThread] WARNING: pipe error: 109: file z:/build/build/src/ipc/chromium/src/chrome/common/ipc_channel_win.cc, line 346
[Child 18128, Chrome_ChildThread] WARNING: pipe error: 109: file z:/build/build/src/ipc/chromium/src/chrome/common/ipc_channel_win.cc, line 346
[Child 1[Parent 11680, Gecko_IOThread] WARNING: pipe error: 109: file z:/build/build/src/ipc/chromium/src/chrome/common/ipc_channel_win.cc, line 346
[Child 19324, Chrome_ChildThread] WARNING: pipe error: 109: file z:/build/build/src/ipc/chromium/src/chrome/common/ipc_channel_win.cc, line 346
[Child 19*** UTM:SVC TimerManager:registerTimer called after profile-before-change notification. Ignoring timer registration for id: telemetry_modules_ping
[GPU 17436, Ch
###!!! [Child][MessageChannel::SendAndWait] Error: Channel error: cannot send/recv

1532597385072	geckodriver	INFO	geckodriver 0.21.0
1532597385083	geckodriver	INFO	Listening on 127.0.0.1:54900
1532597388145	mozrunner::runner	INFO	Running command: "C:\\ABasicSoftware\\Mozilla Firefox\\firefox.exe" "-marionette" "-foreground" "-no-remote" "-profile" "C:\\Users\\pgsheng\\AppData\\Local\\Temp\\rust_mozprofile.WFuvJ00cB5t1"
Unable to read VR Path Registry from C:\Users\pgsheng\AppData\Local\openvr\openvrpaths.vrpath
Unable to read VR Path Registry from C:\Users\pgsheng\AppData\Local\openvr\openvrpaths.vrpath
Unable to read VR Path Registry from C:\Users\pgsheng\AppData\Local\openvr\openvrpaths.vrpath
Unable to read VR Path Registry from C:\Users\pgsheng\AppData\Local\openvr\openvrpaths.vrpath
Unable to read VR Path Registry from C:\Users\pgsheng\AppData\Local\openvr\openvrpaths.vrpath
1532597390822	Marionette	INFO	Listening on port 54908
1532597390921	Marionette	WARN	TLS certificate errors will be ignored for this session
JavaScript error: https://ss1.bdstatic.com/5eN1bjq8AAUYm2zgoY3K/r/www/cache/static/protocol/https/plugins/every_cookie_4644b13.js, line 4: ReferenceError: c is not defined
JavaScript error: https://sp0.baidu.com/5a1Fazu8AA54nxGko9WTAnF6hhy/su?wd=pa&json=1&p=3&sid=26938_1459_21121_26350_26925_22157&req=2&csor=2&pwd=p&cb=jQuery110201965172572598778_1532597391294&_=1532597391297, line 1: TypeError: jQuery110201965172572598778_1532597391294 is not a function
JavaScript error: https://sp0.baidu.com/5a1Fazu8AA54nxGko9WTAnF6hhy/su?wd=pan&json=1&p=3&sid=26938_1459_21121_26350_26925_22157&req=2&csor=3&pwd=pa&cb=jQuery110201965172572598778_1532597391294&_=1532597391298, line 1: TypeError: jQuery110201965172572598778_1532597391294 is not a function
JavaScript error: https://sp0.baidu.com/5a1Fazu8AA54nxGko9WTAnF6hhy/su?wd=sheng&json=1&p=3&sid=26938_1459_21121_26350_26925_22157&req=2&bs=pan&pbs=pan&csor=5&pwd=shen&cb=jQuery110201965172572598778_1532597391294&_=1532597391304, line 1: TypeError: jQuery110201965172572598778_1532597391294 is not a function
[Parent 17068, Gecko_IOThread] WARNING: pipe error: 109: file z:/build/build/src/ipc/chromium/src/chrome/common/ipc_channel_win.cc, line 346
[Child 4824, Chrome_ChildThread] WARNING: pipe error: 109: file z:/build/build/src/ipc/chromium/src/chrome/common/ipc_channel_win.cc, line 346
[Child 4[Parent 17068, Gecko_IOThread] WARNING: pipe error: 109: file z:/build/build/src/ipc/chromium/src/chrome/common/ipc_channel_win.cc, line 346
[Child 16632, Chrome_ChildThread] WARNING: pipe error: 109: file z:/build/build/src/ipc/chromium/src/chrome/common/ipc_channel_win.cc, line 346
[Child 166[Parent 17068, Gecko_IOThread] WARNING: pipe error: 109: file z:/build/build/src/ipc/chromium/src/chrome/common/ipc_channel_win.cc, line 346
[Child 17880, Chrome_ChildThread] WARNING: pipe error: 109: file z:/build/build/src/ipc/chromium/src/chrome/common/ipc_channel_win.cc, line 346
[Child 178*** UTM:SVC TimerManager:registerTimer called after profile-before-change notification. Ignoring timer registration for id: telemetry_modules_ping
[GPU 
###!!! [Child][MessageChannel::SendAndWait] Error: Channel error: cannot send/recv

1532958060501	geckodriver	INFO	geckodriver 0.20.1
1532958060548	geckodriver	INFO	Listening on 127.0.0.1:2540
1532958063668	mozrunner::runner	INFO	Running command: "D:\\Program Files (x86)\\Mozilla Firefox\\firefox.exe" "-marionette" "-profile" "C:\\Users\\ADMINI~1\\AppData\\Local\\Temp\\rust_mozprofile.FUu7btLaN6Yi"
1532958068958	Marionette	INFO	Enabled via --marionette
1532958073411	Marionette	INFO	Listening on port 2548
1532958073817	Marionette	WARN	TLS certificate errors will be ignored for this session
Unable to read VR Path Registry from C:\Users\Administrator\AppData\Local\openvr\openvrpaths.vrpath
JavaScript error: https://ss1.bdstatic.com/5eN1bjq8AAUYm2zgoY3K/r/www/cache/static/protocol/https/plugins/every_cookie_4644b13.js, line 4: ReferenceError: c is not defined
JavaScript error: https://sp0.baidu.com/5a1Fazu8AA54nxGko9WTAnF6hhy/su?wd=se&json=1&p=3&sid=1428_21085_26922_26809&req=2&csor=2&pwd=s&cb=jQuery110208416878131063111_1532958076197&_=1532958076200, line 1: TypeError: jQuery110208416878131063111_1532958076197 is not a function
JavaScript error: https://sp0.baidu.com/5a1Fazu8AA54nxGko9WTAnF6hhy/su?wd=sel&json=1&p=3&sid=1428_21085_26922_26809&req=2&csor=3&pwd=se&cb=jQuery110208416878131063111_1532958076197&_=1532958076201, line 1: TypeError: jQuery110208416878131063111_1532958076197 is not a function
JavaScript error: https://sp0.baidu.com/5a1Fazu8AA54nxGko9WTAnF6hhy/su?wd=sele&json=1&p=3&sid=1428_21085_26922_26809&req=2&csor=4&pwd=sel&cb=jQuery110208416878131063111_1532958076197&_=1532958076202, line 1: TypeError: jQuery110208416878131063111_1532958076197 is not a function
JavaScript error: https://sp0.baidu.com/5a1Fazu8AA54nxGko9WTAnF6hhy/su?wd=selen&json=1&p=3&sid=1428_21085_26922_26809&req=2&csor=5&pwd=sele&cb=jQuery110208416878131063111_1532958076197&_=1532958076203, line 1: TypeError: jQuery110208416878131063111_1532958076197 is not a function
JavaScript error: https://sp0.baidu.com/5a1Fazu8AA54nxGko9WTAnF6hhy/su?wd=seleni&json=1&p=3&sid=1428_21085_26922_26809&req=2&csor=6&pwd=selen&cb=jQuery110208416878131063111_1532958076197&_=1532958076204, line 1: TypeError: jQuery110208416878131063111_1532958076197 is not a function
JavaScript error: https://sp0.baidu.com/5a1Fazu8AA54nxGko9WTAnF6hhy/su?wd=seleniu&json=1&p=3&sid=1428_21085_26922_26809&req=2&csor=7&pwd=seleni&cb=jQuery110208416878131063111_1532958076197&_=1532958076205, line 1: TypeError: jQuery110208416878131063111_1532958076197 is not a function
JavaScript error: https://sp0.baidu.com/5a1Fazu8AA54nxGko9WTAnF6hhy/su?wd=selenium&json=1&p=3&sid=1428_21085_26922_26809&req=2&csor=8&pwd=seleniu&cb=jQuery110208416878131063111_1532958076197&_=1532958076206, line 1: TypeError: jQuery110208416878131063111_1532958076197 is not a function
JavaScript error: https://sp0.baidu.com/5a1Fazu8AA54nxGko9WTAnF6hhy/su?wd=s&json=1&p=3&sid=1428_21085_26922_26809&req=2&csor=1&cb=jQuery110208416878131063111_1532958076197&_=1532958076199, line 1: TypeError: jQuery110208416878131063111_1532958076197 is not a function
Unable to read VR Path Registry from C:\Users\Administrator\AppData\Local\openvr\openvrpaths.vrpath
[Child 5828, Chrome_ChildThread] WARNING: pipe error: 109: file z:/build/build/src/ipc/chromium/src/chrome/common/ipc_channel_win.cc, line 346
[Child 9956, Chrome_ChildThread] WARNING: pipe error: 109: file z:/build/build/src/ipc/chromium/src/chrome/common/ipc_channel_win.cc, line 346
Unable to read VR Path Registry from C:\Users\Administrator\AppData\Local\openvr\openvrpaths.vrpath
[Child 9788, Chrome_ChildThread] WARNING: pipe error: 109: file z:/build/build/src/ipc/chromium/src/chrome/common/ipc_channel_win.cc, line 346
*** UTM:SVC TimerManager:registerTimer called after profile-before-change notification. Ignoring timer registration for id: telemetry_modules_ping
Unable to read VR Path Registry from C:\Users\Administrator\AppData\Local\openvr\openvrpaths.vrpath
[GPU 9612, Chrome_ChildThread] WARNING: pipe error: 109: file z:/build/build/src/ipc/chromium/src/chrome/common/ipc_channel_win.cc, line 346

###!!! [Child][MessageChannel::SendAndWait] Error: Channel error: cannot send/recv

Unable to read VR Path Registry from C:\Users\Administrator\AppData\Local\openvr\openvrpaths.vrpath
1532958177401	geckodriver	INFO	geckodriver 0.20.1
1532958177416	geckodriver	INFO	Listening on 127.0.0.1:2640
1532958180492	mozrunner::runner	INFO	Running command: "D:\\Program Files (x86)\\Mozilla Firefox\\firefox.exe" "-marionette" "-profile" "C:\\Users\\ADMINI~1\\AppData\\Local\\Temp\\rust_mozprofile.IyVYQxziD94g"
1532958181972	Marionette	INFO	Enabled via --marionette
1532958184751	Marionette	INFO	Listening on port 2648
1532958184875	Marionette	WARN	TLS certificate errors will be ignored for this session
Unable to read VR Path Registry from C:\Users\Administrator\AppData\Local\openvr\openvrpaths.vrpath
JavaScript error: https://ss1.bdstatic.com/5eN1bjq8AAUYm2zgoY3K/r/www/cache/static/protocol/https/plugins/every_cookie_4644b13.js, line 4: ReferenceError: c is not defined
JavaScript error: https://sp0.baidu.com/5a1Fazu8AA54nxGko9WTAnF6hhy/su?wd=se&json=1&p=3&sid=1457_26433_21109_26350_26921_26808&req=2&csor=2&pwd=s&cb=jQuery1102019686004177687466_1532958189331&_=1532958189334, line 1: TypeError: jQuery1102019686004177687466_1532958189331 is not a function
JavaScript error: https://sp0.baidu.com/5a1Fazu8AA54nxGko9WTAnF6hhy/su?wd=sel&json=1&p=3&sid=1457_26433_21109_26350_26921_26808&req=2&csor=3&pwd=se&cb=jQuery1102019686004177687466_1532958189331&_=1532958189335, line 1: TypeError: jQuery1102019686004177687466_1532958189331 is not a function
JavaScript error: https://sp0.baidu.com/5a1Fazu8AA54nxGko9WTAnF6hhy/su?wd=sele&json=1&p=3&sid=1457_26433_21109_26350_26921_26808&req=2&csor=4&pwd=sel&cb=jQuery1102019686004177687466_1532958189331&_=1532958189336, line 1: TypeError: jQuery1102019686004177687466_1532958189331 is not a function
JavaScript error: https://sp0.baidu.com/5a1Fazu8AA54nxGko9WTAnF6hhy/su?wd=seleniu&json=1&p=3&sid=1457_26433_21109_26350_26921_26808&req=2&csor=7&pwd=seleni&cb=jQuery1102019686004177687466_1532958189331&_=1532958189339, line 1: TypeError: jQuery1102019686004177687466_1532958189331 is not a function
JavaScript error: https://sp0.baidu.com/5a1Fazu8AA54nxGko9WTAnF6hhy/su?wd=selenium&json=1&p=3&sid=1457_26433_21109_26350_26921_26808&req=2&csor=8&pwd=seleniu&cb=jQuery1102019686004177687466_1532958189331&_=1532958189340, line 1: TypeError: jQuery1102019686004177687466_1532958189331 is not a function
JavaScript error: https://sp0.baidu.com/5a1Fazu8AA54nxGko9WTAnF6hhy/su?wd=selen&json=1&p=3&sid=1457_26433_21109_26350_26921_26808&req=2&csor=5&pwd=sele&cb=jQuery1102019686004177687466_1532958189331&_=1532958189337, line 1: TypeError: jQuery1102019686004177687466_1532958189331 is not a function
JavaScript error: https://sp0.baidu.com/5a1Fazu8AA54nxGko9WTAnF6hhy/su?wd=seleni&json=1&p=3&sid=1457_26433_21109_26350_26921_26808&req=2&csor=6&pwd=selen&cb=jQuery1102019686004177687466_1532958189331&_=1532958189338, line 1: TypeError: jQuery1102019686004177687466_1532958189331 is not a function
JavaScript error: https://sp0.baidu.com/5a1Fazu8AA54nxGko9WTAnF6hhy/su?wd=s&json=1&p=3&sid=1457_26433_21109_26350_26921_26808&req=2&csor=1&cb=jQuery1102019686004177687466_1532958189331&_=1532958189333, line 1: TypeError: jQuery1102019686004177687466_1532958189331 is not a function
JavaScript error: https://sp0.baidu.com/5a1Fazu8AA54nxGko9WTAnF6hhy/su?wd=py&json=1&p=3&sid=1457_26433_21109_26350_26921_26808&req=2&bs=selenium&pbs=selenium&csor=2&pwd=p&cb=jQuery1102019686004177687466_1532958189331&_=1532958189342, line 1: TypeError: jQuery1102019686004177687466_1532958189331 is not a function
JavaScript error: https://sp0.baidu.com/5a1Fazu8AA54nxGko9WTAnF6hhy/su?wd=python&json=1&p=3&sid=1457_26433_21109_26350_26921_26808&req=2&bs=selenium&pbs=selenium&csor=6&pwd=pytho&cb=jQuery1102019686004177687466_1532958189331&_=1532958189346, line 1: TypeError: jQuery1102019686004177687466_1532958189331 is not a function
JavaScript error: https://sp0.baidu.com/5a1Fazu8AA54nxGko9WTAnF6hhy/su?wd=pyt&json=1&p=3&sid=1457_26433_21109_26350_26921_26808&req=2&bs=selenium&pbs=selenium&csor=3&pwd=py&cb=jQuery1102019686004177687466_1532958189331&_=1532958189343, line 1: TypeError: jQuery1102019686004177687466_1532958189331 is not a function
JavaScript error: https://sp0.baidu.com/5a1Fazu8AA54nxGko9WTAnF6hhy/su?wd=pytho&json=1&p=3&sid=1457_26433_21109_26350_26921_26808&req=2&bs=selenium&pbs=selenium&csor=5&pwd=pyth&cb=jQuery1102019686004177687466_1532958189331&_=1532958189345, line 1: TypeError: jQuery1102019686004177687466_1532958189331 is not a function
JavaScript error: https://sp0.baidu.com/5a1Fazu8AA54nxGko9WTAnF6hhy/su?wd=pyth&json=1&p=3&sid=1457_26433_21109_26350_26921_26808&req=2&bs=selenium&pbs=selenium&csor=4&pwd=pyt&cb=jQuery1102019686004177687466_1532958189331&_=1532958189344, line 1: TypeError: jQuery1102019686004177687466_1532958189331 is not a function
Unable to read VR Path Registry from C:\Users\Administrator\AppData\Local\openvr\openvrpaths.vrpath
[Parent 10084, Gecko_IOThread] WARNING: pipe error: 109: file z:/build/build/src/ipc/chromium/src/chrome/common/ipc_channel_win.cc, line 346
[Parent 10084, Gecko_IOThread] WARNING: pipe error: 109: file z:/build/build/src/ipc/chromium/src/chrome/common/ipc_channel_win.cc, line 346
[Child 9340, Chrome_ChildThread] WARNING: pipe error: 109: file z:/build/build/src/ipc/chromium/src/chrome/common/ipc_channel_win.cc, line 346
Unable to read VR Path Registry from C:\Users\Administrator\AppData\Local\openvr\openvrpaths.vrpath
[Child 9704, Chrome_ChildThread] WARNING: pipe error: 109: file z:/build/build/src/ipc/chromium/src/chrome/common/ipc_channel_win.cc, line 346
[Child 9704, Chrome_ChildThread] WARNING: pipe error: 109: file z:/build/build/src/ipc/chromium/src/chrome/common/ipc_channel_win.cc, line 346
*** UTM:SVC TimerManager:registerTimer called after profile-before-change notification. Ignoring timer registration for id: telemetry_modules_ping

###!!! [Child][MessageChannel::SendAndWait] Error: Channel error: cannot send/recv

1532958322350	geckodriver	INFO	geckodriver 0.20.1
1532958322365	geckodriver	INFO	Listening on 127.0.0.1:2749
1532958325423	mozrunner::runner	INFO	Running command: "D:\\Program Files (x86)\\Mozilla Firefox\\firefox.exe" "-marionette" "-profile" "C:\\Users\\ADMINI~1\\AppData\\Local\\Temp\\rust_mozprofile.X41eKUMOLNLt"
1532958326955	Marionette	INFO	Enabled via --marionette
1532958329493	Marionette	INFO	Listening on port 2757
1532958330388	Marionette	WARN	TLS certificate errors will be ignored for this session
Unable to read VR Path Registry from C:\Users\Administrator\AppData\Local\openvr\openvrpaths.vrpath
JavaScript error: https://ss1.bdstatic.com/5eN1bjq8AAUYm2zgoY3K/r/www/cache/static/protocol/https/plugins/every_cookie_4644b13.js, line 4: ReferenceError: c is not defined
JavaScript error: https://sp0.baidu.com/5a1Fazu8AA54nxGko9WTAnF6hhy/su?wd=s&json=1&p=3&sid=26524_1442_21092_26350_26920_22157&req=2&csor=1&cb=jQuery110206563479608888689_1532958332174&_=1532958332176, line 1: TypeError: jQuery110206563479608888689_1532958332174 is not a function
JavaScript error: https://sp0.baidu.com/5a1Fazu8AA54nxGko9WTAnF6hhy/su?wd=se&json=1&p=3&sid=26524_1442_21092_26350_26920_22157&req=2&csor=2&pwd=s&cb=jQuery110206563479608888689_1532958332174&_=1532958332177, line 1: TypeError: jQuery110206563479608888689_1532958332174 is not a function
JavaScript error: https://sp0.baidu.com/5a1Fazu8AA54nxGko9WTAnF6hhy/su?wd=selenium&json=1&p=3&sid=26524_1442_21092_26350_26920_22157&req=2&csor=8&pwd=seleniu&cb=jQuery110206563479608888689_1532958332174&_=1532958332183, line 1: TypeError: jQuery110206563479608888689_1532958332174 is not a function
JavaScript error: https://sp0.baidu.com/5a1Fazu8AA54nxGko9WTAnF6hhy/su?wd=sel&json=1&p=3&sid=26524_1442_21092_26350_26920_22157&req=2&csor=3&pwd=se&cb=jQuery110206563479608888689_1532958332174&_=1532958332178, line 1: TypeError: jQuery110206563479608888689_1532958332174 is not a function
JavaScript error: https://sp0.baidu.com/5a1Fazu8AA54nxGko9WTAnF6hhy/su?wd=seleniu&json=1&p=3&sid=26524_1442_21092_26350_26920_22157&req=2&csor=7&pwd=seleni&cb=jQuery110206563479608888689_1532958332174&_=1532958332182, line 1: TypeError: jQuery110206563479608888689_1532958332174 is not a function
JavaScript error: https://sp0.baidu.com/5a1Fazu8AA54nxGko9WTAnF6hhy/su?wd=selen&json=1&p=3&sid=26524_1442_21092_26350_26920_22157&req=2&csor=5&pwd=sele&cb=jQuery110206563479608888689_1532958332174&_=1532958332180, line 1: TypeError: jQuery110206563479608888689_1532958332174 is not a function
JavaScript error: https://sp0.baidu.com/5a1Fazu8AA54nxGko9WTAnF6hhy/su?wd=sele&json=1&p=3&sid=26524_1442_21092_26350_26920_22157&req=2&csor=4&pwd=sel&cb=jQuery110206563479608888689_1532958332174&_=1532958332179, line 1: TypeError: jQuery110206563479608888689_1532958332174 is not a function
JavaScript error: https://sp0.baidu.com/5a1Fazu8AA54nxGko9WTAnF6hhy/su?wd=seleni&json=1&p=3&sid=26524_1442_21092_26350_26920_22157&req=2&csor=6&pwd=selen&cb=jQuery110206563479608888689_1532958332174&_=1532958332181, line 1: TypeError: jQuery110206563479608888689_1532958332174 is not a function
Unable to read VR Path Registry from C:\Users\Administrator\AppData\Local\openvr\openvrpaths.vrpath
[Parent 7664, Gecko_IOThread] WARNING: pipe error: 109: file z:/build/build/src/ipc/chromium/src/chrome/common/ipc_channel_win.cc, line 346
Unable to read VR Path Registry from C:\Users\Administrator\AppData\Local\openvr\openvrpaths.vrpath
[Child 9772, Chrome_ChildThread] WARNING: pipe error: 109: file z:/build/build/src/ipc/chromium/src/chrome/common/ipc_channel_win.cc, line 346
[Child 9772, Chrome_ChildThread] WARNING: pipe error: 109: file z:/build/build/src/ipc/chromium/src/chrome/common/ipc_channel_win.cc, line 346
[Child 6620, Chrome_ChildThread] WARNING: pipe error: 109: file z:/build/build/src/ipc/chromium/src/chrome/common/ipc_channel_win.cc, line 346
[Child 6620, Chrome_ChildThread] WARNING: pipe error: 109: file z:/build/build/src/ipc/chromium/src/chrome/common/ipc_channel_win.cc, line 346
*** UTM:SVC TimerManager:registerTimer called after profile-before-change notification. Ignoring timer registration for id: telemetry_modules_ping
Unable to read VR Path Registry from C:\Users\Administrator\AppData\Local\openvr\openvrpaths.vrpath
[GPU 9980, Chrome_ChildThread] WARNING: pipe error: 109: file z:/build/build/src/ipc/chromium/src/chrome/common/ipc_channel_win.cc, line 346
1532958393161	geckodriver	INFO	geckodriver 0.20.1
1532958393192	geckodriver	INFO	Listening on 127.0.0.1:2844
1532958396234	mozrunner::runner	INFO	Running command: "D:\\Program Files (x86)\\Mozilla Firefox\\firefox.exe" "-marionette" "-profile" "C:\\Users\\ADMINI~1\\AppData\\Local\\Temp\\rust_mozprofile.qmoBP82SGObh"
1532958402686	Marionette	INFO	Enabled via --marionette
1532958406281	Marionette	INFO	Listening on port 2852
1532958406797	Marionette	WARN	TLS certificate errors will be ignored for this session
Unable to read VR Path Registry from C:\Users\Administrator\AppData\Local\openvr\openvrpaths.vrpath
JavaScript error: https://www.jd.com/?cu=true&utm_source=p.egou.com&utm_medium=tuiguang&utm_campaign=t_36378_968990_c&utm_term=493e4940049544dd86ea342a0926e03d&abt=3, line 45: TypeError: t is undefined
Unable to read VR Path Registry from C:\Users\Administrator\AppData\Local\openvr\openvrpaths.vrpath
[Parent 10820, Gecko_IOThread] WARNING: pipe error: 109: file z:/build/build/src/ipc/chromium/src/chrome/common/ipc_channel_win.cc, line 346
Unable to read VR Path Registry from C:\Users\Administrator\AppData\Local\openvr\openvrpaths.vrpath
[Child 9672, Chrome_ChildThread] WARNING: pipe error: 109: file z:/build/build/src/ipc/chromium/src/chrome/common/ipc_channel_win.cc, line 346
[Child 9672, Chrome_ChildThread] WARNING: pipe error: 109: file z:/build/build/src/ipc/chromium/src/chrome/common/ipc_channel_win.cc, line 346
[Child 11196, Chrome_ChildThread] WARNING: pipe error: 109: file z:/build/build/src/ipc/chromium/src/chrome/common/ipc_channel_win.cc, line 346
[Parent 10820, Gecko_IOThread] WARNING: pipe error: 109: file z:/build/build/src/ipc/chromium/src/chrome/common/ipc_channel_win.cc, line 346
Unable to read VR Path Registry from C:\Users\Administrator\AppData\Local\openvr\openvrpaths.vrpath
[Child 11152, Chrome_ChildThread] WARNING: pipe error: 109: file z:/build/build/src/ipc/chromium/src/chrome/common/ipc_channel_win.cc, line 346
[Child 11152, Chrome_ChildThread] WARNING: pipe error: 109: file z:/build/build/src/ipc/chromium/src/chrome/common/ipc_channel_win.cc, line 346
*** UTM:SVC TimerManager:registerTimer called after profile-before-change notification. Ignoring timer registration for id: telemetry_modules_ping
[Parent 10820, Gecko_IOThread] WARNING: pipe error: 232: file z:/build/build/src/ipc/chromium/src/chrome/common/ipc_channel_win.cc, line 513
1532958564728	geckodriver	INFO	geckodriver 0.20.1
1532958564744	geckodriver	INFO	Listening on 127.0.0.1:2962
1532958567819	mozrunner::runner	INFO	Running command: "D:\\Program Files (x86)\\Mozilla Firefox\\firefox.exe" "-marionette" "-profile" "C:\\Users\\ADMINI~1\\AppData\\Local\\Temp\\rust_mozprofile.QYXE6hiliAQH"
1532958568967	Marionette	INFO	Enabled via --marionette
1532958571165	Marionette	INFO	Listening on port 2970
1532958572203	Marionette	WARN	TLS certificate errors will be ignored for this session
Unable to read VR Path Registry from C:\Users\Administrator\AppData\Local\openvr\openvrpaths.vrpath
JavaScript error: https://ss1.bdstatic.com/5eN1bjq8AAUYm2zgoY3K/r/www/cache/static/protocol/https/plugins/every_cookie_4644b13.js, line 4: ReferenceError: c is not defined
JavaScript error: https://www.jd.com/?cu=true&utm_source=p.egou.com&utm_medium=tuiguang&utm_campaign=t_36378_968990_c&utm_term=caa73671c0f54e1d9a28334c3083f756&abt=3, line 45: TypeError: t is undefined
JavaScript error: https://h5.360buyimg.com/ws_js/jdwebm.js?v=pcHome line 1 > eval, line 1: NS_ERROR_FAILURE: 
JavaScript error: https://sp0.baidu.com/5a1Fazu8AA54nxGko9WTAnF6hhy/su?wd=se&json=1&p=3&sid=26523_1442_26433_21122_26920_22159&req=2&csor=2&pwd=s&cb=jQuery1102016947842202264396_1532958799087&_=1532958799089, line 1: TypeError: jQuery1102016947842202264396_1532958799087 is not a function
JavaScript error: https://sp0.baidu.com/5a1Fazu8AA54nxGko9WTAnF6hhy/su?wd=s&json=1&p=3&sid=26523_1442_26433_21122_26920_22159&req=2&csor=1&cb=jQuery1102016947842202264396_1532958799087&_=1532958799088, line 1: TypeError: jQuery1102016947842202264396_1532958799087 is not a function
JavaScript error: https://sp0.baidu.com/5a1Fazu8AA54nxGko9WTAnF6hhy/su?wd=seleni&json=1&p=3&sid=26523_1442_26433_21122_26920_22159&req=2&csor=6&pwd=selen&cb=jQuery1102016947842202264396_1532958799087&_=1532958799093, line 1: TypeError: jQuery1102016947842202264396_1532958799087 is not a function
JavaScript error: https://sp0.baidu.com/5a1Fazu8AA54nxGko9WTAnF6hhy/su?wd=seleniu&json=1&p=3&sid=26523_1442_26433_21122_26920_22159&req=2&csor=7&pwd=seleni&cb=jQuery1102016947842202264396_1532958799087&_=1532958799094, line 1: TypeError: jQuery1102016947842202264396_1532958799087 is not a function
JavaScript error: https://sp0.baidu.com/5a1Fazu8AA54nxGko9WTAnF6hhy/su?wd=selenium&json=1&p=3&sid=26523_1442_26433_21122_26920_22159&req=2&csor=8&pwd=seleniu&cb=jQuery1102016947842202264396_1532958799087&_=1532958799095, line 1: TypeError: jQuery1102016947842202264396_1532958799087 is not a function
JavaScript error: https://sp0.baidu.com/5a1Fazu8AA54nxGko9WTAnF6hhy/su?wd=sele&json=1&p=3&sid=26523_1442_26433_21122_26920_22159&req=2&csor=4&pwd=sel&cb=jQuery1102016947842202264396_1532958799087&_=1532958799091, line 1: TypeError: jQuery1102016947842202264396_1532958799087 is not a function
JavaScript error: https://sp0.baidu.com/5a1Fazu8AA54nxGko9WTAnF6hhy/su?wd=selen&json=1&p=3&sid=26523_1442_26433_21122_26920_22159&req=2&csor=5&pwd=sele&cb=jQuery1102016947842202264396_1532958799087&_=1532958799092, line 1: TypeError: jQuery1102016947842202264396_1532958799087 is not a function
JavaScript error: https://sp0.baidu.com/5a1Fazu8AA54nxGko9WTAnF6hhy/su?wd=sel&json=1&p=3&sid=26523_1442_26433_21122_26920_22159&req=2&csor=3&pwd=se&cb=jQuery1102016947842202264396_1532958799087&_=1532958799090, line 1: TypeError: jQuery1102016947842202264396_1532958799087 is not a function
Unable to read VR Path Registry from C:\Users\Administrator\AppData\Local\openvr\openvrpaths.vrpath
[Parent 9892, Gecko_IOThread] WARNING: pipe error: 109: file z:/build/build/src/ipc/chromium/src/chrome/common/ipc_channel_win.cc, line 346
Unable to read VR Path Registry from C:\Users\Administrator\AppData\Local\openvr\openvrpaths.vrpath
[Child 10796, Chrome_ChildThread] WARNING: pipe error: 109: file z:/build/build/src/ipc/chromium/src/chrome/common/ipc_channel_win.cc, line 346
[Child 10796, Chrome_ChildThread] WARNING: pipe error: 109: file z:/build/build/src/ipc/chromium/src/chrome/common/ipc_channel_win.cc, line 346
1532958804317	addons.productaddons	WARN	Failed downloading via XHR, status: 0, reason: error
1532958804328	addons.productaddons	WARN	Failed downloading via XHR, status: 0, reason: error
[Child 10924, Chrome_ChildThread] WARNING: pipe error: 109: file z:/build/build/src/ipc/chromium/src/chrome/common/ipc_channel_win.cc, line 346
[Child 10924, Chrome_ChildThread] WARNING: pipe error: 109: file z:/build/build/src/ipc/chromium/src/chrome/common/ipc_channel_win.cc, line 346
Unable to read VR Path Registry from C:\Users\Administrator\AppData\Local\openvr\openvrpaths.vrpath
[Child 11056, Chrome_ChildThread] WARNING: pipe error: 109: file z:/build/build/src/ipc/chromium/src/chrome/common/ipc_channel_win.cc, line 346
Unable to read VR Path Registry from C:\Users\Administrator\AppData\Local\openvr\openvrpaths.vrpath
[GPU 9452, Chrome_ChildThread] WARNING: pipe error: 109: file z:/build/build/src/ipc/chromium/src/chrome/common/ipc_channel_win.cc, line 346

###!!! [Child][MessageChannel::SendAndWait] Error: Channel error: cannot send/recv

1532958848633	geckodriver	INFO	geckodriver 0.20.1
1532958848665	geckodriver	INFO	Listening on 127.0.0.1:3201
1532958851710	mozrunner::runner	INFO	Running command: "D:\\Program Files (x86)\\Mozilla Firefox\\firefox.exe" "-marionette" "-profile" "C:\\Users\\ADMINI~1\\AppData\\Local\\Temp\\rust_mozprofile.GHUTuXpbprmD"
1532958854945	Marionette	INFO	Enabled via --marionette
1532958859579	Marionette	INFO	Listening on port 3209
1532958859839	Marionette	WARN	TLS certificate errors will be ignored for this session
Unable to read VR Path Registry from C:\Users\Administrator\AppData\Local\openvr\openvrpaths.vrpath
JavaScript error: https://ss1.bdstatic.com/5eN1bjq8AAUYm2zgoY3K/r/www/cache/static/protocol/https/plugins/every_cookie_4644b13.js, line 4: ReferenceError: c is not defined
JavaScript error: https://www.jd.com/?cu=true&utm_source=p.egou.com&utm_medium=tuiguang&utm_campaign=t_36378_968990_c&utm_term=7221247d340944e8a960109c7e171304&abt=3, line 45: TypeError: t is undefined
Unable to read VR Path Registry from C:\Users\Administrator\AppData\Local\openvr\openvrpaths.vrpath
[Child 9500, Chrome_ChildThread] WARNING: pipe error: 109: file z:/build/build/src/ipc/chromium/src/chrome/common/ipc_channel_win.cc, line 346
[Child 9500, Chrome_ChildThread] WARNING: pipe error: 109: file z:/build/build/src/ipc/chromium/src/chrome/common/ipc_channel_win.cc, line 346
[Child 5708, Chrome_ChildThread] WARNING: pipe error: 109: file z:/build/build/src/ipc/chromium/src/chrome/common/ipc_channel_win.cc, line 346
[Child 5708, Chrome_ChildThread] WARNING: pipe error: 109: file z:/build/build/src/ipc/chromium/src/chrome/common/ipc_channel_win.cc, line 346
Unable to read VR Path Registry from C:\Users\Administrator\AppData\Local\openvr\openvrpaths.vrpath
[Child 9512, Chrome_ChildThread] WARNING: pipe error: 109: file z:/build/build/src/ipc/chromium/src/chrome/common/ipc_channel_win.cc, line 346
[Child 9512, Chrome_ChildThread] WARNING: pipe error: 109: file z:/build/build/src/ipc/chromium/src/chrome/common/ipc_channel_win.cc, line 346
Unable to read VR Path Registry from C:\Users\Administrator\AppData\Local\openvr\openvrpaths.vrpath
[Parent 8708, Gecko_IOThread] WARNING: pipe error: 232: file z:/build/build/src/ipc/chromium/src/chrome/common/ipc_channel_win.cc, line 513
1532958964037	geckodriver	INFO	geckodriver 0.20.1
1532958964037	geckodriver	INFO	Listening on 127.0.0.1:3333
1532958967159	mozrunner::runner	INFO	Running command: "D:\\Program Files (x86)\\Mozilla Firefox\\firefox.exe" "-marionette" "-profile" "C:\\Users\\ADMINI~1\\AppData\\Local\\Temp\\rust_mozprofile.uWBVtUs31Q2S"
1532958968597	Marionette	INFO	Enabled via --marionette
1532958970802	Marionette	INFO	Listening on port 3341
1532958971408	Marionette	WARN	TLS certificate errors will be ignored for this session
Unable to read VR Path Registry from C:\Users\Administrator\AppData\Local\openvr\openvrpaths.vrpath
JavaScript error: https://ss1.bdstatic.com/5eN1bjq8AAUYm2zgoY3K/r/www/cache/static/protocol/https/plugins/every_cookie_4644b13.js, line 4: ReferenceError: c is not defined
JavaScript error: https://www.jd.com/?cu=true&utm_source=p.egou.com&utm_medium=tuiguang&utm_campaign=t_36378_968990_c&utm_term=91f0e07872084999b13f527e0c5750f9&abt=3, line 45: TypeError: t is undefined

###!!! [Child][MessageChannel] Error: (msgtype=0x4E0016,name=PLayerTransaction::Msg_ClearCachedResources) Channel error: cannot send/recv


###!!! [Child][MessageChannel] Error: (msgtype=0x7A0003,name=PTexture::Msg_Destroy) Channel error: cannot send/recv


###!!! [Child][MessageChannel] Error: (msgtype=0x4E0007,name=PLayerTransaction::Msg_ReleaseCompositable) Channel error: cannot send/recv


###!!! [Child][MessageChannel] Error: (msgtype=0x7A0003,name=PTexture::Msg_Destroy) Channel error: cannot send/recv


###!!! [Child][MessageChannel] Error: (msgtype=0x4E0007,name=PLayerTransaction::Msg_ReleaseCompositable) Channel error: cannot send/recv


###!!! [Child][MessageChannel] Error: (msgtype=0x7A0003,name=PTexture::Msg_Destroy) Channel error: cannot send/recv


###!!! [Child][MessageChannel] Error: (msgtype=0x4E0007,name=PLayerTransaction::Msg_ReleaseCompositable) Channel error: cannot send/recv


###!!! [Child][MessageChannel] Error: (msgtype=0x4E0006,name=PLayerTransaction::Msg_ReleaseLayer) Channel error: cannot send/recv


###!!! [Child][MessageChannel] Error: (msgtype=0x4E0006,name=PLayerTransaction::Msg_ReleaseLayer) Channel error: cannot send/recv


###!!! [Child][MessageChannel] Error: (msgtype=0x4E0006,name=PLayerTransaction::Msg_ReleaseLayer) Channel error: cannot send/recv


###!!! [Child][MessageChannel] Error: (msgtype=0x4E0006,name=PLayerTransaction::Msg_ReleaseLayer) Channel error: cannot send/recv


###!!! [Child][MessageChannel] Error: (msgtype=0x4E0006,name=PLayerTransaction::Msg_ReleaseLayer) Channel error: cannot send/recv


###!!! [Child][MessageChannel] Error: (msgtype=0x4E0006,name=PLayerTransaction::Msg_ReleaseLayer) Channel error: cannot send/recv


###!!! [Child][MessageChannel] Error: (msgtype=0x4E0006,name=PLayerTransaction::Msg_ReleaseLayer) Channel error: cannot send/recv


###!!! [Child][MessageChannel] Error: (msgtype=0x4E0006,name=PLayerTransaction::Msg_ReleaseLayer) Channel error: cannot send/recv


###!!! [Child][MessageChannel] Error: (msgtype=0x4E001F,name=PLayerTransaction::Msg_Shutdown) Channel error: cannot send/recv


###!!! [Child][MessageChannel::SendAndWait] Error: (msgtype=0x280016,name=PCompositorBridge::Msg_WillClose) Channel error: cannot send/recv

[GFX1-]: Receive IPC close with reason=AbnormalShutdown
1532959065117	geckodriver	INFO	geckodriver 0.20.1
1532959065158	geckodriver	INFO	Listening on 127.0.0.1:3462
1532959068304	mozrunner::runner	INFO	Running command: "D:\\Program Files (x86)\\Mozilla Firefox\\firefox.exe" "-marionette" "-profile" "C:\\Users\\ADMINI~1\\AppData\\Local\\Temp\\rust_mozprofile.V5X1uwnPKYG9"
1532959069504	Marionette	INFO	Enabled via --marionette
1532959071755	Marionette	INFO	Listening on port 3471
1532959072002	Marionette	WARN	TLS certificate errors will be ignored for this session
Unable to read VR Path Registry from C:\Users\Administrator\AppData\Local\openvr\openvrpaths.vrpath
JavaScript error: https://ss1.bdstatic.com/5eN1bjq8AAUYm2zgoY3K/r/www/cache/static/protocol/https/plugins/every_cookie_4644b13.js, line 4: ReferenceError: c is not defined
JavaScript error: https://www.jd.com/?cu=true&utm_source=p.egou.com&utm_medium=tuiguang&utm_campaign=t_36378_968990_c&utm_term=c160f0ea70614828b14afc5668b6afa0&abt=3, line 45: TypeError: t is undefined
[Child 8024, Chrome_ChildThread] WARNING: pipe error: 109: file z:/build/build/src/ipc/chromium/src/chrome/common/ipc_channel_win.cc, line 346
Unable to read VR Path Registry from C:\Users\Administrator\AppData\Local\openvr\openvrpaths.vrpath
[Child 8408, Chrome_ChildThread] WARNING: pipe error: 109: file z:/build/build/src/ipc/chromium/src/chrome/common/ipc_channel_win.cc, line 346
[Child 8408, Chrome_ChildThread] WARNING: pipe error: 109: file z:/build/build/src/ipc/chromium/src/chrome/common/ipc_channel_win.cc, line 346
Unable to read VR Path Registry from C:\Users\Administrator\AppData\Local\openvr\openvrpaths.vrpath
[Child 10164, Chrome_ChildThread] WARNING: pipe error: 109: file z:/build/build/src/ipc/chromium/src/chrome/common/ipc_channel_win.cc, line 346
*** UTM:SVC TimerManager:registerTimer called after profile-before-change notification. Ignoring timer registration for id: telemetry_modules_ping
Unable to read VR Path Registry from C:\Users\Administrator\AppData\Local\openvr\openvrpaths.vrpath
[GPU 10200, Chrome_ChildThread] WARNING: pipe error: 109: file z:/build/build/src/ipc/chromium/src/chrome/common/ipc_channel_win.cc, line 346

###!!! [Child][MessageChannel::SendAndWait] Error: Channel error: cannot send/recv

Unable to read VR Path Registry from C:\Users\Administrator\AppData\Local\openvr\openvrpaths.vrpath
1532959113479	geckodriver	INFO	geckodriver 0.20.1
1532959113495	geckodriver	INFO	Listening on 127.0.0.1:3582
1532959116617	mozrunner::runner	INFO	Running command: "D:\\Program Files (x86)\\Mozilla Firefox\\firefox.exe" "-marionette" "-profile" "C:\\Users\\ADMINI~1\\AppData\\Local\\Temp\\rust_mozprofile.8NyaDJ3k419t"
1532959119180	Marionette	INFO	Enabled via --marionette
1532959121304	Marionette	INFO	Listening on port 3590
1532959122223	Marionette	WARN	TLS certificate errors will be ignored for this session
Unable to read VR Path Registry from C:\Users\Administrator\AppData\Local\openvr\openvrpaths.vrpath
JavaScript error: https://ss1.bdstatic.com/5eN1bjq8AAUYm2zgoY3K/r/www/cache/static/protocol/https/plugins/every_cookie_4644b13.js, line 4: ReferenceError: c is not defined
JavaScript error: https://sp0.baidu.com/5a1Fazu8AA54nxGko9WTAnF6hhy/su?wd=s&json=1&p=3&sid=26940_1468_21113_26350_26924_22159&req=2&csor=1&cb=jQuery1102027906999452387493_1532959127670&_=1532959127672, line 1: TypeError: jQuery1102027906999452387493_1532959127670 is not a function
JavaScript error: https://sp0.baidu.com/5a1Fazu8AA54nxGko9WTAnF6hhy/su?wd=sel&json=1&p=3&sid=26940_1468_21113_26350_26924_22159&req=2&csor=3&pwd=se&cb=jQuery1102027906999452387493_1532959127670&_=1532959127674, line 1: TypeError: jQuery1102027906999452387493_1532959127670 is not a function
JavaScript error: https://sp0.baidu.com/5a1Fazu8AA54nxGko9WTAnF6hhy/su?wd=se&json=1&p=3&sid=26940_1468_21113_26350_26924_22159&req=2&csor=2&pwd=s&cb=jQuery1102027906999452387493_1532959127670&_=1532959127673, line 1: TypeError: jQuery1102027906999452387493_1532959127670 is not a function
JavaScript error: https://sp0.baidu.com/5a1Fazu8AA54nxGko9WTAnF6hhy/su?wd=seleniu&json=1&p=3&sid=26940_1468_21113_26350_26924_22159&req=2&csor=7&pwd=seleni&cb=jQuery1102027906999452387493_1532959127670&_=1532959127678, line 1: TypeError: jQuery1102027906999452387493_1532959127670 is not a function
JavaScript error: https://sp0.baidu.com/5a1Fazu8AA54nxGko9WTAnF6hhy/su?wd=selenium&json=1&p=3&sid=26940_1468_21113_26350_26924_22159&req=2&csor=8&pwd=seleniu&cb=jQuery1102027906999452387493_1532959127670&_=1532959127679, line 1: TypeError: jQuery1102027906999452387493_1532959127670 is not a function
JavaScript error: https://sp0.baidu.com/5a1Fazu8AA54nxGko9WTAnF6hhy/su?wd=selen&json=1&p=3&sid=26940_1468_21113_26350_26924_22159&req=2&csor=5&pwd=sele&cb=jQuery1102027906999452387493_1532959127670&_=1532959127676, line 1: TypeError: jQuery1102027906999452387493_1532959127670 is not a function
JavaScript error: https://sp0.baidu.com/5a1Fazu8AA54nxGko9WTAnF6hhy/su?wd=seleni&json=1&p=3&sid=26940_1468_21113_26350_26924_22159&req=2&csor=6&pwd=selen&cb=jQuery1102027906999452387493_1532959127670&_=1532959127677, line 1: TypeError: jQuery1102027906999452387493_1532959127670 is not a function
JavaScript error: https://sp0.baidu.com/5a1Fazu8AA54nxGko9WTAnF6hhy/su?wd=sele&json=1&p=3&sid=26940_1468_21113_26350_26924_22159&req=2&csor=4&pwd=sel&cb=jQuery1102027906999452387493_1532959127670&_=1532959127675, line 1: TypeError: jQuery1102027906999452387493_1532959127670 is not a function
Unable to read VR Path Registry from C:\Users\Administrator\AppData\Local\openvr\openvrpaths.vrpath
[Child 10248, Chrome_ChildThread] WARNING: pipe error: 109: file z:/build/build/src/ipc/chromium/src/chrome/common/ipc_channel_win.cc, line 346
[Child 10248, Chrome_ChildThread] WARNING: pipe error: 109: file z:/build/build/src/ipc/chromium/src/chrome/common/ipc_channel_win.cc, line 346
[Child 9728, Chrome_ChildThread] WARNING: pipe error: 109: file z:/build/build/src/ipc/chromium/src/chrome/common/ipc_channel_win.cc, line 346
[Child 9728, Chrome_ChildThread] WARNING: pipe error: 109: file z:/build/build/src/ipc/chromium/src/chrome/common/ipc_channel_win.cc, line 346
Unable to read VR Path Registry from C:\Users\Administrator\AppData\Local\openvr\openvrpaths.vrpath
[Child 10056, Chrome_ChildThread] WARNING: pipe error: 109: file z:/build/build/src/ipc/chromium/src/chrome/common/ipc_channel_win.cc, line 346
[Child 10056, Chrome_ChildThread] WARNING: pipe error: 109: file z:/build/build/src/ipc/chromium/src/chrome/common/ipc_channel_win.cc, line 346
*** UTM:SVC TimerManager:registerTimer called after profile-before-change notification. Ignoring timer registration for id: telemetry_modules_ping
Unable to read VR Path Registry from C:\Users\Administrator\AppData\Local\openvr\openvrpaths.vrpath
1532959208836	geckodriver	INFO	geckodriver 0.20.1
1532959208852	geckodriver	INFO	Listening on 127.0.0.1:3688
1532959211972	mozrunner::runner	INFO	Running command: "D:\\Program Files (x86)\\Mozilla Firefox\\firefox.exe" "-marionette" "-profile" "C:\\Users\\ADMINI~1\\AppData\\Local\\Temp\\rust_mozprofile.6H0Jfr5VCzak"
1532959213359	Marionette	INFO	Enabled via --marionette
1532959215625	Marionette	INFO	Listening on port 3696
1532959217942	Marionette	WARN	TLS certificate errors will be ignored for this session
Unable to read VR Path Registry from C:\Users\Administrator\AppData\Local\openvr\openvrpaths.vrpath
JavaScript error: https://sp0.baidu.com/5a1Fazu8AA54nxGko9WTAnF6hhy/su?wd=se&json=1&p=3&sid=26940_1459_26432_21101_26924_20928&req=2&csor=2&pwd=s&cb=jQuery1102028241731318089736_1532959219130&_=1532959219133, line 1: TypeError: jQuery1102028241731318089736_1532959219130 is not a function
JavaScript error: https://sp0.baidu.com/5a1Fazu8AA54nxGko9WTAnF6hhy/su?wd=sele&json=1&p=3&sid=26940_1459_26432_21101_26924_20928&req=2&csor=4&pwd=sel&cb=jQuery1102028241731318089736_1532959219130&_=1532959219135, line 1: TypeError: jQuery1102028241731318089736_1532959219130 is not a function
JavaScript error: https://sp0.baidu.com/5a1Fazu8AA54nxGko9WTAnF6hhy/su?wd=sel&json=1&p=3&sid=26940_1459_26432_21101_26924_20928&req=2&csor=3&pwd=se&cb=jQuery1102028241731318089736_1532959219130&_=1532959219134, line 1: TypeError: jQuery1102028241731318089736_1532959219130 is not a function
JavaScript error: https://sp0.baidu.com/5a1Fazu8AA54nxGko9WTAnF6hhy/su?wd=selen&json=1&p=3&sid=26940_1459_26432_21101_26924_20928&req=2&csor=5&pwd=sele&cb=jQuery1102028241731318089736_1532959219130&_=1532959219136, line 1: TypeError: jQuery1102028241731318089736_1532959219130 is not a function
JavaScript error: https://sp0.baidu.com/5a1Fazu8AA54nxGko9WTAnF6hhy/su?wd=seleniu&json=1&p=3&sid=26940_1459_26432_21101_26924_20928&req=2&csor=7&pwd=seleni&cb=jQuery1102028241731318089736_1532959219130&_=1532959219138, line 1: TypeError: jQuery1102028241731318089736_1532959219130 is not a function
JavaScript error: https://sp0.baidu.com/5a1Fazu8AA54nxGko9WTAnF6hhy/su?wd=seleni&json=1&p=3&sid=26940_1459_26432_21101_26924_20928&req=2&csor=6&pwd=selen&cb=jQuery1102028241731318089736_1532959219130&_=1532959219137, line 1: TypeError: jQuery1102028241731318089736_1532959219130 is not a function
JavaScript error: https://sp0.baidu.com/5a1Fazu8AA54nxGko9WTAnF6hhy/su?wd=selenium&json=1&p=3&sid=26940_1459_26432_21101_26924_20928&req=2&csor=8&pwd=seleniu&cb=jQuery1102028241731318089736_1532959219130&_=1532959219139, line 1: TypeError: jQuery1102028241731318089736_1532959219130 is not a function
JavaScript error: https://www.baidu.com/, line 657: ReferenceError: $ is not defined
JavaScript error: https://www.baidu.com/, line 714: ReferenceError: $ is not defined
JavaScript error: https://ss1.bdstatic.com/5eN1bjq8AAUYm2zgoY3K/r/www/cache/static/protocol/https/global/js/all_async_search_0b2b7cf.js, line 108: ReferenceError: $ is not defined
JavaScript error: https://ss1.bdstatic.com/5eN1bjq8AAUYm2zgoY3K/r/www/cache/static/protocol/https/global/js/all_async_search_0b2b7cf.js, line 55: ReferenceError: $ is not defined
Unable to read VR Path Registry from C:\Users\Administrator\AppData\Local\openvr\openvrpaths.vrpath
[Parent 11560, Gecko_IOThread] WARNING: pipe error: 109: file z:/build/build/src/ipc/chromium/src/chrome/common/ipc_channel_win.cc, line 346
Unable to read VR Path Registry from C:\Users\Administrator\AppData\Local\openvr\openvrpaths.vrpath
[Child 9348, Chrome_ChildThread] WARNING: pipe error: 109: file z:/build/build/src/ipc/chromium/src/chrome/common/ipc_channel_win.cc, line 346
[Parent 11560, Gecko_IOThread] WARNING: pipe error: 109: file z:/build/build/src/ipc/chromium/src/chrome/common/ipc_channel_win.cc, line 346
[Child 11464, Chrome_ChildThread] WARNING: pipe error: 109: file z:/build/build/src/ipc/chromium/src/chrome/common/ipc_channel_win.cc, line 346
[Child 11464, Chrome_ChildThread] WARNING: pipe error: 109: file z:/build/build/src/ipc/chromium/src/chrome/common/ipc_channel_win.cc, line 346
Unable to read VR Path Registry from C:\Users\Administrator\AppData\Local\openvr\openvrpaths.vrpath
[Child 11484, Chrome_ChildThread] WARNING: pipe error: 109: file z:/build/build/src/ipc/chromium/src/chrome/common/ipc_channel_win.cc, line 346
*** UTM:SVC TimerManager:registerTimer called after profile-before-change notification. Ignoring timer registration for id: telemetry_modules_ping
Unable to read VR Path Registry from C:\Users\Administrator\AppData\Local\openvr\openvrpaths.vrpath
[GPU 7432, Chrome_ChildThread] WARNING: pipe error: 109: file z:/build/build/src/ipc/chromium/src/chrome/common/ipc_channel_win.cc, line 346

###!!! [Child][MessageChannel::SendAndWait] Error: (msgtype=0x4B0006,name=PImageBridge::Msg_WillClose) Channel error: cannot send/recv

1532959286277	geckodriver	INFO	geckodriver 0.20.1
1532959286293	geckodriver	INFO	Listening on 127.0.0.1:3791
1532959289382	mozrunner::runner	INFO	Running command: "D:\\Program Files (x86)\\Mozilla Firefox\\firefox.exe" "-marionette" "-profile" "C:\\Users\\ADMINI~1\\AppData\\Local\\Temp\\rust_mozprofile.AK0PLCcz16xa"
1532959292102	Marionette	INFO	Enabled via --marionette
1532959294327	Marionette	INFO	Listening on port 3799
1532959298310	Marionette	WARN	TLS certificate errors will be ignored for this session
Unable to read VR Path Registry from C:\Users\Administrator\AppData\Local\openvr\openvrpaths.vrpath
JavaScript error: https://ss1.bdstatic.com/5eN1bjq8AAUYm2zgoY3K/r/www/cache/static/protocol/https/plugins/every_cookie_4644b13.js, line 4: ReferenceError: c is not defined
JavaScript error: https://sp0.baidu.com/5a1Fazu8AA54nxGko9WTAnF6hhy/su?wd=sel&json=1&p=3&sid=1427_21078_18559_26925_20928&req=2&csor=3&pwd=se&cb=jQuery110203539220932651794_1532959299474&_=1532959299478, line 1: TypeError: jQuery110203539220932651794_1532959299474 is not a function
JavaScript error: https://sp0.baidu.com/5a1Fazu8AA54nxGko9WTAnF6hhy/su?wd=seleni&json=1&p=3&sid=1427_21078_18559_26925_20928&req=2&csor=6&pwd=selen&cb=jQuery110203539220932651794_1532959299474&_=1532959299481, line 1: TypeError: jQuery110203539220932651794_1532959299474 is not a function
JavaScript error: https://sp0.baidu.com/5a1Fazu8AA54nxGko9WTAnF6hhy/su?wd=sele&json=1&p=3&sid=1427_21078_18559_26925_20928&req=2&csor=4&pwd=sel&cb=jQuery110203539220932651794_1532959299474&_=1532959299479, line 1: TypeError: jQuery110203539220932651794_1532959299474 is not a function
JavaScript error: https://sp0.baidu.com/5a1Fazu8AA54nxGko9WTAnF6hhy/su?wd=selen&json=1&p=3&sid=1427_21078_18559_26925_20928&req=2&csor=5&pwd=sele&cb=jQuery110203539220932651794_1532959299474&_=1532959299480, line 1: TypeError: jQuery110203539220932651794_1532959299474 is not a function
JavaScript error: https://sp0.baidu.com/5a1Fazu8AA54nxGko9WTAnF6hhy/su?wd=s&json=1&p=3&sid=1427_21078_18559_26925_20928&req=2&csor=1&cb=jQuery110203539220932651794_1532959299474&_=1532959299476, line 1: TypeError: jQuery110203539220932651794_1532959299474 is not a function
JavaScript error: https://sp0.baidu.com/5a1Fazu8AA54nxGko9WTAnF6hhy/su?wd=se&json=1&p=3&sid=1427_21078_18559_26925_20928&req=2&csor=2&pwd=s&cb=jQuery110203539220932651794_1532959299474&_=1532959299477, line 1: TypeError: jQuery110203539220932651794_1532959299474 is not a function
JavaScript error: https://sp0.baidu.com/5a1Fazu8AA54nxGko9WTAnF6hhy/su?wd=seleniu&json=1&p=3&sid=1427_21078_18559_26925_20928&req=2&csor=7&pwd=seleni&cb=jQuery110203539220932651794_1532959299474&_=1532959299482, line 1: TypeError: jQuery110203539220932651794_1532959299474 is not a function
JavaScript error: https://sp0.baidu.com/5a1Fazu8AA54nxGko9WTAnF6hhy/su?wd=selenium&json=1&p=3&sid=1427_21078_18559_26925_20928&req=2&csor=8&pwd=seleniu&cb=jQuery110203539220932651794_1532959299474&_=1532959299483, line 1: TypeError: jQuery110203539220932651794_1532959299474 is not a function
Unable to read VR Path Registry from C:\Users\Administrator\AppData\Local\openvr\openvrpaths.vrpath
[Child 9608, Chrome_ChildThread] WARNING: pipe error: 109: file z:/build/build/src/ipc/chromium/src/chrome/common/ipc_channel_win.cc, line 346
[Child 11912, Chrome_ChildThread] WARNING: pipe error: 109: file z:/build/build/src/ipc/chromium/src/chrome/common/ipc_channel_win.cc, line 346
[Child 11912, Chrome_ChildThread] WARNING: pipe error: 109: file z:/build/build/src/ipc/chromium/src/chrome/common/ipc_channel_win.cc, line 346
Unable to read VR Path Registry from C:\Users\Administrator\AppData\Local\openvr\openvrpaths.vrpath
[Child 10228, Chrome_ChildThread] WARNING: pipe error: 109: file z:/build/build/src/ipc/chromium/src/chrome/common/ipc_channel_win.cc, line 346
*** UTM:SVC TimerManager:registerTimer called after profile-before-change notification. Ignoring timer registration for id: telemetry_modules_ping

###!!! [Child][MessageChannel::SendAndWait] Error: Channel error: cannot send/recv

Unable to read VR Path Registry from C:\Users\Administrator\AppData\Local\openvr\openvrpaths.vrpath
1532959330874	geckodriver	INFO	geckodriver 0.20.1
1532959330905	geckodriver	INFO	Listening on 127.0.0.1:3899
1532959334001	mozrunner::runner	INFO	Running command: "D:\\Program Files (x86)\\Mozilla Firefox\\firefox.exe" "-marionette" "-profile" "C:\\Users\\ADMINI~1\\AppData\\Local\\Temp\\rust_mozprofile.Se46meMPg03i"
1532959335337	Marionette	INFO	Enabled via --marionette
1532959337564	Marionette	INFO	Listening on port 3907
1532959337914	Marionette	WARN	TLS certificate errors will be ignored for this session
Unable to read VR Path Registry from C:\Users\Administrator\AppData\Local\openvr\openvrpaths.vrpath
JavaScript error: https://ss1.bdstatic.com/5eN1bjq8AAUYm2zgoY3K/r/www/cache/static/protocol/https/plugins/every_cookie_4644b13.js, line 4: ReferenceError: c is not defined
JavaScript error: https://sp0.baidu.com/5a1Fazu8AA54nxGko9WTAnF6hhy/su?wd=seleni&json=1&p=3&sid=26938_1446_26459_21104_26921_20718&req=2&csor=6&pwd=selen&cb=jQuery110206627468273709036_1532959339645&_=1532959339652, line 1: TypeError: jQuery110206627468273709036_1532959339645 is not a function
JavaScript error: https://sp0.baidu.com/5a1Fazu8AA54nxGko9WTAnF6hhy/su?wd=se&json=1&p=3&sid=26938_1446_26459_21104_26921_20718&req=2&csor=2&pwd=s&cb=jQuery110206627468273709036_1532959339645&_=1532959339648, line 1: TypeError: jQuery110206627468273709036_1532959339645 is not a function
JavaScript error: https://sp0.baidu.com/5a1Fazu8AA54nxGko9WTAnF6hhy/su?wd=seleniu&json=1&p=3&sid=26938_1446_26459_21104_26921_20718&req=2&csor=7&pwd=seleni&cb=jQuery110206627468273709036_1532959339645&_=1532959339653, line 1: TypeError: jQuery110206627468273709036_1532959339645 is not a function
JavaScript error: https://sp0.baidu.com/5a1Fazu8AA54nxGko9WTAnF6hhy/su?wd=selenium&json=1&p=3&sid=26938_1446_26459_21104_26921_20718&req=2&csor=8&pwd=seleniu&cb=jQuery110206627468273709036_1532959339645&_=1532959339654, line 1: TypeError: jQuery110206627468273709036_1532959339645 is not a function
JavaScript error: https://sp0.baidu.com/5a1Fazu8AA54nxGko9WTAnF6hhy/su?wd=sel&json=1&p=3&sid=26938_1446_26459_21104_26921_20718&req=2&csor=3&pwd=se&cb=jQuery110206627468273709036_1532959339645&_=1532959339649, line 1: TypeError: jQuery110206627468273709036_1532959339645 is not a function
JavaScript error: https://sp0.baidu.com/5a1Fazu8AA54nxGko9WTAnF6hhy/su?wd=s&json=1&p=3&sid=26938_1446_26459_21104_26921_20718&req=2&csor=1&cb=jQuery110206627468273709036_1532959339645&_=1532959339647, line 1: TypeError: jQuery110206627468273709036_1532959339645 is not a function
JavaScript error: https://sp0.baidu.com/5a1Fazu8AA54nxGko9WTAnF6hhy/su?wd=selen&json=1&p=3&sid=26938_1446_26459_21104_26921_20718&req=2&csor=5&pwd=sele&cb=jQuery110206627468273709036_1532959339645&_=1532959339651, line 1: TypeError: jQuery110206627468273709036_1532959339645 is not a function
JavaScript error: https://sp0.baidu.com/5a1Fazu8AA54nxGko9WTAnF6hhy/su?wd=sele&json=1&p=3&sid=26938_1446_26459_21104_26921_20718&req=2&csor=4&pwd=sel&cb=jQuery110206627468273709036_1532959339645&_=1532959339650, line 1: TypeError: jQuery110206627468273709036_1532959339645 is not a function
JavaScript error: https://sp0.baidu.com/5a1Fazu8AA54nxGko9WTAnF6hhy/su?wd=pyt&json=1&p=3&sid=26938_1446_26459_21104_26921_20718&req=2&csor=3&pwd=py&cb=jQuery110202913350380590993_1532959348997&_=1532959349001, line 1: TypeError: jQuery110202913350380590993_1532959348997 is not a function
JavaScript error: https://sp0.baidu.com/5a1Fazu8AA54nxGko9WTAnF6hhy/su?wd=py&json=1&p=3&sid=26938_1446_26459_21104_26921_20718&req=2&csor=2&pwd=p&cb=jQuery110202913350380590993_1532959348997&_=1532959349000, line 1: TypeError: jQuery110202913350380590993_1532959348997 is not a function
JavaScript error: https://sp0.baidu.com/5a1Fazu8AA54nxGko9WTAnF6hhy/su?wd=pytho&json=1&p=3&sid=26938_1446_26459_21104_26921_20718&req=2&csor=5&pwd=pyth&cb=jQuery110202913350380590993_1532959348997&_=1532959349003, line 1: TypeError: jQuery110202913350380590993_1532959348997 is not a function
JavaScript error: https://sp0.baidu.com/5a1Fazu8AA54nxGko9WTAnF6hhy/su?wd=python&json=1&p=3&sid=26938_1446_26459_21104_26921_20718&req=2&csor=6&pwd=pytho&cb=jQuery110202913350380590993_1532959348997&_=1532959349004, line 1: TypeError: jQuery110202913350380590993_1532959348997 is not a function
JavaScript error: https://sp0.baidu.com/5a1Fazu8AA54nxGko9WTAnF6hhy/su?wd=pyth&json=1&p=3&sid=26938_1446_26459_21104_26921_20718&req=2&csor=4&pwd=pyt&cb=jQuery110202913350380590993_1532959348997&_=1532959349002, line 1: TypeError: jQuery110202913350380590993_1532959348997 is not a function
Unable to read VR Path Registry from C:\Users\Administrator\AppData\Local\openvr\openvrpaths.vrpath
[Child 9924, Chrome_ChildThread] WARNING: pipe error: 109: file z:/build/build/src/ipc/chromium/src/chrome/common/ipc_channel_win.cc, line 346
[Child 9924, Chrome_ChildThread] WARNING: pipe error: 109: file z:/build/build/src/ipc/chromium/src/chrome/common/ipc_channel_win.cc, line 346
[Child 4588, Chrome_ChildThread] WARNING: pipe error: 109: file z:/build/build/src/ipc/chromium/src/chrome/common/ipc_channel_win.cc, line 346
[Child 4588, Chrome_ChildThread] WARNING: pipe error: 109: file z:/build/build/src/ipc/chromium/src/chrome/common/ipc_channel_win.cc, line 346
Unable to read VR Path Registry from C:\Users\Administrator\AppData\Local\openvr\openvrpaths.vrpath
[Child 11380, Chrome_ChildThread] WARNING: pipe error: 109: file z:/build/build/src/ipc/chromium/src/chrome/common/ipc_channel_win.cc, line 346
*** UTM:SVC TimerManager:registerTimer called after profile-before-change notification. Ignoring timer registration for id: telemetry_modules_ping

###!!! [Child][MessageChannel::SendAndWait] Error: Channel error: cannot send/recv

Unable to read VR Path Registry from C:\Users\Administrator\AppData\Local\openvr\openvrpaths.vrpath
1532959399898	geckodriver	INFO	geckodriver 0.20.1
1532959399914	geckodriver	INFO	Listening on 127.0.0.1:4018
1532959403020	mozrunner::runner	INFO	Running command: "D:\\Program Files (x86)\\Mozilla Firefox\\firefox.exe" "-marionette" "-profile" "C:\\Users\\ADMINI~1\\AppData\\Local\\Temp\\rust_mozprofile.CbFqTO4nTrEo"
1532959404238	Marionette	INFO	Enabled via --marionette
1532959406544	Marionette	INFO	Listening on port 4026
1532959406914	Marionette	WARN	TLS certificate errors will be ignored for this session
Unable to read VR Path Registry from C:\Users\Administrator\AppData\Local\openvr\openvrpaths.vrpath
JavaScript error: https://www.jd.com/?cu=true&utm_source=p.egou.com&utm_medium=tuiguang&utm_campaign=t_36378_968990_c&utm_term=5cff5a94def044f0985a45637b8475c3&abt=3, line 45: TypeError: t is undefined
Unable to read VR Path Registry from C:\Users\Administrator\AppData\Local\openvr\openvrpaths.vrpath
[Parent 10656, Gecko_IOThread] WARNING: pipe error: 109: file z:/build/build/src/ipc/chromium/src/chrome/common/ipc_channel_win.cc, line 346
Unable to read VR Path Registry from C:\Users\Administrator\AppData\Local\openvr\openvrpaths.vrpath
[Child 10256, Chrome_ChildThread] WARNING: pipe error: 109: file z:/build/build/src/ipc/chromium/src/chrome/common/ipc_channel_win.cc, line 346
[Child 10256, Chrome_ChildThread] WARNING: pipe error: 109: file z:/build/build/src/ipc/chromium/src/chrome/common/ipc_channel_win.cc, line 346
[Child 9680, Chrome_ChildThread] WARNING: pipe error: 109: file z:/build/build/src/ipc/chromium/src/chrome/common/ipc_channel_win.cc, line 346
[Child 9680, Chrome_ChildThread] WARNING: pipe error: 109: file z:/build/build/src/ipc/chromium/src/chrome/common/ipc_channel_win.cc, line 346
Unable to read VR Path Registry from C:\Users\Administrator\AppData\Local\openvr\openvrpaths.vrpath
[Child 9428, Chrome_ChildThread] WARNING: pipe error: 109: file z:/build/build/src/ipc/chromium/src/chrome/common/ipc_channel_win.cc, line 346
[Child 9428, Chrome_ChildThread] WARNING: pipe error: 109: file z:/build/build/src/ipc/chromium/src/chrome/common/ipc_channel_win.cc, line 346
*** UTM:SVC TimerManager:registerTimer called after profile-before-change notification. Ignoring timer registration for id: telemetry_modules_ping
Unable to read VR Path Registry from C:\Users\Administrator\AppData\Local\openvr\openvrpaths.vrpath
[GPU 11864, Chrome_ChildThread] WARNING: pipe error: 109: file z:/build/build/src/ipc/chromium/src/chrome/common/ipc_channel_win.cc, line 346

###!!! [Child][MessageChannel::SendAndWait] Error: Channel error: cannot send/recv

1532959537904	geckodriver	INFO	geckodriver 0.20.1
1532959537919	geckodriver	INFO	Listening on 127.0.0.1:4140
1532959541008	mozrunner::runner	INFO	Running command: "D:\\Program Files (x86)\\Mozilla Firefox\\firefox.exe" "-marionette" "-profile" "C:\\Users\\ADMINI~1\\AppData\\Local\\Temp\\rust_mozprofile.WuHs6BOQOWgX"
1532959542462	Marionette	INFO	Enabled via --marionette
1532959544629	Marionette	INFO	Listening on port 4148
1532959545031	Marionette	WARN	TLS certificate errors will be ignored for this session

###!!! [Child][MessageChannel] Error: (msgtype=0x4E0016,name=PLayerTransaction::Msg_ClearCachedResources) Channel error: cannot send/recv


###!!! [Child][MessageChannel] Error: (msgtype=0x7A0003,name=PTexture::Msg_Destroy) Channel error: cannot send/recv


###!!! [Child][MessageChannel] Error: (msgtype=0x4E0007,name=PLayerTransaction::Msg_ReleaseCompositable) Channel error: cannot send/recv


###!!! [Child][MessageChannel] Error: (msgtype=0x7A0003,name=PTexture::Msg_Destroy) Channel error: cannot send/recv


###!!! [Child][MessageChannel] Error: (msgtype=0x4E0007,name=PLayerTransaction::Msg_ReleaseCompositable) Channel error: cannot send/recv


###!!! [Child][MessageChannel] Error: (msgtype=0x7A0003,name=PTexture::Msg_Destroy) Channel error: cannot send/recv


###!!! [Child][MessageChannel] Error: (msgtype=0x4E0007,name=PLayerTransaction::Msg_ReleaseCompositable) Channel error: cannot send/recv


###!!! [Child][MessageChannel] Error: (msgtype=0x4E0006,name=PLayerTransaction::Msg_ReleaseLayer) Channel error: cannot send/recv


###!!! [Child][MessageChannel] Error: (msgtype=0x4E0006,name=PLayerTransaction::Msg_ReleaseLayer) Channel error: cannot send/recv


###!!! [Child][MessageChannel] Error: (msgtype=0x4E0006,name=PLayerTransaction::Msg_ReleaseLayer) Channel error: cannot send/recv


###!!! [Child][MessageChannel] Error: (msgtype=0x4E0006,name=PLayerTransaction::Msg_ReleaseLayer) Channel error: cannot send/recv


###!!! [Child][MessageChannel] Error: (msgtype=0x4E0006,name=PLayerTransaction::Msg_ReleaseLayer) Channel error: cannot send/recv


###!!! [Child][MessageChannel] Error: (msgtype=0x4E0006,name=PLayerTransaction::Msg_ReleaseLayer) Channel error: cannot send/recv


###!!! [Child][MessageChannel] Error: (msgtype=0x4E0006,name=PLayerTransaction::Msg_ReleaseLayer) Channel error: cannot send/recv


###!!! [Child][MessageChannel] Error: (msgtype=0x4E001F,name=PLayerTransaction::Msg_Shutdown) Channel error: cannot send/recv


###!!! [Child][MessageChannel::SendAndWait] Error: (msgtype=0x280016,name=PCompositorBridge::Msg_WillClose) Channel error: cannot send/recv

1532959552438	geckodriver	INFO	geckodriver 0.20.1
1532959552454	geckodriver	INFO	Listening on 127.0.0.1:4173
1532959555527	mozrunner::runner	INFO	Running command: "D:\\Program Files (x86)\\Mozilla Firefox\\firefox.exe" "-marionette" "-profile" "C:\\Users\\ADMINI~1\\AppData\\Local\\Temp\\rust_mozprofile.ECUKhB0dY0Ym"
1532959556681	Marionette	INFO	Enabled via --marionette
1532959558850	Marionette	INFO	Listening on port 4181
1532959559299	Marionette	WARN	TLS certificate errors will be ignored for this session
Unable to read VR Path Registry from C:\Users\Administrator\AppData\Local\openvr\openvrpaths.vrpath
JavaScript error: https://ss1.bdstatic.com/5eN1bjq8AAUYm2zgoY3K/r/www/cache/static/protocol/https/plugins/every_cookie_4644b13.js, line 4: ReferenceError: c is not defined
JavaScript error: https://sp0.baidu.com/5a1Fazu8AA54nxGko9WTAnF6hhy/su?wd=s&json=1&p=3&sid=26523_1445_21125_26350_26924_20929&req=2&csor=1&cb=jQuery110202948629646111923_1532959570759&_=1532959570761, line 1: TypeError: jQuery110202948629646111923_1532959570759 is not a function
JavaScript error: https://sp0.baidu.com/5a1Fazu8AA54nxGko9WTAnF6hhy/su?wd=sel&json=1&p=3&sid=26523_1445_21125_26350_26924_20929&req=2&csor=3&pwd=se&cb=jQuery110202948629646111923_1532959570759&_=1532959570763, line 1: TypeError: jQuery110202948629646111923_1532959570759 is not a function
JavaScript error: https://sp0.baidu.com/5a1Fazu8AA54nxGko9WTAnF6hhy/su?wd=se&json=1&p=3&sid=26523_1445_21125_26350_26924_20929&req=2&csor=2&pwd=s&cb=jQuery110202948629646111923_1532959570759&_=1532959570762, line 1: TypeError: jQuery110202948629646111923_1532959570759 is not a function
JavaScript error: https://sp0.baidu.com/5a1Fazu8AA54nxGko9WTAnF6hhy/su?wd=selen&json=1&p=3&sid=26523_1445_21125_26350_26924_20929&req=2&csor=5&pwd=sele&cb=jQuery110202948629646111923_1532959570759&_=1532959570765, line 1: TypeError: jQuery110202948629646111923_1532959570759 is not a function
JavaScript error: https://sp0.baidu.com/5a1Fazu8AA54nxGko9WTAnF6hhy/su?wd=seleni&json=1&p=3&sid=26523_1445_21125_26350_26924_20929&req=2&csor=6&pwd=selen&cb=jQuery110202948629646111923_1532959570759&_=1532959570766, line 1: TypeError: jQuery110202948629646111923_1532959570759 is not a function
JavaScript error: https://sp0.baidu.com/5a1Fazu8AA54nxGko9WTAnF6hhy/su?wd=seleniu&json=1&p=3&sid=26523_1445_21125_26350_26924_20929&req=2&csor=7&pwd=seleni&cb=jQuery110202948629646111923_1532959570759&_=1532959570767, line 1: TypeError: jQuery110202948629646111923_1532959570759 is not a function
JavaScript error: https://sp0.baidu.com/5a1Fazu8AA54nxGko9WTAnF6hhy/su?wd=selenium&json=1&p=3&sid=26523_1445_21125_26350_26924_20929&req=2&csor=8&pwd=seleniu&cb=jQuery110202948629646111923_1532959570759&_=1532959570768, line 1: TypeError: jQuery110202948629646111923_1532959570759 is not a function
JavaScript error: https://sp0.baidu.com/5a1Fazu8AA54nxGko9WTAnF6hhy/su?wd=sele&json=1&p=3&sid=26523_1445_21125_26350_26924_20929&req=2&csor=4&pwd=sel&cb=jQuery110202948629646111923_1532959570759&_=1532959570764, line 1: TypeError: jQuery110202948629646111923_1532959570759 is not a function
JavaScript error: https://sp0.baidu.com/5a1Fazu8AA54nxGko9WTAnF6hhy/su?wd=pyt&json=1&p=3&sid=26523_1445_21125_26350_26924_20929&req=2&csor=3&pwd=py&cb=jQuery110206858880251704875_1532959583978&_=1532959583982, line 1: TypeError: jQuery110206858880251704875_1532959583978 is not a function
JavaScript error: https://sp0.baidu.com/5a1Fazu8AA54nxGko9WTAnF6hhy/su?wd=pyth&json=1&p=3&sid=26523_1445_21125_26350_26924_20929&req=2&csor=4&pwd=pyt&cb=jQuery110206858880251704875_1532959583978&_=1532959583983, line 1: TypeError: jQuery110206858880251704875_1532959583978 is not a function
JavaScript error: https://sp0.baidu.com/5a1Fazu8AA54nxGko9WTAnF6hhy/su?wd=pytho&json=1&p=3&sid=26523_1445_21125_26350_26924_20929&req=2&csor=5&pwd=pyth&cb=jQuery110206858880251704875_1532959583978&_=1532959583984, line 1: TypeError: jQuery110206858880251704875_1532959583978 is not a function
JavaScript error: https://sp0.baidu.com/5a1Fazu8AA54nxGko9WTAnF6hhy/su?wd=python&json=1&p=3&sid=26523_1445_21125_26350_26924_20929&req=2&csor=6&pwd=pytho&cb=jQuery110206858880251704875_1532959583978&_=1532959583985, line 1: TypeError: jQuery110206858880251704875_1532959583978 is not a function
JavaScript error: https://sp0.baidu.com/5a1Fazu8AA54nxGko9WTAnF6hhy/su?wd=py&json=1&p=3&sid=26523_1445_21125_26350_26924_20929&req=2&csor=2&pwd=p&cb=jQuery110206858880251704875_1532959583978&_=1532959583981, line 1: TypeError: jQuery110206858880251704875_1532959583978 is not a function
Unable to read VR Path Registry from C:\Users\Administrator\AppData\Local\openvr\openvrpaths.vrpath
[Child 11580, Chrome_ChildThread] WARNING: pipe error: 109: file z:/build/build/src/ipc/chromium/src/chrome/common/ipc_channel_win.cc, line 346
[Child 11580, Chrome_ChildThread] WARNING: pipe error: 109: file z:/build/build/src/ipc/chromium/src/chrome/common/ipc_channel_win.cc, line 346
[Child 9560, Chrome_ChildThread] WARNING: pipe error: 109: file z:/build/build/src/ipc/chromium/src/chrome/common/ipc_channel_win.cc, line 346
[Child 9560, Chrome_ChildThread] WARNING: pipe error: 109: file z:/build/build/src/ipc/chromium/src/chrome/common/ipc_channel_win.cc, line 346
Unable to read VR Path Registry from C:\Users\Administrator\AppData\Local\openvr\openvrpaths.vrpath
[Child 11672, Chrome_ChildThread] WARNING: pipe error: 109: file z:/build/build/src/ipc/chromium/src/chrome/common/ipc_channel_win.cc, line 346
[Child 11672, Chrome_ChildThread] WARNING: pipe error: 109: file z:/build/build/src/ipc/chromium/src/chrome/common/ipc_channel_win.cc, line 346
*** UTM:SVC TimerManager:registerTimer called after profile-before-change notification. Ignoring timer registration for id: telemetry_modules_ping

###!!! [Child][MessageChannel::SendAndWait] Error: Channel error: cannot send/recv

Unable to read VR Path Registry from C:\Users\Administrator\AppData\Local\openvr\openvrpaths.vrpath
1532960308400	geckodriver	INFO	geckodriver 0.20.1
1532960308427	geckodriver	INFO	Listening on 127.0.0.1:4573
1532960311512	mozrunner::runner	INFO	Running command: "D:\\Program Files (x86)\\Mozilla Firefox\\firefox.exe" "-marionette" "-profile" "C:\\Users\\ADMINI~1\\AppData\\Local\\Temp\\rust_mozprofile.51bEZBNQhvIf"
1532960312942	Marionette	INFO	Enabled via --marionette
1532960315454	Marionette	INFO	Listening on port 4581
1532960315668	Marionette	WARN	TLS certificate errors will be ignored for this session
Unable to read VR Path Registry from C:\Users\Administrator\AppData\Local\openvr\openvrpaths.vrpath
JavaScript error: https://ss1.bdstatic.com/5eN1bjq8AAUYm2zgoY3K/r/www/cache/static/protocol/https/plugins/every_cookie_4644b13.js, line 4: ReferenceError: c is not defined
JavaScript error: https://www.jd.com/?cu=true&utm_source=p.egou.com&utm_medium=tuiguang&utm_campaign=t_36378_968990_c&utm_term=b9ed36cf002943419b5e45e1d42c8991&abt=3, line 45: TypeError: t is undefined
JavaScript error: https://sp0.baidu.com/5a1Fazu8AA54nxGko9WTAnF6hhy/su?wd=se&json=1&p=3&sid=26524_1465_26431_21089_20719&req=2&csor=2&pwd=s&cb=jQuery110205129359211289233_1532960333264&_=1532960333267, line 1: TypeError: jQuery110205129359211289233_1532960333264 is not a function
JavaScript error: https://sp0.baidu.com/5a1Fazu8AA54nxGko9WTAnF6hhy/su?wd=s&json=1&p=3&sid=26524_1465_26431_21089_20719&req=2&csor=1&cb=jQuery110205129359211289233_1532960333264&_=1532960333266, line 1: TypeError: jQuery110205129359211289233_1532960333264 is not a function
JavaScript error: https://sp0.baidu.com/5a1Fazu8AA54nxGko9WTAnF6hhy/su?wd=sel&json=1&p=3&sid=26524_1465_26431_21089_20719&req=2&csor=3&pwd=se&cb=jQuery110205129359211289233_1532960333264&_=1532960333268, line 1: TypeError: jQuery110205129359211289233_1532960333264 is not a function
JavaScript error: https://sp0.baidu.com/5a1Fazu8AA54nxGko9WTAnF6hhy/su?wd=sele&json=1&p=3&sid=26524_1465_26431_21089_20719&req=2&csor=4&pwd=sel&cb=jQuery110205129359211289233_1532960333264&_=1532960333269, line 1: TypeError: jQuery110205129359211289233_1532960333264 is not a function
JavaScript error: https://sp0.baidu.com/5a1Fazu8AA54nxGko9WTAnF6hhy/su?wd=selen&json=1&p=3&sid=26524_1465_26431_21089_20719&req=2&csor=5&pwd=sele&cb=jQuery110205129359211289233_1532960333264&_=1532960333270, line 1: TypeError: jQuery110205129359211289233_1532960333264 is not a function
JavaScript error: https://sp0.baidu.com/5a1Fazu8AA54nxGko9WTAnF6hhy/su?wd=selenium&json=1&p=3&sid=26524_1465_26431_21089_20719&req=2&csor=8&pwd=seleniu&cb=jQuery110205129359211289233_1532960333264&_=1532960333273, line 1: TypeError: jQuery110205129359211289233_1532960333264 is not a function
JavaScript error: https://sp0.baidu.com/5a1Fazu8AA54nxGko9WTAnF6hhy/su?wd=seleniu&json=1&p=3&sid=26524_1465_26431_21089_20719&req=2&csor=7&pwd=seleni&cb=jQuery110205129359211289233_1532960333264&_=1532960333272, line 1: TypeError: jQuery110205129359211289233_1532960333264 is not a function
JavaScript error: https://sp0.baidu.com/5a1Fazu8AA54nxGko9WTAnF6hhy/su?wd=seleni&json=1&p=3&sid=26524_1465_26431_21089_20719&req=2&csor=6&pwd=selen&cb=jQuery110205129359211289233_1532960333264&_=1532960333271, line 1: TypeError: jQuery110205129359211289233_1532960333264 is not a function
JavaScript error: https://sp0.baidu.com/5a1Fazu8AA54nxGko9WTAnF6hhy/su?wd=pyt&json=1&p=3&sid=26524_1465_26431_21089_20719&req=2&csor=3&pwd=py&cb=jQuery110209775873441005345_1532960346271&_=1532960346275, line 1: TypeError: jQuery110209775873441005345_1532960346271 is not a function
JavaScript error: https://sp0.baidu.com/5a1Fazu8AA54nxGko9WTAnF6hhy/su?wd=pyth&json=1&p=3&sid=26524_1465_26431_21089_20719&req=2&csor=4&pwd=pyt&cb=jQuery110209775873441005345_1532960346271&_=1532960346276, line 1: TypeError: jQuery110209775873441005345_1532960346271 is not a function
JavaScript error: https://sp0.baidu.com/5a1Fazu8AA54nxGko9WTAnF6hhy/su?wd=python&json=1&p=3&sid=26524_1465_26431_21089_20719&req=2&csor=6&pwd=pytho&cb=jQuery110209775873441005345_1532960346271&_=1532960346278, line 1: TypeError: jQuery110209775873441005345_1532960346271 is not a function
JavaScript error: https://sp0.baidu.com/5a1Fazu8AA54nxGko9WTAnF6hhy/su?wd=pytho&json=1&p=3&sid=26524_1465_26431_21089_20719&req=2&csor=5&pwd=pyth&cb=jQuery110209775873441005345_1532960346271&_=1532960346277, line 1: TypeError: jQuery110209775873441005345_1532960346271 is not a function
Unable to read VR Path Registry from C:\Users\Administrator\AppData\Local\openvr\openvrpaths.vrpath
[Parent 10400, Gecko_IOThread] WARNING: pipe error: 109: file z:/build/build/src/ipc/chromium/src/chrome/common/ipc_channel_win.cc, line 346
Unable to read VR Path Registry from C:\Users\Administrator\AppData\Local\openvr\openvrpaths.vrpath
[Child 8604, Chrome_ChildThread] WARNING: pipe error: 109: file z:/build/build/src/ipc/chromium/src/chrome/common/ipc_channel_win.cc, line 346
[Child 8604, Chrome_ChildThread] WARNING: pipe error: 109: file z:/build/build/src/ipc/chromium/src/chrome/common/ipc_channel_win.cc, line 346
[Parent 10400, Gecko_IOThread] WARNING: pipe error: 109: file z:/build/build/src/ipc/chromium/src/chrome/common/ipc_channel_win.cc, line 346
Unable to read VR Path Registry from C:\Users\Administrator\AppData\Local\openvr\openvrpaths.vrpath
[Child 10600, Chrome_ChildThread] WARNING: pipe error: 109: file z:/build/build/src/ipc/chromium/src/chrome/common/ipc_channel_win.cc, line 346
*** UTM:SVC TimerManager:registerTimer called after profile-before-change notification. Ignoring timer registration for id: telemetry_modules_ping

###!!! [Child][MessageChannel::SendAndWait] Error: Channel error: cannot send/recv

1532962209919	geckodriver	INFO	geckodriver 0.20.1
1532962209934	geckodriver	INFO	Listening on 127.0.0.1:6229
1532962213039	mozrunner::runner	INFO	Running command: "D:\\Program Files (x86)\\Mozilla Firefox\\firefox.exe" "-marionette" "-profile" "C:\\Users\\ADMINI~1\\AppData\\Local\\Temp\\rust_mozprofile.mrXxTSbiok9f"
1532962214486	Marionette	INFO	Enabled via --marionette
1532962216759	Marionette	INFO	Listening on port 6237
1532962218502	Marionette	WARN	TLS certificate errors will be ignored for this session
Unable to read VR Path Registry from C:\Users\Administrator\AppData\Local\openvr\openvrpaths.vrpath
JavaScript error: https://ss1.bdstatic.com/5eN1bjq8AAUYm2zgoY3K/r/www/cache/static/protocol/https/plugins/every_cookie_4644b13.js, line 4: ReferenceError: c is not defined
JavaScript error: https://www.jd.com/?cu=true&utm_source=p.egou.com&utm_medium=tuiguang&utm_campaign=t_36378_968990_c&utm_term=26f61926eb864ed5a29de42a9b2b5681&abt=3, line 45: TypeError: t is undefined
Unable to read VR Path Registry from C:\Users\Administrator\AppData\Local\openvr\openvrpaths.vrpath
[Child 9396, Chrome_ChildThread] WARNING: pipe error: 109: file z:/build/build/src/ipc/chromium/src/chrome/common/ipc_channel_win.cc, line 346
[Child 9396, Chrome_ChildThread] WARNING: pipe error: 109: file z:/build/build/src/ipc/chromium/src/chrome/common/ipc_channel_win.cc, line 346
IPDL protocol error: Handler returned error code!

###!!! [Parent][DispatchAsyncMessage] Error: PLayerTransaction::Msg_ReleaseLayer Processing error: message was deserialized, but the handler returned false (indicating failure)

IPDL protocol error: Handler returned error code!

###!!! [Parent][DispatchAsyncMessage] Error: PLayerTransaction::Msg_ReleaseLayer Processing error: message was deserialized, but the handler returned false (indicating failure)

IPDL protocol error: Handler returned error code!

###!!! [Parent][DispatchAsyncMessage] Error: PLayerTransaction::Msg_ReleaseLayer Processing error: message was deserialized, but the handler returned false (indicating failure)

IPDL protocol error: Handler returned error code!

###!!! [Parent][DispatchAsyncMessage] Error: PLayerTransaction::Msg_ReleaseLayer Processing error: message was deserialized, but the handler returned false (indicating failure)

Unable to read VR Path Registry from C:\Users\Administrator\AppData\Local\openvr\openvrpaths.vrpath
[Parent 17864, Gecko_IOThread] WARNING: pipe error: 109: file z:/build/build/src/ipc/chromium/src/chrome/common/ipc_channel_win.cc, line 346
[Child 18200, Chrome_ChildThread] WARNING: pipe error: 109: file z:/build/build/src/ipc/chromium/src/chrome/common/ipc_channel_win.cc, line 346

###!!! [Child][RunMessage] Error: Channel closing: too late to send/recv, messages will be lost

Unable to read VR Path Registry from C:\Users\Administrator\AppData\Local\openvr\openvrpaths.vrpath
[Child 18128, Chrome_ChildThread] WARNING: pipe error: 109: file z:/build/build/src/ipc/chromium/src/chrome/common/ipc_channel_win.cc, line 346
[Child 18128, Chrome_ChildThread] WARNING: pipe error: 109: file z:/build/build/src/ipc/chromium/src/chrome/common/ipc_channel_win.cc, line 346
*** UTM:SVC TimerManager:registerTimer called after profile-before-change notification. Ignoring timer registration for id: telemetry_modules_ping
Unable to read VR Path Registry from C:\Users\Administrator\AppData\Local\openvr\openvrpaths.vrpath
[GPU 18052, Chrome_ChildThread] WARNING: pipe error: 109: file z:/build/build/src/ipc/chromium/src/chrome/common/ipc_channel_win.cc, line 346

###!!! [Child][MessageChannel::SendAndWait] Error: Channel error: cannot send/recv

1532962258237	geckodriver	INFO	geckodriver 0.20.1
1532962258252	geckodriver	INFO	Listening on 127.0.0.1:6335
1532962261341	mozrunner::runner	INFO	Running command: "D:\\Program Files (x86)\\Mozilla Firefox\\firefox.exe" "-marionette" "-profile" "C:\\Users\\ADMINI~1\\AppData\\Local\\Temp\\rust_mozprofile.bzqGVbVBgKb3"
1532962262626	Marionette	INFO	Enabled via --marionette
1532962264869	Marionette	INFO	Listening on port 6343
1532962265229	Marionette	WARN	TLS certificate errors will be ignored for this session
Unable to read VR Path Registry from C:\Users\Administrator\AppData\Local\openvr\openvrpaths.vrpath
JavaScript error: https://ss1.bdstatic.com/5eN1bjq8AAUYm2zgoY3K/r/www/cache/static/protocol/https/plugins/every_cookie_4644b13.js, line 4: ReferenceError: c is not defined
Unable to read VR Path Registry from C:\Users\Administrator\AppData\Local\openvr\openvrpaths.vrpath
[Child 18260, Chrome_ChildThread] WARNING: pipe error: 109: file z:/build/build/src/ipc/chromium/src/chrome/common/ipc_channel_win.cc, line 346
[Child 18260, Chrome_ChildThread] WARNING: pipe error: 109: file z:/build/build/src/ipc/chromium/src/chrome/common/ipc_channel_win.cc, line 346
[Child 13760, Chrome_ChildThread] WARNING: pipe error: 109: file z:/build/build/src/ipc/chromium/src/chrome/common/ipc_channel_win.cc, line 346
[Child 13760, Chrome_ChildThread] WARNING: pipe error: 109: file z:/build/build/src/ipc/chromium/src/chrome/common/ipc_channel_win.cc, line 346
Unable to read VR Path Registry from C:\Users\Administrator\AppData\Local\openvr\openvrpaths.vrpath
[Child 15368, Chrome_ChildThread] WARNING: pipe error: 109: file z:/build/build/src/ipc/chromium/src/chrome/common/ipc_channel_win.cc, line 346
[Child 15368, Chrome_ChildThread] WARNING: pipe error: 109: file z:/build/build/src/ipc/chromium/src/chrome/common/ipc_channel_win.cc, line 346
*** UTM:SVC TimerManager:registerTimer called after profile-before-change notification. Ignoring timer registration for id: telemetry_modules_ping
Unable to read VR Path Registry from C:\Users\Administrator\AppData\Local\openvr\openvrpaths.vrpath
[GPU 7136, Chrome_ChildThread] WARNING: pipe error: 109: file z:/build/build/src/ipc/chromium/src/chrome/common/ipc_channel_win.cc, line 346

###!!! [Child][MessageChannel::SendAndWait] Error: Channel error: cannot send/recv

Unable to read VR Path Registry from C:\Users\Administrator\AppData\Local\openvr\openvrpaths.vrpath
1532962299445	geckodriver	INFO	geckodriver 0.20.1
1532962299460	geckodriver	INFO	Listening on 127.0.0.1:6379
1532962302580	mozrunner::runner	INFO	Running command: "D:\\Program Files (x86)\\Mozilla Firefox\\firefox.exe" "-marionette" "-profile" "C:\\Users\\ADMINI~1\\AppData\\Local\\Temp\\rust_mozprofile.Fr8bqbzG28kX"
1532962303875	Marionette	INFO	Enabled via --marionette
1532962305982	Marionette	INFO	Listening on port 6387
1532962306443	Marionette	WARN	TLS certificate errors will be ignored for this session
Unable to read VR Path Registry from C:\Users\Administrator\AppData\Local\openvr\openvrpaths.vrpath
JavaScript error: https://ss1.bdstatic.com/5eN1bjq8AAUYm2zgoY3K/r/www/cache/static/protocol/https/plugins/every_cookie_4644b13.js, line 4: ReferenceError: c is not defined
JavaScript error: https://sp0.baidu.com/5a1Fazu8AA54nxGko9WTAnF6hhy/su?wd=s&json=1&p=3&sid=26524_1434_26432_21096_18559_20930&req=2&csor=1&cb=jQuery110206872050827876337_1532962307772&_=1532962307774, line 1: TypeError: jQuery110206872050827876337_1532962307772 is not a function
JavaScript error: https://sp0.baidu.com/5a1Fazu8AA54nxGko9WTAnF6hhy/su?wd=se&json=1&p=3&sid=26524_1434_26432_21096_18559_20930&req=2&csor=2&pwd=s&cb=jQuery110206872050827876337_1532962307772&_=1532962307775, line 1: TypeError: jQuery110206872050827876337_1532962307772 is not a function
JavaScript error: https://sp0.baidu.com/5a1Fazu8AA54nxGko9WTAnF6hhy/su?wd=sel&json=1&p=3&sid=26524_1434_26432_21096_18559_20930&req=2&csor=3&pwd=se&cb=jQuery110206872050827876337_1532962307772&_=1532962307776, line 1: TypeError: jQuery110206872050827876337_1532962307772 is not a function
JavaScript error: https://sp0.baidu.com/5a1Fazu8AA54nxGko9WTAnF6hhy/su?wd=sele&json=1&p=3&sid=26524_1434_26432_21096_18559_20930&req=2&csor=4&pwd=sel&cb=jQuery110206872050827876337_1532962307772&_=1532962307777, line 1: TypeError: jQuery110206872050827876337_1532962307772 is not a function
JavaScript error: https://sp0.baidu.com/5a1Fazu8AA54nxGko9WTAnF6hhy/su?wd=selen&json=1&p=3&sid=26524_1434_26432_21096_18559_20930&req=2&csor=5&pwd=sele&cb=jQuery110206872050827876337_1532962307772&_=1532962307778, line 1: TypeError: jQuery110206872050827876337_1532962307772 is not a function
JavaScript error: https://sp0.baidu.com/5a1Fazu8AA54nxGko9WTAnF6hhy/su?wd=seleniu&json=1&p=3&sid=26524_1434_26432_21096_18559_20930&req=2&csor=7&pwd=seleni&cb=jQuery110206872050827876337_1532962307772&_=1532962307780, line 1: TypeError: jQuery110206872050827876337_1532962307772 is not a function
JavaScript error: https://sp0.baidu.com/5a1Fazu8AA54nxGko9WTAnF6hhy/su?wd=selenium&json=1&p=3&sid=26524_1434_26432_21096_18559_20930&req=2&csor=8&pwd=seleniu&cb=jQuery110206872050827876337_1532962307772&_=1532962307781, line 1: TypeError: jQuery110206872050827876337_1532962307772 is not a function
JavaScript error: https://sp0.baidu.com/5a1Fazu8AA54nxGko9WTAnF6hhy/su?wd=seleni&json=1&p=3&sid=26524_1434_26432_21096_18559_20930&req=2&csor=6&pwd=selen&cb=jQuery110206872050827876337_1532962307772&_=1532962307779, line 1: TypeError: jQuery110206872050827876337_1532962307772 is not a function
JavaScript error: https://sp0.baidu.com/5a1Fazu8AA54nxGko9WTAnF6hhy/su?wd=python&json=1&p=3&sid=26524_1434_26432_21096_18559_20930&req=2&csor=6&pwd=pytho&cb=jQuery110207399685007390531_1532962318524&_=1532962318531, line 1: TypeError: jQuery110207399685007390531_1532962318524 is not a function
Unable to read VR Path Registry from C:\Users\Administrator\AppData\Local\openvr\openvrpaths.vrpath
[Child 9116, Chrome_ChildThread] WARNING: pipe error: 109: file z:/build/build/src/ipc/chromium/src/chrome/common/ipc_channel_win.cc, line 346
[Child 9116, Chrome_ChildThread] WARNING: pipe error: 109: file z:/build/build/src/ipc/chromium/src/chrome/common/ipc_channel_win.cc, line 346
[Child 18124, Chrome_ChildThread] WARNING: pipe error: 109: file z:/build/build/src/ipc/chromium/src/chrome/common/ipc_channel_win.cc, line 346
Unable to read VR Path Registry from C:\Users\Administrator\AppData\Local\openvr\openvrpaths.vrpath
[Child 15668, Chrome_ChildThread] WARNING: pipe error: 109: file z:/build/build/src/ipc/chromium/src/chrome/common/ipc_channel_win.cc, line 346
[Child 15668, Chrome_ChildThread] WARNING: pipe error: 109: file z:/build/build/src/ipc/chromium/src/chrome/common/ipc_channel_win.cc, line 346
*** UTM:SVC TimerManager:registerTimer called after profile-before-change notification. Ignoring timer registration for id: telemetry_modules_ping

###!!! [Child][MessageChannel::SendAndWait] Error: Channel error: cannot send/recv

Unable to read VR Path Registry from C:\Users\Administrator\AppData\Local\openvr\openvrpaths.vrpath
1533130477546	geckodriver	INFO	geckodriver 0.20.1
1533130477577	geckodriver	INFO	Listening on 127.0.0.1:37590
1533130480775	mozrunner::runner	INFO	Running command: "D:\\Program Files (x86)\\Mozilla Firefox\\firefox.exe" "-marionette" "-profile" "C:\\Users\\ADMINI~1\\AppData\\Local\\Temp\\rust_mozprofile.bpkzxqz7tadw"
1533130485643	Marionette	INFO	Enabled via --marionette
1533130489251	Marionette	INFO	Listening on port 37598
1533130493449	Marionette	WARN	TLS certificate errors will be ignored for this session
Unable to read VR Path Registry from C:\Users\Administrator\AppData\Local\openvr\openvrpaths.vrpath
JavaScript error: https://ss1.bdstatic.com/5eN1bjq8AAUYm2zgoY3K/r/www/cache/static/protocol/https/plugins/every_cookie_4644b13.js, line 4: ReferenceError: c is not defined
JavaScript error: https://sp0.baidu.com/5a1Fazu8AA54nxGko9WTAnF6hhy/su?wd=se&json=1&p=3&sid=1434_21102_20718&req=2&csor=2&pwd=s&cb=jQuery110207110328918239611_1533130498383&_=1533130498386, line 1: TypeError: jQuery110207110328918239611_1533130498383 is not a function
JavaScript error: https://sp0.baidu.com/5a1Fazu8AA54nxGko9WTAnF6hhy/su?wd=s&json=1&p=3&sid=1434_21102_20718&req=2&csor=1&cb=jQuery110207110328918239611_1533130498383&_=1533130498385, line 1: TypeError: jQuery110207110328918239611_1533130498383 is not a function
JavaScript error: https://sp0.baidu.com/5a1Fazu8AA54nxGko9WTAnF6hhy/su?wd=sel&json=1&p=3&sid=1434_21102_20718&req=2&csor=3&pwd=se&cb=jQuery110207110328918239611_1533130498383&_=1533130498387, line 1: TypeError: jQuery110207110328918239611_1533130498383 is not a function
JavaScript error: https://sp0.baidu.com/5a1Fazu8AA54nxGko9WTAnF6hhy/su?wd=selen&json=1&p=3&sid=1434_21102_20718&req=2&csor=5&pwd=sele&cb=jQuery110207110328918239611_1533130498383&_=1533130498389, line 1: TypeError: jQuery110207110328918239611_1533130498383 is not a function
JavaScript error: https://sp0.baidu.com/5a1Fazu8AA54nxGko9WTAnF6hhy/su?wd=sele&json=1&p=3&sid=1434_21102_20718&req=2&csor=4&pwd=sel&cb=jQuery110207110328918239611_1533130498383&_=1533130498388, line 1: TypeError: jQuery110207110328918239611_1533130498383 is not a function
JavaScript error: https://sp0.baidu.com/5a1Fazu8AA54nxGko9WTAnF6hhy/su?wd=seleni&json=1&p=3&sid=1434_21102_20718&req=2&csor=6&pwd=selen&cb=jQuery110207110328918239611_1533130498383&_=1533130498390, line 1: TypeError: jQuery110207110328918239611_1533130498383 is not a function
JavaScript error: https://sp0.baidu.com/5a1Fazu8AA54nxGko9WTAnF6hhy/su?wd=selenium&json=1&p=3&sid=1434_21102_20718&req=2&csor=8&pwd=seleniu&cb=jQuery110207110328918239611_1533130498383&_=1533130498392, line 1: TypeError: jQuery110207110328918239611_1533130498383 is not a function
JavaScript error: https://sp0.baidu.com/5a1Fazu8AA54nxGko9WTAnF6hhy/su?wd=seleniu&json=1&p=3&sid=1434_21102_20718&req=2&csor=7&pwd=seleni&cb=jQuery110207110328918239611_1533130498383&_=1533130498391, line 1: TypeError: jQuery110207110328918239611_1533130498383 is not a function
Unable to read VR Path Registry from C:\Users\Administrator\AppData\Local\openvr\openvrpaths.vrpath
[Parent 5784, Gecko_IOThread] WARNING: pipe error: 109: file z:/build/build/src/ipc/chromium/src/chrome/common/ipc_channel_win.cc, line 346
Unable to read VR Path Registry from C:\Users\Administrator\AppData\Local\openvr\openvrpaths.vrpath
[Child 7020, Chrome_ChildThread] WARNING: pipe error: 109: file z:/build/build/src/ipc/chromium/src/chrome/common/ipc_channel_win.cc, line 346
[Child 7020, Chrome_ChildThread] WARNING: pipe error: 109: file z:/build/build/src/ipc/chromium/src/chrome/common/ipc_channel_win.cc, line 346
[Parent 5784, Gecko_IOThread] WARNING: pipe error: 109: file z:/build/build/src/ipc/chromium/src/chrome/common/ipc_channel_win.cc, line 346
[Child 6564, Chrome_ChildThread] WARNING: pipe error: 109: file z:/build/build/src/ipc/chromium/src/chrome/common/ipc_channel_win.cc, line 346
[Child 6564, Chrome_ChildThread] WARNING: pipe error: 109: file z:/build/build/src/ipc/chromium/src/chrome/common/ipc_channel_win.cc, line 346
[Parent 5784, Gecko_IOThread] WARNING: pipe error: 109: file z:/build/build/src/ipc/chromium/src/chrome/common/ipc_channel_win.cc, line 346
Unable to read VR Path Registry from C:\Users\Administrator\AppData\Local\openvr\openvrpaths.vrpath
[Child 6456, Chrome_ChildThread] WARNING: pipe error: 109: file z:/build/build/src/ipc/chromium/src/chrome/common/ipc_channel_win.cc, line 346
*** UTM:SVC TimerManager:registerTimer called after profile-before-change notification. Ignoring timer registration for id: telemetry_modules_ping

###!!! [Child][MessageChannel::SendAndWait] Error: Channel error: cannot send/recv

1533130600378	geckodriver	INFO	geckodriver 0.20.1
1533130600393	geckodriver	INFO	Listening on 127.0.0.1:37711
1533130603530	mozrunner::runner	INFO	Running command: "D:\\Program Files (x86)\\Mozilla Firefox\\firefox.exe" "-marionette" "-profile" "C:\\Users\\ADMINI~1\\AppData\\Local\\Temp\\rust_mozprofile.GAbPlYIcmLil"
1533130604855	Marionette	INFO	Enabled via --marionette
1533130607498	Marionette	INFO	Listening on port 37719
1533130607747	Marionette	WARN	TLS certificate errors will be ignored for this session
Unable to read VR Path Registry from C:\Users\Administrator\AppData\Local\openvr\openvrpaths.vrpath
JavaScript error: https://ss1.bdstatic.com/5eN1bjq8AAUYm2zgoY3K/r/www/cache/static/protocol/https/plugins/every_cookie_4644b13.js, line 4: ReferenceError: c is not defined
JavaScript error: https://sp0.baidu.com/5a1Fazu8AA54nxGko9WTAnF6hhy/su?wd=seleni&json=1&p=3&sid=26937_1443_21085_26350_26920_22072&req=2&csor=6&pwd=selen&cb=jQuery110206471512033139691_1533130609741&_=1533130609748, line 1: TypeError: jQuery110206471512033139691_1533130609741 is not a function
JavaScript error: https://sp0.baidu.com/5a1Fazu8AA54nxGko9WTAnF6hhy/su?wd=seleniu&json=1&p=3&sid=26937_1443_21085_26350_26920_22072&req=2&csor=7&pwd=seleni&cb=jQuery110206471512033139691_1533130609741&_=1533130609749, line 1: TypeError: jQuery110206471512033139691_1533130609741 is not a function
JavaScript error: https://sp0.baidu.com/5a1Fazu8AA54nxGko9WTAnF6hhy/su?wd=selenium&json=1&p=3&sid=26937_1443_21085_26350_26920_22072&req=2&csor=8&pwd=seleniu&cb=jQuery110206471512033139691_1533130609741&_=1533130609750, line 1: TypeError: jQuery110206471512033139691_1533130609741 is not a function
JavaScript error: https://sp0.baidu.com/5a1Fazu8AA54nxGko9WTAnF6hhy/su?wd=se&json=1&p=3&sid=26937_1443_21085_26350_26920_22072&req=2&csor=2&pwd=s&cb=jQuery110206471512033139691_1533130609741&_=1533130609744, line 1: TypeError: jQuery110206471512033139691_1533130609741 is not a function
JavaScript error: https://sp0.baidu.com/5a1Fazu8AA54nxGko9WTAnF6hhy/su?wd=s&json=1&p=3&sid=26937_1443_21085_26350_26920_22072&req=2&csor=1&cb=jQuery110206471512033139691_1533130609741&_=1533130609743, line 1: TypeError: jQuery110206471512033139691_1533130609741 is not a function
JavaScript error: https://sp0.baidu.com/5a1Fazu8AA54nxGko9WTAnF6hhy/su?wd=selen&json=1&p=3&sid=26937_1443_21085_26350_26920_22072&req=2&csor=5&pwd=sele&cb=jQuery110206471512033139691_1533130609741&_=1533130609747, line 1: TypeError: jQuery110206471512033139691_1533130609741 is not a function
JavaScript error: https://sp0.baidu.com/5a1Fazu8AA54nxGko9WTAnF6hhy/su?wd=sele&json=1&p=3&sid=26937_1443_21085_26350_26920_22072&req=2&csor=4&pwd=sel&cb=jQuery110206471512033139691_1533130609741&_=1533130609746, line 1: TypeError: jQuery110206471512033139691_1533130609741 is not a function
JavaScript error: https://sp0.baidu.com/5a1Fazu8AA54nxGko9WTAnF6hhy/su?wd=sel&json=1&p=3&sid=26937_1443_21085_26350_26920_22072&req=2&csor=3&pwd=se&cb=jQuery110206471512033139691_1533130609741&_=1533130609745, line 1: TypeError: jQuery110206471512033139691_1533130609741 is not a function
JavaScript error: https://sp0.baidu.com/5a1Fazu8AA54nxGko9WTAnF6hhy/su?wd=pyth&json=1&p=3&sid=26937_1443_26911_21085_26350_26920_22072&req=2&csor=4&pwd=pyt&cb=jQuery1102009266904460100844_1533130622965&_=1533130622970, line 1: TypeError: jQuery1102009266904460100844_1533130622965 is not a function
JavaScript error: https://sp0.baidu.com/5a1Fazu8AA54nxGko9WTAnF6hhy/su?wd=py&json=1&p=3&sid=26937_1443_26911_21085_26350_26920_22072&req=2&csor=2&pwd=p&cb=jQuery1102009266904460100844_1533130622965&_=1533130622968, line 1: TypeError: jQuery1102009266904460100844_1533130622965 is not a function
JavaScript error: https://sp0.baidu.com/5a1Fazu8AA54nxGko9WTAnF6hhy/su?wd=pytho&json=1&p=3&sid=26937_1443_26911_21085_26350_26920_22072&req=2&csor=5&pwd=pyth&cb=jQuery1102009266904460100844_1533130622965&_=1533130622971, line 1: TypeError: jQuery1102009266904460100844_1533130622965 is not a function
JavaScript error: https://sp0.baidu.com/5a1Fazu8AA54nxGko9WTAnF6hhy/su?wd=pyt&json=1&p=3&sid=26937_1443_26911_21085_26350_26920_22072&req=2&csor=3&pwd=py&cb=jQuery1102009266904460100844_1533130622965&_=1533130622969, line 1: TypeError: jQuery1102009266904460100844_1533130622965 is not a function
JavaScript error: https://sp0.baidu.com/5a1Fazu8AA54nxGko9WTAnF6hhy/su?wd=python&json=1&p=3&sid=26937_1443_26911_21085_26350_26920_22072&req=2&csor=6&pwd=pytho&cb=jQuery1102009266904460100844_1533130622965&_=1533130622972, line 1: TypeError: jQuery1102009266904460100844_1533130622965 is not a function
Unable to read VR Path Registry from C:\Users\Administrator\AppData\Local\openvr\openvrpaths.vrpath
[Parent 7056, Gecko_IOThread] WARNING: pipe error: 109: file z:/build/build/src/ipc/chromium/src/chrome/common/ipc_channel_win.cc, line 346
Unable to read VR Path Registry from C:\Users\Administrator\AppData\Local\openvr\openvrpaths.vrpath
[Child 6832, Chrome_ChildThread] WARNING: pipe error: 109: file z:/build/build/src/ipc/chromium/src/chrome/common/ipc_channel_win.cc, line 346
[Child 6832, Chrome_ChildThread] WARNING: pipe error: 109: file z:/build/build/src/ipc/chromium/src/chrome/common/ipc_channel_win.cc, line 346
[Parent 7056, Gecko_IOThread] WARNING: pipe error: 109: file z:/build/build/src/ipc/chromium/src/chrome/common/ipc_channel_win.cc, line 346
Unable to read VR Path Registry from C:\Users\Administrator\AppData\Local\openvr\openvrpaths.vrpath
[Child 7064, Chrome_ChildThread] WARNING: pipe error: 109: file z:/build/build/src/ipc/chromium/src/chrome/common/ipc_channel_win.cc, line 346
*** UTM:SVC TimerManager:registerTimer called after profile-before-change notification. Ignoring timer registration for id: telemetry_modules_ping
Unable to read VR Path Registry from C:\Users\Administrator\AppData\Local\openvr\openvrpaths.vrpath
[GPU 7100, Chrome_ChildThread] WARNING: pipe error: 109: file z:/build/build/src/ipc/chromium/src/chrome/common/ipc_channel_win.cc, line 346
1533135262140	geckodriver	INFO	geckodriver 0.20.1
1533135262155	geckodriver	INFO	Listening on 127.0.0.1:21478
1533135265260	mozrunner::runner	INFO	Running command: "D:\\Program Files (x86)\\Mozilla Firefox\\firefox.exe" "-marionette" "-profile" "C:\\Users\\ADMINI~1\\AppData\\Local\\Temp\\rust_mozprofile.r4kyzaa8zUsj"
1533135266819	Marionette	INFO	Enabled via --marionette
1533135269399	Marionette	INFO	Listening on port 21486
1533135269660	Marionette	WARN	TLS certificate errors will be ignored for this session
Unable to read VR Path Registry from C:\Users\Administrator\AppData\Local\openvr\openvrpaths.vrpath
JavaScript error: https://sp0.baidu.com/5a1Fazu8AA54nxGko9WTAnF6hhy/su?wd=se&json=1&p=3&sid=1442_26909_21091_26350_22158&req=2&csor=2&pwd=s&cb=jQuery1102015099017477225485_1533135271567&_=1533135271570, line 1: TypeError: jQuery1102015099017477225485_1533135271567 is not a function
JavaScript error: https://sp0.baidu.com/5a1Fazu8AA54nxGko9WTAnF6hhy/su?wd=selen&json=1&p=3&sid=1442_26909_21091_26350_22158&req=2&csor=5&pwd=sele&cb=jQuery1102015099017477225485_1533135271567&_=1533135271573, line 1: TypeError: jQuery1102015099017477225485_1533135271567 is not a function
JavaScript error: https://sp0.baidu.com/5a1Fazu8AA54nxGko9WTAnF6hhy/su?wd=seleni&json=1&p=3&sid=1442_26909_21091_26350_22158&req=2&csor=6&pwd=selen&cb=jQuery1102015099017477225485_1533135271567&_=1533135271574, line 1: TypeError: jQuery1102015099017477225485_1533135271567 is not a function
JavaScript error: https://sp0.baidu.com/5a1Fazu8AA54nxGko9WTAnF6hhy/su?wd=sel&json=1&p=3&sid=1442_26909_21091_26350_22158&req=2&csor=3&pwd=se&cb=jQuery1102015099017477225485_1533135271567&_=1533135271571, line 1: TypeError: jQuery1102015099017477225485_1533135271567 is not a function
JavaScript error: https://sp0.baidu.com/5a1Fazu8AA54nxGko9WTAnF6hhy/su?wd=sele&json=1&p=3&sid=1442_26909_21091_26350_22158&req=2&csor=4&pwd=sel&cb=jQuery1102015099017477225485_1533135271567&_=1533135271572, line 1: TypeError: jQuery1102015099017477225485_1533135271567 is not a function
JavaScript error: https://sp0.baidu.com/5a1Fazu8AA54nxGko9WTAnF6hhy/su?wd=seleniu&json=1&p=3&sid=1442_26909_21091_26350_22158&req=2&csor=7&pwd=seleni&cb=jQuery1102015099017477225485_1533135271567&_=1533135271575, line 1: TypeError: jQuery1102015099017477225485_1533135271567 is not a function
JavaScript error: https://sp0.baidu.com/5a1Fazu8AA54nxGko9WTAnF6hhy/su?wd=selenium&json=1&p=3&sid=1442_26909_21091_26350_22158&req=2&csor=8&pwd=seleniu&cb=jQuery1102015099017477225485_1533135271567&_=1533135271576, line 1: TypeError: jQuery1102015099017477225485_1533135271567 is not a function
JavaScript error: https://sp0.baidu.com/5a1Fazu8AA54nxGko9WTAnF6hhy/su?wd=p&json=1&p=3&sid=1442_21091_26350_22158&req=2&csor=1&cb=jQuery110203256629195697738_1533135283222&_=1533135283224, line 1: TypeError: jQuery110203256629195697738_1533135283222 is not a function
JavaScript error: https://sp0.baidu.com/5a1Fazu8AA54nxGko9WTAnF6hhy/su?wd=pytho&json=1&p=3&sid=1442_21091_26350_22158&req=2&csor=5&pwd=pyth&cb=jQuery110203256629195697738_1533135283222&_=1533135283228, line 1: TypeError: jQuery110203256629195697738_1533135283222 is not a function
JavaScript error: https://sp0.baidu.com/5a1Fazu8AA54nxGko9WTAnF6hhy/su?wd=pyt&json=1&p=3&sid=1442_21091_26350_22158&req=2&csor=3&pwd=py&cb=jQuery110203256629195697738_1533135283222&_=1533135283226, line 1: TypeError: jQuery110203256629195697738_1533135283222 is not a function
JavaScript error: https://sp0.baidu.com/5a1Fazu8AA54nxGko9WTAnF6hhy/su?wd=py&json=1&p=3&sid=1442_21091_26350_22158&req=2&csor=2&pwd=p&cb=jQuery110203256629195697738_1533135283222&_=1533135283225, line 1: TypeError: jQuery110203256629195697738_1533135283222 is not a function
JavaScript error: https://sp0.baidu.com/5a1Fazu8AA54nxGko9WTAnF6hhy/su?wd=pyth&json=1&p=3&sid=1442_21091_26350_22158&req=2&csor=4&pwd=pyt&cb=jQuery110203256629195697738_1533135283222&_=1533135283227, line 1: TypeError: jQuery110203256629195697738_1533135283222 is not a function
JavaScript error: https://sp0.baidu.com/5a1Fazu8AA54nxGko9WTAnF6hhy/su?wd=python&json=1&p=3&sid=1442_21091_26350_22158&req=2&csor=6&pwd=pytho&cb=jQuery110203256629195697738_1533135283222&_=1533135283229, line 1: TypeError: jQuery110203256629195697738_1533135283222 is not a function
Unable to read VR Path Registry from C:\Users\Administrator\AppData\Local\openvr\openvrpaths.vrpath
[Child 14656, Chrome_ChildThread] WARNING: pipe error: 109: file z:/build/build/src/ipc/chromium/src/chrome/common/ipc_channel_win.cc, line 346
[Child 14656, Chrome_ChildThread] WARNING: pipe error: 109: file z:/build/build/src/ipc/chromium/src/chrome/common/ipc_channel_win.cc, line 346
[Child 12404, Chrome_ChildThread] WARNING: pipe error: 109: file z:/build/build/src/ipc/chromium/src/chrome/common/ipc_channel_win.cc, line 346
[Child 12404, Chrome_ChildThread] WARNING: pipe error: 109: file z:/build/build/src/ipc/chromium/src/chrome/common/ipc_channel_win.cc, line 346
Unable to read VR Path Registry from C:\Users\Administrator\AppData\Local\openvr\openvrpaths.vrpath
[GPU 13612, Chrome_ChildThread] WARNING: pipe error: 109: file z:/build/build/src/ipc/chromium/src/chrome/common/ipc_channel_win.cc, line 346

###!!! [Child][MessageChannel::SendAndWait] Error: (msgtype=0x4B0006,name=PImageBridge::Msg_WillClose) Channel error: cannot send/recv

Unable to read VR Path Registry from C:\Users\Administrator\AppData\Local\openvr\openvrpaths.vrpath
90_18560_22160&req=2&csor=3&pwd=se&cb=jQuery11020464238047201026_1533135327197&_=1533135327201, line 1: TypeError: jQuery11020464238047201026_1533135327197 is not a function
JavaScript error: https://sp0.baidu.com/5a1Fazu8AA54nxGko9WTAnF6hhy/su?wd=sele&json=1&p=3&sid=1441_21090_18560_22160&req=2&csor=4&pwd=sel&cb=jQuery11020464238047201026_1533135327197&_=1533135327202, line 1: TypeError: jQuery11020464238047201026_1533135327197 is not a function
JavaScript error: https://sp0.baidu.com/5a1Fazu8AA54nxGko9WTAnF6hhy/su?wd=selen&json=1&p=3&sid=1441_21090_18560_22160&req=2&csor=5&pwd=sele&cb=jQuery11020464238047201026_1533135327197&_=1533135327203, line 1: TypeError: jQuery11020464238047201026_1533135327197 is not a function
JavaScript error: https://sp0.baidu.com/5a1Fazu8AA54nxGko9WTAnF6hhy/su?wd=selenium&json=1&p=3&sid=1441_21090_18560_22160&req=2&csor=8&pwd=seleniu&cb=jQuery11020464238047201026_1533135327197&_=1533135327206, line 1: TypeError: jQuery11020464238047201026_1533135327197 is not a function
JavaScript error: https://sp0.baidu.com/5a1Fazu8AA54nxGko9WTAnF6hhy/su?wd=seleniu&json=1&p=3&sid=1441_21090_18560_22160&req=2&csor=7&pwd=seleni&cb=jQuery11020464238047201026_1533135327197&_=1533135327205, line 1: TypeError: jQuery11020464238047201026_1533135327197 is not a function
JavaScript error: https://sp0.baidu.com/5a1Fazu8AA54nxGko9WTAnF6hhy/su?wd=s&json=1&p=3&sid=1441_21090_18560_22160&req=2&csor=1&cb=jQuery11020464238047201026_1533135327197&_=1533135327199, line 1: TypeError: jQuery11020464238047201026_1533135327197 is not a function
JavaScript error: https://sp0.baidu.com/5a1Fazu8AA54nxGko9WTAnF6hhy/su?wd=seleni&json=1&p=3&sid=1441_21090_18560_22160&req=2&csor=6&pwd=selen&cb=jQuery11020464238047201026_1533135327197&_=1533135327204, line 1: TypeError: jQuery11020464238047201026_1533135327197 is not a function
JavaScript error: https://sp0.baidu.com/5a1Fazu8AA54nxGko9WTAnF6hhy/su?wd=p&json=1&p=3&sid=1441_21090_18560_22160&req=2&csor=1&cb=jQuery1102042719824125402983_1533135338210&_=1533135338212, line 1: TypeError: jQuery1102042719824125402983_1533135338210 is not a function
JavaScript error: https://sp0.baidu.com/5a1Fazu8AA54nxGko9WTAnF6hhy/su?wd=py&json=1&p=3&sid=1441_21090_18560_22160&req=2&csor=2&pwd=p&cb=jQuery1102042719824125402983_1533135338210&_=1533135338213, line 1: TypeError: jQuery1102042719824125402983_1533135338210 is not a function
JavaScript error: https://sp0.baidu.com/5a1Fazu8AA54nxGko9WTAnF6hhy/su?wd=pyt&json=1&p=3&sid=1441_21090_18560_22160&req=2&csor=3&pwd=py&cb=jQuery1102042719824125402983_1533135338210&_=1533135338214, line 1: TypeError: jQuery1102042719824125402983_1533135338210 is not a function
JavaScript error: https://sp0.baidu.com/5a1Fazu8AA54nxGko9WTAnF6hhy/su?wd=pytho&json=1&p=3&sid=1441_21090_18560_22160&req=2&csor=5&pwd=pyth&cb=jQuery1102042719824125402983_1533135338210&_=1533135338216, line 1: TypeError: jQuery1102042719824125402983_1533135338210 is not a function
JavaScript error: https://sp0.baidu.com/5a1Fazu8AA54nxGko9WTAnF6hhy/su?wd=python&json=1&p=3&sid=1441_21090_18560_22160&req=2&csor=6&pwd=pytho&cb=jQuery1102042719824125402983_1533135338210&_=1533135338217, line 1: TypeError: jQuery1102042719824125402983_1533135338210 is not a function
JavaScript error: https://sp0.baidu.com/5a1Fazu8AA54nxGko9WTAnF6hhy/su?wd=pyth&json=1&p=3&sid=1441_21090_18560_22160&req=2&csor=4&pwd=pyt&cb=jQuery1102042719824125402983_1533135338210&_=1533135338215, line 1: TypeError: jQuery1102042719824125402983_1533135338210 is not a function
Unable to read VR Path Registry from C:\Users\Administrator\AppData\Local\openvr\openvrpaths.vrpath
[Parent 14968, Gecko_IOThread] WARNING: pipe error: 109: file z:/build/build/src/ipc/chromium/src/chrome/common/ipc_channel_win.cc, line 346
Unable to read VR Path Registry from C:\Users\Administrator\AppData\Local\openvr\openvrpaths.vrpath
[Child 15528, Chrome_ChildThread] WARNING: pipe error: 109: file z:/build/build/src/ipc/chromium/src/chrome/common/ipc_channel_win.cc, line 346
[Child 15528, Chrome_ChildThread] WARNING: pipe error: 109: file z:/build/build/src/ipc/chromium/src/chrome/common/ipc_channel_win.cc, line 346
Unable to read VR Path Registry from C:\Users\Administrator\AppData\Local\openvr\openvrpaths.vrpath
[Child 15192, Chrome_ChildThread] WARNING: pipe error: 109: file z:/build/build/src/ipc/chromium/src/chrome/common/ipc_channel_win.cc, line 346
[Child 15192, Chrome_ChildThread] WARNING: pipe error: 109: file z:/build/build/src/ipc/chromium/src/chrome/common/ipc_channel_win.cc, line 346
*** UTM:SVC TimerManager:registerTimer called after profile-before-change notification. Ignoring timer registration for id: telemetry_modules_ping

###!!! [Child][MessageChannel::SendAndWait] Error: Channel error: cannot send/recv

1533135416463	geckodriver	INFO	geckodriver 0.20.1
1533135416494	geckodriver	INFO	Listening on 127.0.0.1:21705
1533135419551	mozrunner::runner	INFO	Running command: "D:\\Program Files (x86)\\Mozilla Firefox\\firefox.exe" "-marionette" "-profile" "C:\\Users\\ADMINI~1\\AppData\\Local\\Temp\\rust_mozprofile.ZTJXxERfTDmY"
1533135421017	Marionette	INFO	Enabled via --marionette
1533135423557	Marionette	INFO	Listening on port 21713
1533135423934	Marionette	WARN	TLS certificate errors will be ignored for this session
Unable to read VR Path Registry from C:\Users\Administrator\AppData\Local\openvr\openvrpaths.vrpath
JavaScript error: https://ss1.bdstatic.com/5eN1bjq8AAUYm2zgoY3K/r/www/cache/static/protocol/https/plugins/every_cookie_4644b13.js, line 4: ReferenceError: c is not defined
JavaScript error: https://sp0.baidu.com/5a1Fazu8AA54nxGko9WTAnF6hhy/su?wd=s&json=1&p=3&sid=1464_26909_21087_26350_26921_20927&req=2&csor=1&cb=jQuery110205605280867355334_1533135427282&_=1533135427284, line 1: TypeError: jQuery110205605280867355334_1533135427282 is not a function
JavaScript error: https://sp0.baidu.com/5a1Fazu8AA54nxGko9WTAnF6hhy/su?wd=se&json=1&p=3&sid=1464_26909_21087_26350_26921_20927&req=2&csor=2&pwd=s&cb=jQuery110205605280867355334_1533135427282&_=1533135427285, line 1: TypeError: jQuery110205605280867355334_1533135427282 is not a function
JavaScript error: https://sp0.baidu.com/5a1Fazu8AA54nxGko9WTAnF6hhy/su?wd=sel&json=1&p=3&sid=1464_26909_21087_26350_26921_20927&req=2&csor=3&pwd=se&cb=jQuery110205605280867355334_1533135427282&_=1533135427286, line 1: TypeError: jQuery110205605280867355334_1533135427282 is not a function
JavaScript error: https://sp0.baidu.com/5a1Fazu8AA54nxGko9WTAnF6hhy/su?wd=selenium&json=1&p=3&sid=1464_26909_21087_26350_26921_20927&req=2&csor=8&pwd=seleniu&cb=jQuery110205605280867355334_1533135427282&_=1533135427291, line 1: TypeError: jQuery110205605280867355334_1533135427282 is not a function
JavaScript error: https://sp0.baidu.com/5a1Fazu8AA54nxGko9WTAnF6hhy/su?wd=sele&json=1&p=3&sid=1464_26909_21087_26350_26921_20927&req=2&csor=4&pwd=sel&cb=jQuery110205605280867355334_1533135427282&_=1533135427287, line 1: TypeError: jQuery110205605280867355334_1533135427282 is not a function
JavaScript error: https://sp0.baidu.com/5a1Fazu8AA54nxGko9WTAnF6hhy/su?wd=selen&json=1&p=3&sid=1464_26909_21087_26350_26921_20927&req=2&csor=5&pwd=sele&cb=jQuery110205605280867355334_1533135427282&_=1533135427288, line 1: TypeError: jQuery110205605280867355334_1533135427282 is not a function
JavaScript error: https://sp0.baidu.com/5a1Fazu8AA54nxGko9WTAnF6hhy/su?wd=seleniu&json=1&p=3&sid=1464_26909_21087_26350_26921_20927&req=2&csor=7&pwd=seleni&cb=jQuery110205605280867355334_1533135427282&_=1533135427290, line 1: TypeError: jQuery110205605280867355334_1533135427282 is not a function
JavaScript error: https://sp0.baidu.com/5a1Fazu8AA54nxGko9WTAnF6hhy/su?wd=seleni&json=1&p=3&sid=1464_26909_21087_26350_26921_20927&req=2&csor=6&pwd=selen&cb=jQuery110205605280867355334_1533135427282&_=1533135427289, line 1: TypeError: jQuery110205605280867355334_1533135427282 is not a function
JavaScript error: https://sp0.baidu.com/5a1Fazu8AA54nxGko9WTAnF6hhy/su?wd=p&json=1&p=3&sid=1464_21087_26350_26921_20927&req=2&csor=1&cb=jQuery110206493181644964302_1533135440545&_=1533135440547, line 1: TypeError: jQuery110206493181644964302_1533135440545 is not a function
JavaScript error: https://sp0.baidu.com/5a1Fazu8AA54nxGko9WTAnF6hhy/su?wd=py&json=1&p=3&sid=1464_21087_26350_26921_20927&req=2&csor=2&pwd=p&cb=jQuery110206493181644964302_1533135440545&_=1533135440548, line 1: TypeError: jQuery110206493181644964302_1533135440545 is not a function
JavaScript error: https://sp0.baidu.com/5a1Fazu8AA54nxGko9WTAnF6hhy/su?wd=pytho&json=1&p=3&sid=1464_21087_26350_26921_20927&req=2&csor=5&pwd=pyth&cb=jQuery110206493181644964302_1533135440545&_=1533135440551, line 1: TypeError: jQuery110206493181644964302_1533135440545 is not a function
JavaScript error: https://sp0.baidu.com/5a1Fazu8AA54nxGko9WTAnF6hhy/su?wd=pyt&json=1&p=3&sid=1464_21087_26350_26921_20927&req=2&csor=3&pwd=py&cb=jQuery110206493181644964302_1533135440545&_=1533135440549, line 1: TypeError: jQuery110206493181644964302_1533135440545 is not a function
JavaScript error: https://sp0.baidu.com/5a1Fazu8AA54nxGko9WTAnF6hhy/su?wd=pyth&json=1&p=3&sid=1464_21087_26350_26921_20927&req=2&csor=4&pwd=pyt&cb=jQuery110206493181644964302_1533135440545&_=1533135440550, line 1: TypeError: jQuery110206493181644964302_1533135440545 is not a function
JavaScript error: https://sp0.baidu.com/5a1Fazu8AA54nxGko9WTAnF6hhy/su?wd=python&json=1&p=3&sid=1464_21087_26350_26921_20927&req=2&csor=6&pwd=pytho&cb=jQuery110206493181644964302_1533135440545&_=1533135440552, line 1: TypeError: jQuery110206493181644964302_1533135440545 is not a function
Unable to read VR Path Registry from C:\Users\Administrator\AppData\Local\openvr\openvrpaths.vrpath
[Child 12100, Chrome_ChildThread] WARNING: pipe error: 109: file z:/build/build/src/ipc/chromium/src/chrome/common/ipc_channel_win.cc, line 346
[Child 12100, Chrome_ChildThread] WARNING: pipe error: 109: file z:/build/build/src/ipc/chromium/src/chrome/common/ipc_channel_win.cc, line 346
1533135445089	addons.productaddons	WARN	Failed downloading via XHR, status: 0, reason: error
[Child 15788, Chrome_ChildThread] WARNING: pipe error: 109: file z:/build/build/src/ipc/chromium/src/chrome/common/ipc_channel_win.cc, line 346
[Child 15788, Chrome_ChildThread] WARNING: pipe error: 109: file z:/build/build/src/ipc/chromium/src/chrome/common/ipc_channel_win.cc, line 346
1533135445102	addons.productaddons	WARN	Failed downloading via XHR, status: 0, reason: error
Unable to read VR Path Registry from C:\Users\Administrator\AppData\Local\openvr\openvrpaths.vrpath
[Child 15668, Chrome_ChildThread] WARNING: pipe error: 109: file z:/build/build/src/ipc/chromium/src/chrome/common/ipc_channel_win.cc, line 346
[Child 15668, Chrome_ChildThread] WARNING: pipe error: 109: file z:/build/build/src/ipc/chromium/src/chrome/common/ipc_channel_win.cc, line 346
*** UTM:SVC TimerManager:registerTimer called after profile-before-change notification. Ignoring timer registration for id: telemetry_modules_ping
Unable to read VR Path Registry from C:\Users\Administrator\AppData\Local\openvr\openvrpaths.vrpath
[GPU 14604, Chrome_ChildThread] WARNING: pipe error: 109: file z:/build/build/src/ipc/chromium/src/chrome/common/ipc_channel_win.cc, line 346

###!!! [Child][MessageChannel::SendAndWait] Error: Channel error: cannot send/recv

Unable to read VR Path Registry from C:\Users\Administrator\AppData\Local\openvr\openvrpaths.vrpath
1533135477056	geckodriver	INFO	geckodriver 0.20.1
1533135477071	geckodriver	INFO	Listening on 127.0.0.1:21822
1533135480191	mozrunner::runner	INFO	Running command: "D:\\Program Files (x86)\\Mozilla Firefox\\firefox.exe" "-marionette" "-profile" "C:\\Users\\ADMINI~1\\AppData\\Local\\Temp\\rust_mozprofile.jZH4yfI2PEpw"
1533135481665	Marionette	INFO	Enabled via --marionette
1533135484065	Marionette	INFO	Listening on port 21830
1533135485772	Marionette	WARN	TLS certificate errors will be ignored for this session
Unable to read VR Path Registry from C:\Users\Administrator\AppData\Local\openvr\openvrpaths.vrpath
JavaScript error: https://ss1.bdstatic.com/5eN1bjq8AAUYm2zgoY3K/r/www/cache/static/protocol/https/plugins/every_cookie_4644b13.js, line 4: ReferenceError: c is not defined
JavaScript error: https://sp0.baidu.com/5a1Fazu8AA54nxGko9WTAnF6hhy/su?wd=s&json=1&p=3&sid=26937_1459_26963_21081_26350_26920_20930&req=2&csor=1&cb=jQuery110209253475436371177_1533135488471&_=1533135488473, line 1: TypeError: jQuery110209253475436371177_1533135488471 is not a function
JavaScript error: https://sp0.baidu.com/5a1Fazu8AA54nxGko9WTAnF6hhy/su?wd=se&json=1&p=3&sid=26937_1459_26963_21081_26350_26920_20930&req=2&csor=2&pwd=s&cb=jQuery110209253475436371177_1533135488471&_=1533135488474, line 1: TypeError: jQuery110209253475436371177_1533135488471 is not a function
JavaScript error: https://sp0.baidu.com/5a1Fazu8AA54nxGko9WTAnF6hhy/su?wd=sel&json=1&p=3&sid=26937_1459_26963_21081_26350_26920_20930&req=2&csor=3&pwd=se&cb=jQuery110209253475436371177_1533135488471&_=1533135488475, line 1: TypeError: jQuery110209253475436371177_1533135488471 is not a function
JavaScript error: https://sp0.baidu.com/5a1Fazu8AA54nxGko9WTAnF6hhy/su?wd=sele&json=1&p=3&sid=26937_1459_26963_21081_26350_26920_20930&req=2&csor=4&pwd=sel&cb=jQuery110209253475436371177_1533135488471&_=1533135488476, line 1: TypeError: jQuery110209253475436371177_1533135488471 is not a function
JavaScript error: https://sp0.baidu.com/5a1Fazu8AA54nxGko9WTAnF6hhy/su?wd=seleniu&json=1&p=3&sid=26937_1459_26963_21081_26350_26920_20930&req=2&csor=7&pwd=seleni&cb=jQuery110209253475436371177_1533135488471&_=1533135488479, line 1: TypeError: jQuery110209253475436371177_1533135488471 is not a function
JavaScript error: https://sp0.baidu.com/5a1Fazu8AA54nxGko9WTAnF6hhy/su?wd=selen&json=1&p=3&sid=26937_1459_26963_21081_26350_26920_20930&req=2&csor=5&pwd=sele&cb=jQuery110209253475436371177_1533135488471&_=1533135488477, line 1: TypeError: jQuery110209253475436371177_1533135488471 is not a function
JavaScript error: https://sp0.baidu.com/5a1Fazu8AA54nxGko9WTAnF6hhy/su?wd=selenium&json=1&p=3&sid=26937_1459_26963_21081_26350_26920_20930&req=2&csor=8&pwd=seleniu&cb=jQuery110209253475436371177_1533135488471&_=1533135488480, line 1: TypeError: jQuery110209253475436371177_1533135488471 is not a function
JavaScript error: https://sp0.baidu.com/5a1Fazu8AA54nxGko9WTAnF6hhy/su?wd=seleni&json=1&p=3&sid=26937_1459_26963_21081_26350_26920_20930&req=2&csor=6&pwd=selen&cb=jQuery110209253475436371177_1533135488471&_=1533135488478, line 1: TypeError: jQuery110209253475436371177_1533135488471 is not a function
JavaScript error: https://sp0.baidu.com/5a1Fazu8AA54nxGko9WTAnF6hhy/su?wd=pyt&json=1&p=3&sid=26937_1459_21081_26350_26920_20930&req=2&csor=3&pwd=py&cb=jQuery110203567930241960343_1533135498566&_=1533135498570, line 1: TypeError: jQuery110203567930241960343_1533135498566 is not a function
JavaScript error: https://sp0.baidu.com/5a1Fazu8AA54nxGko9WTAnF6hhy/su?wd=pyth&json=1&p=3&sid=26937_1459_21081_26350_26920_20930&req=2&csor=4&pwd=pyt&cb=jQuery110203567930241960343_1533135498566&_=1533135498571, line 1: TypeError: jQuery110203567930241960343_1533135498566 is not a function
JavaScript error: https://sp0.baidu.com/5a1Fazu8AA54nxGko9WTAnF6hhy/su?wd=pytho&json=1&p=3&sid=26937_1459_21081_26350_26920_20930&req=2&csor=5&pwd=pyth&cb=jQuery110203567930241960343_1533135498566&_=1533135498572, line 1: TypeError: jQuery110203567930241960343_1533135498566 is not a function
JavaScript error: https://sp0.baidu.com/5a1Fazu8AA54nxGko9WTAnF6hhy/su?wd=python&json=1&p=3&sid=26937_1459_21081_26350_26920_20930&req=2&csor=6&pwd=pytho&cb=jQuery110203567930241960343_1533135498566&_=1533135498573, line 1: TypeError: jQuery110203567930241960343_1533135498566 is not a function
Unable to read VR Path Registry from C:\Users\Administrator\AppData\Local\openvr\openvrpaths.vrpath
[Child 15288, Chrome_ChildThread] WARNING: pipe error: 109: file z:/build/build/src/ipc/chromium/src/chrome/common/ipc_channel_win.cc, line 346
[Child 15288, Chrome_ChildThread] WARNING: pipe error: 109: file z:/build/build/src/ipc/chromium/src/chrome/common/ipc_channel_win.cc, line 346
Unable to read VR Path Registry from C:\Users\Administrator\AppData\Local\openvr\openvrpaths.vrpath
[Parent 16140, Gecko_IOThread] WARNING: pipe error: 109: file z:/build/build/src/ipc/chromium/src/chrome/common/ipc_channel_win.cc, line 346
[Child 14500, Chrome_ChildThread] WARNING: pipe error: 109: file z:/build/build/src/ipc/chromium/src/chrome/common/ipc_channel_win.cc, line 346
[Child 14500, Chrome_ChildThread] WARNING: pipe error: 109: file z:/build/build/src/ipc/chromium/src/chrome/common/ipc_channel_win.cc, line 346
Unable to read VR Path Registry from C:\Users\Administrator\AppData\Local\openvr\openvrpaths.vrpath
[Child 14116, Chrome_ChildThread] WARNING: pipe error: 109: file z:/build/build/src/ipc/chromium/src/chrome/common/ipc_channel_win.cc, line 346
[Child 14116, Chrome_ChildThread] WARNING: pipe error: 109: file z:/build/build/src/ipc/chromium/src/chrome/common/ipc_channel_win.cc, line 346
*** UTM:SVC TimerManager:registerTimer called after profile-before-change notification. Ignoring timer registration for id: telemetry_modules_ping
Unable to read VR Path Registry from C:\Users\Administrator\AppData\Local\openvr\openvrpaths.vrpath
[GPU 4600, Chrome_ChildThread] WARNING: pipe error: 109: file z:/build/build/src/ipc/chromium/src/chrome/common/ipc_channel_win.cc, line 346
1533135717378	geckodriver	INFO	geckodriver 0.20.1
1533135717393	geckodriver	INFO	Listening on 127.0.0.1:22205
1533135720458	mozrunner::runner	INFO	Running command: "D:\\Program Files (x86)\\Mozilla Firefox\\firefox.exe" "-marionette" "-profile" "C:\\Users\\ADMINI~1\\AppData\\Local\\Temp\\rust_mozprofile.4gPttgeI0FHj"
1533135721999	Marionette	INFO	Enabled via --marionette
1533135724505	Marionette	INFO	Listening on port 22213
1533135725457	Marionette	WARN	TLS certificate errors will be ignored for this session
Unable to read VR Path Registry from C:\Users\Administrator\AppData\Local\openvr\openvrpaths.vrpath
JavaScript error: https://ss1.bdstatic.com/5eN1bjq8AAUYm2zgoY3K/r/www/cache/static/protocol/https/plugins/every_cookie_4644b13.js, line 4: ReferenceError: c is not defined
JavaScript error: https://sp0.baidu.com/5a1Fazu8AA54nxGko9WTAnF6hhy/su?wd=seleni&json=1&p=3&sid=1446_21103_26923_26807&req=2&csor=6&pwd=selen&cb=jQuery1102020012024342323198_1533135726274&_=1533135726281, line 1: TypeError: jQuery1102020012024342323198_1533135726274 is not a function
JavaScript error: https://sp0.baidu.com/5a1Fazu8AA54nxGko9WTAnF6hhy/su?wd=selenium&json=1&p=3&sid=1446_21103_26923_26807&req=2&csor=8&pwd=seleniu&cb=jQuery1102020012024342323198_1533135726274&_=1533135726283, line 1: TypeError: jQuery1102020012024342323198_1533135726274 is not a function
JavaScript error: https://sp0.baidu.com/5a1Fazu8AA54nxGko9WTAnF6hhy/su?wd=seleniu&json=1&p=3&sid=1446_21103_26923_26807&req=2&csor=7&pwd=seleni&cb=jQuery1102020012024342323198_1533135726274&_=1533135726282, line 1: TypeError: jQuery1102020012024342323198_1533135726274 is not a function
JavaScript error: https://sp0.baidu.com/5a1Fazu8AA54nxGko9WTAnF6hhy/su?wd=python&json=1&p=3&sid=1446_26908_21103_26923_26807&req=2&csor=6&pwd=pytho&cb=jQuery110209363746719956869_1533135737445&_=1533135737452, line 1: TypeError: jQuery110209363746719956869_1533135737445 is not a function
Unable to read VR Path Registry from C:\Users\Administrator\AppData\Local\openvr\openvrpaths.vrpath
[Child 13920, Chrome_ChildThread] WARNING: pipe error: 109: file z:/build/build/src/ipc/chromium/src/chrome/common/ipc_channel_win.cc, line 346
Unable to read VR Path Registry from C:\Users\Administrator\AppData\Local\openvr\openvrpaths.vrpath
[Child 14820, Chrome_ChildThread] WARNING: pipe error: 109: file z:/build/build/src/ipc/chromium/src/chrome/common/ipc_channel_win.cc, line 346
*** UTM:SVC TimerManager:registerTimer called after profile-before-change notification. Ignoring timer registration for id: telemetry_modules_ping

###!!! [Child][MessageChannel::SendAndWait] Error: Channel error: cannot send/recv

Unable to read VR Path Registry from C:\Users\Administrator\AppData\Local\openvr\openvrpaths.vrpath
1533135805154	geckodriver	INFO	geckodriver 0.20.1
1533135805186	geckodriver	INFO	Listening on 127.0.0.1:17876
1533135808257	mozrunner::runner	INFO	Running command: "D:\\Program Files (x86)\\Mozilla Firefox\\firefox.exe" "-marionette" "-profile" "C:\\Users\\ADMINI~1\\AppData\\Local\\Temp\\rust_mozprofile.iAqNTTW4rd2g"
1533135810035	Marionette	INFO	Enabled via --marionette
1533135812682	Marionette	INFO	Listening on port 17890
1533135812908	Marionette	WARN	TLS certificate errors will be ignored for this session
Unable to read VR Path Registry from C:\Users\Administrator\AppData\Local\openvr\openvrpaths.vrpath
JavaScript error: https://sp0.baidu.com/5a1Fazu8AA54nxGko9WTAnF6hhy/su?wd=seleni&json=1&p=3&sid=1459_26432_21086_26350_26924_20927&req=2&csor=6&pwd=selen&cb=jQuery1102008588278129568927_1533135815217&_=1533135815224, line 1: TypeError: jQuery1102008588278129568927_1533135815217 is not a function
JavaScript error: https://sp0.baidu.com/5a1Fazu8AA54nxGko9WTAnF6hhy/su?wd=sel&json=1&p=3&sid=1459_26432_21086_26350_26924_20927&req=2&csor=3&pwd=se&cb=jQuery1102008588278129568927_1533135815217&_=1533135815221, line 1: TypeError: jQuery1102008588278129568927_1533135815217 is not a function
JavaScript error: https://sp0.baidu.com/5a1Fazu8AA54nxGko9WTAnF6hhy/su?wd=sele&json=1&p=3&sid=1459_26432_21086_26350_26924_20927&req=2&csor=4&pwd=sel&cb=jQuery1102008588278129568927_1533135815217&_=1533135815222, line 1: TypeError: jQuery1102008588278129568927_1533135815217 is not a function
JavaScript error: https://sp0.baidu.com/5a1Fazu8AA54nxGko9WTAnF6hhy/su?wd=selen&json=1&p=3&sid=1459_26432_21086_26350_26924_20927&req=2&csor=5&pwd=sele&cb=jQuery1102008588278129568927_1533135815217&_=1533135815223, line 1: TypeError: jQuery1102008588278129568927_1533135815217 is not a function
JavaScript error: https://sp0.baidu.com/5a1Fazu8AA54nxGko9WTAnF6hhy/su?wd=seleniu&json=1&p=3&sid=1459_26432_21086_26350_26924_20927&req=2&csor=7&pwd=seleni&cb=jQuery1102008588278129568927_1533135815217&_=1533135815225, line 1: TypeError: jQuery1102008588278129568927_1533135815217 is not a function
JavaScript error: https://sp0.baidu.com/5a1Fazu8AA54nxGko9WTAnF6hhy/su?wd=selenium&json=1&p=3&sid=1459_26432_21086_26350_26924_20927&req=2&csor=8&pwd=seleniu&cb=jQuery1102008588278129568927_1533135815217&_=1533135815226, line 1: TypeError: jQuery1102008588278129568927_1533135815217 is not a function
JavaScript error: https://sp0.baidu.com/5a1Fazu8AA54nxGko9WTAnF6hhy/su?wd=pyth&json=1&p=3&sid=1459_26967_26432_21086_26350_26924_20927&req=2&csor=4&pwd=pyt&cb=jQuery1102013435254025349586_1533135824587&_=1533135824592, line 1: TypeError: jQuery1102013435254025349586_1533135824587 is not a function
JavaScript error: https://sp0.baidu.com/5a1Fazu8AA54nxGko9WTAnF6hhy/su?wd=pytho&json=1&p=3&sid=1459_26967_26432_21086_26350_26924_20927&req=2&csor=5&pwd=pyth&cb=jQuery1102013435254025349586_1533135824587&_=1533135824593, line 1: TypeError: jQuery1102013435254025349586_1533135824587 is not a function
JavaScript error: https://sp0.baidu.com/5a1Fazu8AA54nxGko9WTAnF6hhy/su?wd=python&json=1&p=3&sid=1459_26967_26432_21086_26350_26924_20927&req=2&csor=6&pwd=pytho&cb=jQuery1102013435254025349586_1533135824587&_=1533135824594, line 1: TypeError: jQuery1102013435254025349586_1533135824587 is not a function
Unable to read VR Path Registry from C:\Users\Administrator\AppData\Local\openvr\openvrpaths.vrpath
[Parent 17352, Gecko_IOThread] WARNING: pipe error: 109: file z:/build/build/src/ipc/chromium/src/chrome/common/ipc_channel_win.cc, line 346
Unable to read VR Path Registry from C:\Users\Administrator\AppData\Local\openvr\openvrpaths.vrpath
[Child 16208, Chrome_ChildThread] WARNING: pipe error: 109: file z:/build/build/src/ipc/chromium/src/chrome/common/ipc_channel_win.cc, line 346
[Parent 17352, Gecko_IOThread] WARNING: pipe error: 109: file z:/build/build/src/ipc/chromium/src/chrome/common/ipc_channel_win.cc, line 346
[Child 10756, Chrome_ChildThread] WARNING: pipe error: 109: file z:/build/build/src/ipc/chromium/src/chrome/common/ipc_channel_win.cc, line 346
Unable to read VR Path Registry from C:\Users\Administrator\AppData\Local\openvr\openvrpaths.vrpath
[Child 15164, Chrome_ChildThread] WARNING: pipe error: 109: file z:/build/build/src/ipc/chromium/src/chrome/common/ipc_channel_win.cc, line 346
*** UTM:SVC TimerManager:registerTimer called after profile-before-change notification. Ignoring timer registration for id: telemetry_modules_ping
Unable to read VR Path Registry from C:\Users\Administrator\AppData\Local\openvr\openvrpaths.vrpath
[GPU 16576, Chrome_ChildThread] WARNING: pipe error: 109: file z:/build/build/src/ipc/chromium/src/chrome/common/ipc_channel_win.cc, line 346

###!!! [Child][MessageChannel::SendAndWait] Error: Channel error: cannot send/recv

1533135887509	geckodriver	INFO	geckodriver 0.20.1
1533135887525	geckodriver	INFO	Listening on 127.0.0.1:17988
1533135890613	mozrunner::runner	INFO	Running command: "D:\\Program Files (x86)\\Mozilla Firefox\\firefox.exe" "-marionette" "-profile" "C:\\Users\\ADMINI~1\\AppData\\Local\\Temp\\rust_mozprofile.HRaKc6qQHA1A"
1533135892059	Marionette	INFO	Enabled via --marionette
1533135895266	Marionette	INFO	Listening on port 17996
1533135896429	Marionette	WARN	TLS certificate errors will be ignored for this session
Unable to read VR Path Registry from C:\Users\Administrator\AppData\Local\openvr\openvrpaths.vrpath
JavaScript error: https://ss1.bdstatic.com/5eN1bjq8AAUYm2zgoY3K/r/www/cache/static/protocol/https/plugins/every_cookie_4644b13.js, line 4: ReferenceError: c is not defined
JavaScript error: https://sp0.baidu.com/5a1Fazu8AA54nxGko9WTAnF6hhy/su?wd=se&json=1&p=3&sid=26939_1449_21127_26350_26921_26809&req=2&csor=2&pwd=s&cb=jQuery110209678100560792419_1533135897267&_=1533135897270, line 1: TypeError: jQuery110209678100560792419_1533135897267 is not a function
JavaScript error: https://sp0.baidu.com/5a1Fazu8AA54nxGko9WTAnF6hhy/su?wd=sel&json=1&p=3&sid=26939_1449_21127_26350_26921_26809&req=2&csor=3&pwd=se&cb=jQuery110209678100560792419_1533135897267&_=1533135897271, line 1: TypeError: jQuery110209678100560792419_1533135897267 is not a function
JavaScript error: https://sp0.baidu.com/5a1Fazu8AA54nxGko9WTAnF6hhy/su?wd=sele&json=1&p=3&sid=26939_1449_21127_26350_26921_26809&req=2&csor=4&pwd=sel&cb=jQuery110209678100560792419_1533135897267&_=1533135897272, line 1: TypeError: jQuery110209678100560792419_1533135897267 is not a function
JavaScript error: https://sp0.baidu.com/5a1Fazu8AA54nxGko9WTAnF6hhy/su?wd=selen&json=1&p=3&sid=26939_1449_21127_26350_26921_26809&req=2&csor=5&pwd=sele&cb=jQuery110209678100560792419_1533135897267&_=1533135897273, line 1: TypeError: jQuery110209678100560792419_1533135897267 is not a function
JavaScript error: https://sp0.baidu.com/5a1Fazu8AA54nxGko9WTAnF6hhy/su?wd=seleniu&json=1&p=3&sid=26939_1449_21127_26350_26921_26809&req=2&csor=7&pwd=seleni&cb=jQuery110209678100560792419_1533135897267&_=1533135897275, line 1: TypeError: jQuery110209678100560792419_1533135897267 is not a function
JavaScript error: https://sp0.baidu.com/5a1Fazu8AA54nxGko9WTAnF6hhy/su?wd=selenium&json=1&p=3&sid=26939_1449_21127_26350_26921_26809&req=2&csor=8&pwd=seleniu&cb=jQuery110209678100560792419_1533135897267&_=1533135897276, line 1: TypeError: jQuery110209678100560792419_1533135897267 is not a function
JavaScript error: https://sp0.baidu.com/5a1Fazu8AA54nxGko9WTAnF6hhy/su?wd=seleni&json=1&p=3&sid=26939_1449_21127_26350_26921_26809&req=2&csor=6&pwd=selen&cb=jQuery110209678100560792419_1533135897267&_=1533135897274, line 1: TypeError: jQuery110209678100560792419_1533135897267 is not a function
Unable to read VR Path Registry from C:\Users\Administrator\AppData\Local\openvr\openvrpaths.vrpath
[Parent 12084, Gecko_IOThread] WARNING: pipe error: 109: file z:/build/build/src/ipc/chromium/src/chrome/common/ipc_channel_win.cc, line 346
[Parent 12084, Gecko_IOThread] WARNING: pipe error: 109: file z:/build/build/src/ipc/chromium/src/chrome/common/ipc_channel_win.cc, line 346
Unable to read VR Path Registry from C:\Users\Administrator\AppData\Local\openvr\openvrpaths.vrpath
[Child 14776, Chrome_ChildThread] WARNING: pipe error: 109: file z:/build/build/src/ipc/chromium/src/chrome/common/ipc_channel_win.cc, line 346
[Child 14776, Chrome_ChildThread] WARNING: pipe error: 109: file z:/build/build/src/ipc/chromium/src/chrome/common/ipc_channel_win.cc, line 346
[Child 14800, Chrome_ChildThread] WARNING: pipe error: 109: file z:/build/build/src/ipc/chromium/src/chrome/common/ipc_channel_win.cc, line 346
Unable to read VR Path Registry from C:\Users\Administrator\AppData\Local\openvr\openvrpaths.vrpath
[Child 16420, Chrome_ChildThread] WARNING: pipe error: 109: file z:/build/build/src/ipc/chromium/src/chrome/common/ipc_channel_win.cc, line 346
[Child 16420, Chrome_ChildThread] WARNING: pipe error: 109: file z:/build/build/src/ipc/chromium/src/chrome/common/ipc_channel_win.cc, line 346
*** UTM:SVC TimerManager:registerTimer called after profile-before-change notification. Ignoring timer registration for id: telemetry_modules_ping

###!!! [Child][MessageChannel::SendAndWait] Error: Channel error: cannot send/recv

1533135931410	geckodriver	INFO	geckodriver 0.20.1
1533135931426	geckodriver	INFO	Listening on 127.0.0.1:18072
1533135934515	mozrunner::runner	INFO	Running command: "D:\\Program Files (x86)\\Mozilla Firefox\\firefox.exe" "-marionette" "-profile" "C:\\Users\\ADMINI~1\\AppData\\Local\\Temp\\rust_mozprofile.XM25zzBCsTaz"
1533135936026	Marionette	INFO	Enabled via --marionette
1533135938388	Marionette	INFO	Listening on port 18080
1533135938455	Marionette	WARN	TLS certificate errors will be ignored for this session
Unable to read VR Path Registry from C:\Users\Administrator\AppData\Local\openvr\openvrpaths.vrpath
JavaScript error: https://ss1.bdstatic.com/5eN1bjq8AAUYm2zgoY3K/r/www/cache/static/protocol/https/plugins/every_cookie_4644b13.js, line 4: ReferenceError: c is not defined
JavaScript error: https://sp0.baidu.com/5a1Fazu8AA54nxGko9WTAnF6hhy/su?wd=sel&json=1&p=3&sid=1468_21116_20928&req=2&csor=3&pwd=se&cb=jQuery110208479233092269503_1533135939804&_=1533135939808, line 1: TypeError: jQuery110208479233092269503_1533135939804 is not a function
JavaScript error: https://sp0.baidu.com/5a1Fazu8AA54nxGko9WTAnF6hhy/su?wd=s&json=1&p=3&sid=1468_21116_20928&req=2&csor=1&cb=jQuery110208479233092269503_1533135939804&_=1533135939806, line 1: TypeError: jQuery110208479233092269503_1533135939804 is not a function
JavaScript error: https://sp0.baidu.com/5a1Fazu8AA54nxGko9WTAnF6hhy/su?wd=se&json=1&p=3&sid=1468_21116_20928&req=2&csor=2&pwd=s&cb=jQuery110208479233092269503_1533135939804&_=1533135939807, line 1: TypeError: jQuery110208479233092269503_1533135939804 is not a function
JavaScript error: https://sp0.baidu.com/5a1Fazu8AA54nxGko9WTAnF6hhy/su?wd=sele&json=1&p=3&sid=1468_21116_20928&req=2&csor=4&pwd=sel&cb=jQuery110208479233092269503_1533135939804&_=1533135939809, line 1: TypeError: jQuery110208479233092269503_1533135939804 is not a function
JavaScript error: https://sp0.baidu.com/5a1Fazu8AA54nxGko9WTAnF6hhy/su?wd=selen&json=1&p=3&sid=1468_21116_20928&req=2&csor=5&pwd=sele&cb=jQuery110208479233092269503_1533135939804&_=1533135939810, line 1: TypeError: jQuery110208479233092269503_1533135939804 is not a function
JavaScript error: https://sp0.baidu.com/5a1Fazu8AA54nxGko9WTAnF6hhy/su?wd=seleni&json=1&p=3&sid=1468_21116_20928&req=2&csor=6&pwd=selen&cb=jQuery110208479233092269503_1533135939804&_=1533135939811, line 1: TypeError: jQuery110208479233092269503_1533135939804 is not a function
JavaScript error: https://sp0.baidu.com/5a1Fazu8AA54nxGko9WTAnF6hhy/su?wd=selenium&json=1&p=3&sid=1468_21116_20928&req=2&csor=8&pwd=seleniu&cb=jQuery110208479233092269503_1533135939804&_=1533135939813, line 1: TypeError: jQuery110208479233092269503_1533135939804 is not a function
JavaScript error: https://sp0.baidu.com/5a1Fazu8AA54nxGko9WTAnF6hhy/su?wd=seleniu&json=1&p=3&sid=1468_21116_20928&req=2&csor=7&pwd=seleni&cb=jQuery110208479233092269503_1533135939804&_=1533135939812, line 1: TypeError: jQuery110208479233092269503_1533135939804 is not a function
Unable to read VR Path Registry from C:\Users\Administrator\AppData\Local\openvr\openvrpaths.vrpath
[Child 15256, Chrome_ChildThread] WARNING: pipe error: 109: file z:/build/build/src/ipc/chromium/src/chrome/common/ipc_channel_win.cc, line 346
[Child 15256, Chrome_ChildThread] WARNING: pipe error: 109: file z:/build/build/src/ipc/chromium/src/chrome/common/ipc_channel_win.cc, line 346
IPDL protocol error: Handler returned error code!

###!!! [Parent][DispatchAsyncMessage] Error: PLayerTransaction::Msg_ReleaseLayer Processing error: message was deserialized, but the handler returned false (indicating failure)

IPDL protocol error: Handler returned error code!

###!!! [Parent][DispatchAsyncMessage] Error: PLayerTransaction::Msg_ReleaseLayer Processing error: message was deserialized, but the handler returned false (indicating failure)

IPDL protocol error: Handler returned error code!

###!!! [Parent][DispatchAsyncMessage] Error: PLayerTransaction::Msg_ReleaseLayer Processing error: message was deserialized, but the handler returned false (indicating failure)

IPDL protocol error: Handler returned error code!

###!!! [Parent][DispatchAsyncMessage] Error: PLayerTransaction::Msg_ReleaseLayer Processing error: message was deserialized, but the handler returned false (indicating failure)

[Child 13928, Chrome_ChildThread] WARNING: pipe error: 109: file z:/build/build/src/ipc/chromium/src/chrome/common/ipc_channel_win.cc, line 346
[Child 13928, Chrome_ChildThread] WARNING: pipe error: 109: file z:/build/build/src/ipc/chromium/src/chrome/common/ipc_channel_win.cc, line 346
Unable to read VR Path Registry from C:\Users\Administrator\AppData\Local\openvr\openvrpaths.vrpath
[Child 17208, Chrome_ChildThread] WARNING: pipe error: 109: file z:/build/build/src/ipc/chromium/src/chrome/common/ipc_channel_win.cc, line 346
[Child 17208, Chrome_ChildThread] WARNING: pipe error: 109: file z:/build/build/src/ipc/chromium/src/chrome/common/ipc_channel_win.cc, line 346
*** UTM:SVC TimerManager:registerTimer called after profile-before-change notification. Ignoring timer registration for id: telemetry_modules_ping
Unable to read VR Path Registry from C:\Users\Administrator\AppData\Local\openvr\openvrpaths.vrpath
[GPU 15072, Chrome_ChildThread] WARNING: pipe error: 109: file z:/build/build/src/ipc/chromium/src/chrome/common/ipc_channel_win.cc, line 346

###!!! [Child][MessageChannel::SendAndWait] Error: Channel error: cannot send/recv

Unable to read VR Path Registry from C:\Users\Administrator\AppData\Local\openvr\openvrpaths.vrpath
1533135983604	geckodriver	INFO	geckodriver 0.20.1
1533135983635	geckodriver	INFO	Listening on 127.0.0.1:18148
1533135986709	mozrunner::runner	INFO	Running command: "D:\\Program Files (x86)\\Mozilla Firefox\\firefox.exe" "-marionette" "-profile" "C:\\Users\\ADMINI~1\\AppData\\Local\\Temp\\rust_mozprofile.fMLJZAmMoDHU"
1533135988134	Marionette	INFO	Enabled via --marionette
1533135990457	Marionette	INFO	Listening on port 18159
1533135990545	Marionette	WARN	TLS certificate errors will be ignored for this session
Unable to read VR Path Registry from C:\Users\Administrator\AppData\Local\openvr\openvrpaths.vrpath
JavaScript error: https://ss1.bdstatic.com/5eN1bjq8AAUYm2zgoY3K/r/www/cache/static/protocol/https/plugins/every_cookie_4644b13.js, line 4: ReferenceError: c is not defined
JavaScript error: https://sp0.baidu.com/5a1Fazu8AA54nxGko9WTAnF6hhy/su?wd=sel&json=1&p=3&sid=1433_21099_18559_26350_26924_22160&req=2&csor=3&pwd=se&cb=jQuery110206541168330738134_1533135993417&_=1533135993421, line 1: TypeError: jQuery110206541168330738134_1533135993417 is not a function
JavaScript error: https://sp0.baidu.com/5a1Fazu8AA54nxGko9WTAnF6hhy/su?wd=sele&json=1&p=3&sid=1433_21099_18559_26350_26924_22160&req=2&csor=4&pwd=sel&cb=jQuery110206541168330738134_1533135993417&_=1533135993422, line 1: TypeError: jQuery110206541168330738134_1533135993417 is not a function
JavaScript error: https://sp0.baidu.com/5a1Fazu8AA54nxGko9WTAnF6hhy/su?wd=seleniu&json=1&p=3&sid=1433_21099_18559_26350_26924_22160&req=2&csor=7&pwd=seleni&cb=jQuery110206541168330738134_1533135993417&_=1533135993425, line 1: TypeError: jQuery110206541168330738134_1533135993417 is not a function
JavaScript error: https://sp0.baidu.com/5a1Fazu8AA54nxGko9WTAnF6hhy/su?wd=selen&json=1&p=3&sid=1433_21099_18559_26350_26924_22160&req=2&csor=5&pwd=sele&cb=jQuery110206541168330738134_1533135993417&_=1533135993423, line 1: TypeError: jQuery110206541168330738134_1533135993417 is not a function
JavaScript error: https://sp0.baidu.com/5a1Fazu8AA54nxGko9WTAnF6hhy/su?wd=selenium&json=1&p=3&sid=1433_21099_18559_26350_26924_22160&req=2&csor=8&pwd=seleniu&cb=jQuery110206541168330738134_1533135993417&_=1533135993426, line 1: TypeError: jQuery110206541168330738134_1533135993417 is not a function
JavaScript error: https://sp0.baidu.com/5a1Fazu8AA54nxGko9WTAnF6hhy/su?wd=seleni&json=1&p=3&sid=1433_21099_18559_26350_26924_22160&req=2&csor=6&pwd=selen&cb=jQuery110206541168330738134_1533135993417&_=1533135993424, line 1: TypeError: jQuery110206541168330738134_1533135993417 is not a function
Unable to read VR Path Registry from C:\Users\Administrator\AppData\Local\openvr\openvrpaths.vrpath
[Child 15196, Chrome_ChildThread] WARNING: pipe error: 109: file z:/build/build/src/ipc/chromium/src/chrome/common/ipc_channel_win.cc, line 346
[Child 15196, Chrome_ChildThread] WARNING: pipe error: 109: file z:/build/build/src/ipc/chromium/src/chrome/common/ipc_channel_win.cc, line 346
[Child 16176, Chrome_ChildThread] WARNING: pipe error: 109: file z:/build/build/src/ipc/chromium/src/chrome/common/ipc_channel_win.cc, line 346
Unable to read VR Path Registry from C:\Users\Administrator\AppData\Local\openvr\openvrpaths.vrpath
[Child 15040, Chrome_ChildThread] WARNING: pipe error: 109: file z:/build/build/src/ipc/chromium/src/chrome/common/ipc_channel_win.cc, line 346
[Child 15040, Chrome_ChildThread] WARNING: pipe error: 109: file z:/build/build/src/ipc/chromium/src/chrome/common/ipc_channel_win.cc, line 346
*** UTM:SVC TimerManager:registerTimer called after profile-before-change notification. Ignoring timer registration for id: telemetry_modules_ping

###!!! [Child][MessageChannel::SendAndWait] Error: Channel error: cannot send/recv

Unable to read VR Path Registry from C:\Users\Administrator\AppData\Local\openvr\openvrpaths.vrpath
